Log file open, 12/18/18 18:49:32
LogWindows: Failed to load 'aqProf.dll' (GetLastError=126)
LogWindows: File 'aqProf.dll' does not exist
LogWindows: Failed to load 'VtuneApi.dll' (GetLastError=126)
LogWindows: File 'VtuneApi.dll' does not exist
LogWindows: Failed to load 'VtuneApi32e.dll' (GetLastError=126)
LogWindows: File 'VtuneApi32e.dll' does not exist
LogConsoleResponse: Display: Failed to find resolution value strings in scalability ini. Falling back to default.
LogInit: Display: Running engine for game: BodyTech
LogPakFile: Registered encryption key '00000000000000000000000000000000': 0 pak files mounted, 0 remain pending
LogPlatformFile: Not using cached read wrapper
LogTaskGraph: Started task graph with 5 named threads and 14 total threads with 3 sets of task threads.
LogStats: Stats thread started at 13.629335
LogD3D11RHI: Loaded GFSDK_Aftermath_Lib.x64.dll
LogICUInternationalization: ICU TimeZone Detection - Raw Offset: +10:00, Platform Override: ''
LogPluginManager: Mounting plugin Paper2D
LogPluginManager: Mounting plugin AISupport
LogPluginManager: Mounting plugin LightPropagationVolume
LogPluginManager: Mounting plugin ActorLayerUtilities
LogPluginManager: Mounting plugin CLionSourceCodeAccess
LogPluginManager: Mounting plugin CodeLiteSourceCodeAccess
LogPluginManager: Mounting plugin GitSourceControl
LogPluginManager: Mounting plugin KDevelopSourceCodeAccess
LogPluginManager: Mounting plugin NullSourceCodeAccess
LogPluginManager: Mounting plugin PerforceSourceControl
LogPluginManager: Mounting plugin SubversionSourceControl
LogPluginManager: Mounting plugin UObjectPlugin
LogPluginManager: Mounting plugin VisualStudioCodeSourceCodeAccess
LogPluginManager: Mounting plugin VisualStudioSourceCodeAccess
LogPluginManager: Mounting plugin XCodeSourceCodeAccess
LogPluginManager: Mounting plugin AssetManagerEditor
LogPluginManager: Mounting plugin CryptoKeys
LogPluginManager: Mounting plugin DataValidation
LogPluginManager: Mounting plugin FacialAnimation
LogPluginManager: Mounting plugin GameplayTagsEditor
LogPluginManager: Mounting plugin MacGraphicsSwitching
LogPluginManager: Mounting plugin MeshEditor
LogPluginManager: Mounting plugin MobileLauncherProfileWizard
LogPluginManager: Mounting plugin PluginBrowser
LogPluginManager: Mounting plugin SpeedTreeImporter
LogPluginManager: Mounting plugin DatasmithContent
LogPluginManager: Mounting plugin VariantManagerContent
LogPluginManager: Mounting plugin AlembicImporter
LogPluginManager: Mounting plugin AppleImageUtils
LogPluginManager: Mounting plugin AppleVision
LogPluginManager: Mounting plugin BackChannel
LogPluginManager: Mounting plugin CharacterAI
LogPluginManager: Mounting plugin GeometryCache
LogPluginManager: Mounting plugin HTML5Networking
LogPluginManager: Mounting plugin ProxyLODPlugin
LogPluginManager: Mounting plugin MagicLeap
LogPluginManager: Mounting plugin MagicLeapMedia
LogPluginManager: Mounting plugin Substance
LogPluginManager: Mounting plugin AndroidMedia
LogPluginManager: Mounting plugin AvfMedia
LogPluginManager: Mounting plugin ImgMedia
LogPluginManager: Mounting plugin LinearTimecode
LogPluginManager: Mounting plugin MediaCompositing
LogPluginManager: Mounting plugin MediaPlayerEditor
LogPluginManager: Mounting plugin WebMMedia
LogPluginManager: Mounting plugin WmfMedia
LogPluginManager: Mounting plugin TcpMessaging
LogPluginManager: Mounting plugin UdpMessaging
LogPluginManager: Mounting plugin ActorSequence
LogPluginManager: Mounting plugin LevelSequenceEditor
LogPluginManager: Mounting plugin MatineeToLevelSequence
LogPluginManager: Mounting plugin NetcodeUnitTest
LogPluginManager: Mounting plugin NUTUnrealEngine4
LogPluginManager: Mounting plugin OnlineSubsystemGooglePlay
LogPluginManager: Mounting plugin OnlineSubsystemIOS
LogPluginManager: Mounting plugin OnlineSubsystem
LogPluginManager: Mounting plugin OnlineSubsystemNull
LogPluginManager: Mounting plugin OnlineSubsystemUtils
LogPluginManager: Mounting plugin LauncherChunkInstaller
LogPluginManager: Mounting plugin AndroidDeviceProfileSelector
LogPluginManager: Mounting plugin AndroidMoviePlayer
LogPluginManager: Mounting plugin AndroidPermission
LogPluginManager: Mounting plugin AppleMoviePlayer
LogPluginManager: Mounting plugin ArchVisCharacter
LogPluginManager: Mounting plugin AudioCapture
LogPluginManager: Mounting plugin CableComponent
LogPluginManager: Mounting plugin CustomMeshComponent
LogPluginManager: Mounting plugin EditableMesh
LogPluginManager: Mounting plugin ExampleDeviceProfileSelector
LogPluginManager: Mounting plugin Firebase
LogPluginManager: Mounting plugin GoogleCloudMessaging
LogPluginManager: Mounting plugin IOSDeviceProfileSelector
LogPluginManager: Mounting plugin LinuxDeviceProfileSelector
LogPluginManager: Mounting plugin LocationServicesBPLibrary
LogPluginManager: Mounting plugin MobilePatchingUtils
LogPluginManager: Mounting plugin OculusVR
LogPluginManager: Mounting plugin PhysXVehicles
LogPluginManager: Mounting plugin ProceduralMeshComponent
LogPluginManager: Mounting plugin RuntimePhysXCooking
LogPluginManager: Mounting plugin SteamVR
LogPluginManager: Mounting plugin WebMMoviePlayer
LogPluginManager: Mounting plugin WindowsMoviePlayer
LogStreaming: Display: Took  0.546s to configure plugins.
LogInit: Using libcurl 7.55.1-DEV
LogInit:  - built for x86_64-pc-win32
LogInit:  - supports SSL with OpenSSL/1.0.2h
LogInit:  - supports HTTP deflate (compression) using libz 1.2.8
LogInit:  - other features:
LogInit:      CURL_VERSION_SSL
LogInit:      CURL_VERSION_LIBZ
LogInit:      CURL_VERSION_IPV6
LogInit:      CURL_VERSION_ASYNCHDNS
LogInit:      CURL_VERSION_LARGEFILE
LogInit:      CURL_VERSION_IDN
LogInit:  CurlRequestOptions (configurable via config and command line):
LogInit:  - bVerifyPeer = true  - Libcurl will verify peer certificate
LogInit:  - bUseHttpProxy = false  - Libcurl will NOT use HTTP proxy
LogInit:  - bDontReuseConnections = false  - Libcurl will reuse connections
LogInit:  - MaxHostConnections = 16  - Libcurl will limit the number of connections to a host
LogInit:  - LocalHostAddr = Default
LogInit:  - BufferSize = 65536
LogInit: WinSock: version 1.1 (2.2), MaxSocks=32767, MaxUdp=65467
LogHMD: Failed initializing OVRPlugin 1.28.0
LogInit: Build: ++UE4+Release-4.21-CL-4613538
LogInit: Engine Version: 4.21.1-4613538+++UE4+Release-4.21
LogInit: Compatible Engine Version: 4.21.0-4541578+++UE4+Release-4.21
LogInit: Net CL: 4541578
LogInit: OS: Windows 10 (), CPU: Intel(R) Core(TM) i5-4570 CPU @ 3.20GHz, GPU: NVIDIA GeForce GTX 1060 6GB
LogInit: Compiled (64-bit): Nov 30 2018 04:13:25
LogInit: Compiled with Visual C++: 19.13.26129.00
LogInit: Build Configuration: Development
LogInit: Branch Name: ++UE4+Release-4.21
LogInit: Command Line: 
LogInit: Base Directory: D:/UE4/UE_4.21/Engine/Binaries/Win64/
LogInit: Installed Engine Build: 1
LogDevObjectVersion: Number of dev versions registered: 22
LogDevObjectVersion:   Dev-Blueprints (B0D832E4-1F89-4F0D-ACCF-7EB736FD4AA2): 10
LogDevObjectVersion:   Dev-Build (E1C64328-A22C-4D53-A36C-8E866417BD8C): 0
LogDevObjectVersion:   Dev-Core (375EC13C-06E4-48FB-B500-84F0262A717E): 2
LogDevObjectVersion:   Dev-Editor (E4B068ED-F494-42E9-A231-DA0B2E46BB41): 26
LogDevObjectVersion:   Dev-Framework (CFFC743F-43B0-4480-9391-14DF171D2073): 34
LogDevObjectVersion:   Dev-Mobile (B02B49B5-BB20-44E9-A304-32B752E40360): 2
LogDevObjectVersion:   Dev-Networking (A4E4105C-59A1-49B5-A7C5-40C4547EDFEE): 0
LogDevObjectVersion:   Dev-Online (39C831C9-5AE6-47DC-9A44-9C173E1C8E7C): 0
LogDevObjectVersion:   Dev-Physics (78F01B33-EBEA-4F98-B9B4-84EACCB95AA2): 0
LogDevObjectVersion:   Dev-Platform (6631380F-2D4D-43E0-8009-CF276956A95A): 0
LogDevObjectVersion:   Dev-Rendering (12F88B9F-8875-4AFC-A67C-D90C383ABD29): 27
LogDevObjectVersion:   Dev-Sequencer (7B5AE74C-D270-4C10-A958-57980B212A5A): 9
LogDevObjectVersion:   Dev-VR (D7296918-1DD6-4BDD-9DE2-64A83CC13884): 2
LogDevObjectVersion:   Dev-LoadTimes (C2A15278-BFE7-4AFE-6C17-90FF531DF755): 1
LogDevObjectVersion:   Private-Geometry (6EACA3D4-40EC-4CC1-B786-8BED09428FC5): 3
LogDevObjectVersion:   Dev-AnimPhys (29E575DD-E0A3-4627-9D10-D276232CDCEA): 17
LogDevObjectVersion:   Dev-Anim (AF43A65D-7FD3-4947-9873-3E8ED9C1BB05): 2
LogDevObjectVersion:   Dev-ReflectionCapture (6B266CEC-1EC7-4B8F-A30B-E4D90942FC07): 1
LogDevObjectVersion:   Dev-Automation (0DF73D61-A23F-47EA-B727-89E90C41499A): 1
LogDevObjectVersion:   FortniteMain (601D1886-AC64-4F84-AA16-D3DE0DEAC7D6): 17
LogDevObjectVersion:   Dev-Enterprise (9DFFBCD6-494F-0158-E221-12823C92A888): 4
LogDevObjectVersion:   Dev-Niagara (F2AED0AC-9AFE-416F-8664-AA7FFA26D6FC): 1
LogStreaming: Display: Took  0.002s to delete old logs.
LogInit: Presizing for max 8388607 objects, including 0 objects not considered by GC, pre-allocating 0 bytes for permanent pool.
LogInit: Object subsystem initialized
LogConfig: Setting CVar [[con.DebugEarlyDefault:1]]
LogConfig: Setting CVar [[r.setres:1280x720]]
[2018.12.18-07.49.39:112][  0]LogConfig: Setting CVar [[r.VSync:0]]
[2018.12.18-07.49.39:112][  0]LogConfig: Setting CVar [[r.RHICmdBypass:0]]
[2018.12.18-07.49.39:112][  0]LogConfig: Applying CVar settings from Section [/Script/Engine.RendererSettings] File [C:/Users/Alex/Documents/Unreal Projects/BodyTech 4.21/Saved/Config/Windows/Engine.ini]
[2018.12.18-07.49.39:112][  0]LogConfig: Setting CVar [[r.GPUCrashDebugging:0]]
[2018.12.18-07.49.39:112][  0]LogConfig: Setting CVar [[r.MobileHDR:1]]
[2018.12.18-07.49.39:112][  0]LogConfig: Setting CVar [[r.MobileNumDynamicPointLights:4]]
[2018.12.18-07.49.39:112][  0]LogConfig: Setting CVar [[r.MobileDynamicPointLightsUseStaticBranch:1]]
[2018.12.18-07.49.39:112][  0]LogConfig: Setting CVar [[r.AllowOcclusionQueries:1]]
[2018.12.18-07.49.39:112][  0]LogConfig: Setting CVar [[r.MinScreenRadiusForLights:0.030000]]
[2018.12.18-07.49.39:112][  0]LogConfig: Setting CVar [[r.MinScreenRadiusForDepthPrepass:0.030000]]
[2018.12.18-07.49.39:112][  0]LogConfig: Setting CVar [[r.PrecomputedVisibilityWarning:0]]
[2018.12.18-07.49.39:112][  0]LogConfig: Setting CVar [[r.TextureStreaming:1]]
[2018.12.18-07.49.39:112][  0]LogConfig: Setting CVar [[Compat.UseDXT5NormalMaps:0]]
[2018.12.18-07.49.39:112][  0]LogConfig: Setting CVar [[r.AllowStaticLighting:1]]
[2018.12.18-07.49.39:112][  0]LogConfig: Setting CVar [[r.NormalMapsForStaticLighting:0]]
[2018.12.18-07.49.39:112][  0]LogConfig: Setting CVar [[r.GenerateMeshDistanceFields:0]]
[2018.12.18-07.49.39:112][  0]LogConfig: Setting CVar [[r.GenerateLandscapeGIData:1]]
[2018.12.18-07.49.39:112][  0]LogConfig: Setting CVar [[r.TessellationAdaptivePixelsPerTriangle:48.000000]]
[2018.12.18-07.49.39:113][  0]LogConfig: Setting CVar [[r.SeparateTranslucency:1]]
[2018.12.18-07.49.39:113][  0]LogConfig: Setting CVar [[r.TranslucentSortPolicy:0]]
[2018.12.18-07.49.39:113][  0]LogConfig: Setting CVar [[r.CustomDepth:1]]
[2018.12.18-07.49.39:113][  0]LogConfig: Setting CVar [[r.DefaultFeature.Bloom:1]]
[2018.12.18-07.49.39:113][  0]LogConfig: Setting CVar [[r.DefaultFeature.AmbientOcclusion:1]]
[2018.12.18-07.49.39:113][  0]LogConfig: Setting CVar [[r.DefaultFeature.AmbientOcclusionStaticFraction:1]]
[2018.12.18-07.49.39:113][  0]LogConfig: Setting CVar [[r.DefaultFeature.AutoExposure:1]]
[2018.12.18-07.49.39:113][  0]LogConfig: Setting CVar [[r.DefaultFeature.MotionBlur:1]]
[2018.12.18-07.49.39:113][  0]LogConfig: Setting CVar [[r.DefaultFeature.LensFlare:1]]
[2018.12.18-07.49.39:113][  0]LogConfig: Setting CVar [[r.DefaultFeature.AntiAliasing:2]]
[2018.12.18-07.49.39:113][  0]LogConfig: Setting CVar [[r.EarlyZPass:3]]
[2018.12.18-07.49.39:113][  0]LogConfig: Setting CVar [[r.EarlyZPassMovable:0]]
[2018.12.18-07.49.39:113][  0]LogConfig: Setting CVar [[r.DBuffer:0]]
[2018.12.18-07.49.39:113][  0]LogConfig: Setting CVar [[r.ClearSceneMethod:1]]
[2018.12.18-07.49.39:113][  0]LogConfig: Setting CVar [[r.BasePassOutputsVelocity:0]]
[2018.12.18-07.49.39:113][  0]LogConfig: Setting CVar [[r.WireframeCullThreshold:5.000000]]
[2018.12.18-07.49.39:113][  0]LogConfig: Applying CVar settings from Section [/Script/Engine.RendererOverrideSettings] File [C:/Users/Alex/Documents/Unreal Projects/BodyTech 4.21/Saved/Config/Windows/Engine.ini]
[2018.12.18-07.49.39:113][  0]LogConfig: Applying CVar settings from Section [/Script/Engine.StreamingSettings] File [C:/Users/Alex/Documents/Unreal Projects/BodyTech 4.21/Saved/Config/Windows/Engine.ini]
[2018.12.18-07.49.39:113][  0]LogConfig: Setting CVar [[s.MinBulkDataSizeForAsyncLoading:131072]]
[2018.12.18-07.49.39:113][  0]LogConfig: Setting CVar [[s.AsyncLoadingThreadEnabled:0]]
[2018.12.18-07.49.39:113][  0]LogConfig: Setting CVar [[s.EventDrivenLoaderEnabled:1]]
[2018.12.18-07.49.39:113][  0]LogConfig: Setting CVar [[s.WarnIfTimeLimitExceeded:0]]
[2018.12.18-07.49.39:113][  0]LogConfig: Setting CVar [[s.TimeLimitExceededMultiplier:1.5]]
[2018.12.18-07.49.39:113][  0]LogConfig: Setting CVar [[s.TimeLimitExceededMinTime:0.005]]
[2018.12.18-07.49.39:113][  0]LogConfig: Setting CVar [[s.UseBackgroundLevelStreaming:1]]
[2018.12.18-07.49.39:113][  0]LogConfig: Setting CVar [[s.PriorityAsyncLoadingExtraTime:15.0]]
[2018.12.18-07.49.39:113][  0]LogConfig: Setting CVar [[s.LevelStreamingActorsUpdateTimeLimit:5.0]]
[2018.12.18-07.49.39:113][  0]LogConfig: Setting CVar [[s.PriorityLevelStreamingActorsUpdateExtraTime:5.0]]
[2018.12.18-07.49.39:113][  0]LogConfig: Setting CVar [[s.LevelStreamingComponentsRegistrationGranularity:10]]
[2018.12.18-07.49.39:113][  0]LogConfig: Setting CVar [[s.UnregisterComponentsTimeLimit:1.0]]
[2018.12.18-07.49.39:113][  0]LogConfig: Setting CVar [[s.LevelStreamingComponentsUnregistrationGranularity:5]]
[2018.12.18-07.49.39:113][  0]LogConfig: Applying CVar settings from Section [/Script/Engine.GarbageCollectionSettings] File [C:/Users/Alex/Documents/Unreal Projects/BodyTech 4.21/Saved/Config/Windows/Engine.ini]
[2018.12.18-07.49.39:113][  0]LogConfig: Setting CVar [[gc.MaxObjectsNotConsideredByGC:1]]
[2018.12.18-07.49.39:113][  0]LogConfig: Setting CVar [[gc.SizeOfPermanentObjectPool:0]]
[2018.12.18-07.49.39:113][  0]LogConfig: Setting CVar [[gc.FlushStreamingOnGC:0]]
[2018.12.18-07.49.39:114][  0]LogConfig: Setting CVar [[gc.NumRetriesBeforeForcingGC:10]]
[2018.12.18-07.49.39:114][  0]LogConfig: Setting CVar [[gc.AllowParallelGC:1]]
[2018.12.18-07.49.39:114][  0]LogConfig: Setting CVar [[gc.TimeBetweenPurgingPendingKillObjects:61.1]]
[2018.12.18-07.49.39:114][  0]LogConfig: Setting CVar [[gc.MaxObjectsInEditor:8388607]]
[2018.12.18-07.49.39:114][  0]LogConfig: Setting CVar [[gc.IncrementalBeginDestroyEnabled:1]]
[2018.12.18-07.49.39:114][  0]LogConfig: Setting CVar [[gc.CreateGCClusters:1]]
[2018.12.18-07.49.39:114][  0]LogConfig: Setting CVar [[gc.MergeGCClusters:0]]
[2018.12.18-07.49.39:114][  0]LogConfig: Setting CVar [[gc.MinGCClusterSize:5]]
[2018.12.18-07.49.39:114][  0]LogConfig: Setting CVar [[gc.ActorClusteringEnabled:0]]
[2018.12.18-07.49.39:114][  0]LogConfig: Setting CVar [[gc.BlueprintClusteringEnabled:0]]
[2018.12.18-07.49.39:114][  0]LogConfig: Setting CVar [[gc.UseDisregardForGCOnDedicatedServers:0]]
[2018.12.18-07.49.39:114][  0]LogConfig: Applying CVar settings from Section [/Script/Engine.NetworkSettings] File [C:/Users/Alex/Documents/Unreal Projects/BodyTech 4.21/Saved/Config/Windows/Engine.ini]
[2018.12.18-07.49.39:114][  0]LogConfig: Applying CVar settings from Section [/Script/UnrealEd.CookerSettings] File [C:/Users/Alex/Documents/Unreal Projects/BodyTech 4.21/Saved/Config/Windows/Engine.ini]
[2018.12.18-07.49.39:117][  0]LogConfig: Applying CVar settings from Section [ViewDistanceQuality@3] File [C:/Users/Alex/Documents/Unreal Projects/BodyTech 4.21/Saved/Config/Windows/Scalability.ini]
[2018.12.18-07.49.39:117][  0]LogConfig: Setting CVar [[r.SkeletalMeshLODBias:0]]
[2018.12.18-07.49.39:118][  0]LogConfig: Setting CVar [[r.ViewDistanceScale:1.0]]
[2018.12.18-07.49.39:118][  0]LogConfig: Applying CVar settings from Section [AntiAliasingQuality@3] File [C:/Users/Alex/Documents/Unreal Projects/BodyTech 4.21/Saved/Config/Windows/Scalability.ini]
[2018.12.18-07.49.39:118][  0]LogConfig: Setting CVar [[r.PostProcessAAQuality:4]]
[2018.12.18-07.49.39:118][  0]LogConfig: Applying CVar settings from Section [ShadowQuality@3] File [C:/Users/Alex/Documents/Unreal Projects/BodyTech 4.21/Saved/Config/Windows/Scalability.ini]
[2018.12.18-07.49.39:118][  0]LogConfig: Setting CVar [[r.LightFunctionQuality:1]]
[2018.12.18-07.49.39:118][  0]LogConfig: Setting CVar [[r.ShadowQuality:5]]
[2018.12.18-07.49.39:118][  0]LogConfig: Setting CVar [[r.Shadow.CSM.MaxCascades:10]]
[2018.12.18-07.49.39:118][  0]LogConfig: Setting CVar [[r.Shadow.MaxResolution:2048]]
[2018.12.18-07.49.39:118][  0]LogConfig: Setting CVar [[r.Shadow.MaxCSMResolution:2048]]
[2018.12.18-07.49.39:118][  0]LogConfig: Setting CVar [[r.Shadow.RadiusThreshold:0.01]]
[2018.12.18-07.49.39:118][  0]LogConfig: Setting CVar [[r.Shadow.DistanceScale:1.0]]
[2018.12.18-07.49.39:118][  0]LogConfig: Setting CVar [[r.Shadow.CSM.TransitionScale:1.0]]
[2018.12.18-07.49.39:118][  0]LogConfig: Setting CVar [[r.Shadow.PreShadowResolutionFactor:1.0]]
[2018.12.18-07.49.39:118][  0]LogConfig: Setting CVar [[r.DistanceFieldShadowing:1]]
[2018.12.18-07.49.39:118][  0]LogConfig: Setting CVar [[r.DistanceFieldAO:1]]
[2018.12.18-07.49.39:118][  0]LogConfig: Setting CVar [[r.AOQuality:2]]
[2018.12.18-07.49.39:118][  0]LogConfig: Setting CVar [[r.VolumetricFog:1]]
[2018.12.18-07.49.39:118][  0]LogConfig: Setting CVar [[r.VolumetricFog.GridPixelSize:8]]
[2018.12.18-07.49.39:118][  0]LogConfig: Setting CVar [[r.VolumetricFog.GridSizeZ:128]]
[2018.12.18-07.49.39:118][  0]LogConfig: Setting CVar [[r.VolumetricFog.HistoryMissSupersampleCount:4]]
[2018.12.18-07.49.39:118][  0]LogConfig: Setting CVar [[r.LightMaxDrawDistanceScale:1]]
[2018.12.18-07.49.39:118][  0]LogConfig: Setting CVar [[r.CapsuleShadows:1]]
[2018.12.18-07.49.39:118][  0]LogConfig: Applying CVar settings from Section [PostProcessQuality@3] File [C:/Users/Alex/Documents/Unreal Projects/BodyTech 4.21/Saved/Config/Windows/Scalability.ini]
[2018.12.18-07.49.39:118][  0]LogConfig: Setting CVar [[r.MotionBlurQuality:4]]
[2018.12.18-07.49.39:118][  0]LogConfig: Setting CVar [[r.AmbientOcclusionMipLevelFactor:0.4]]
[2018.12.18-07.49.39:118][  0]LogConfig: Setting CVar [[r.AmbientOcclusionMaxQuality:100]]
[2018.12.18-07.49.39:118][  0]LogConfig: Setting CVar [[r.AmbientOcclusionLevels:-1]]
[2018.12.18-07.49.39:118][  0]LogConfig: Setting CVar [[r.AmbientOcclusionRadiusScale:1.0]]
[2018.12.18-07.49.39:118][  0]LogConfig: Setting CVar [[r.DepthOfFieldQuality:2]]
[2018.12.18-07.49.39:118][  0]LogConfig: Setting CVar [[r.RenderTargetPoolMin:400]]
[2018.12.18-07.49.39:118][  0]LogConfig: Setting CVar [[r.LensFlareQuality:2]]
[2018.12.18-07.49.39:118][  0]LogConfig: Setting CVar [[r.SceneColorFringeQuality:1]]
[2018.12.18-07.49.39:118][  0]LogConfig: Setting CVar [[r.EyeAdaptationQuality:2]]
[2018.12.18-07.49.39:118][  0]LogConfig: Setting CVar [[r.BloomQuality:5]]
[2018.12.18-07.49.39:118][  0]LogConfig: Setting CVar [[r.FastBlurThreshold:100]]
[2018.12.18-07.49.39:118][  0]LogConfig: Setting CVar [[r.Upscale.Quality:3]]
[2018.12.18-07.49.39:118][  0]LogConfig: Setting CVar [[r.Tonemapper.GrainQuantization:1]]
[2018.12.18-07.49.39:118][  0]LogConfig: Setting CVar [[r.LightShaftQuality:1]]
[2018.12.18-07.49.39:118][  0]LogConfig: Setting CVar [[r.Filter.SizeScale:1]]
[2018.12.18-07.49.39:118][  0]LogConfig: Setting CVar [[r.Tonemapper.Quality:5]]
[2018.12.18-07.49.39:118][  0]LogConfig: Setting CVar [[r.DOF.Gather.AccumulatorQuality:1        ; higher gathering accumulator quality]]
[2018.12.18-07.49.39:118][  0]LogConfig: Setting CVar [[r.DOF.Gather.PostfilterMethod:1          ; Median3x3 postfilering method]]
[2018.12.18-07.49.39:118][  0]LogConfig: Setting CVar [[r.DOF.Gather.EnableBokehSettings:0       ; no bokeh simulation when gathering]]
[2018.12.18-07.49.39:118][  0]LogConfig: Setting CVar [[r.DOF.Gather.RingCount:4                 ; medium number of samples when gathering]]
[2018.12.18-07.49.39:118][  0]LogConfig: Setting CVar [[r.DOF.Scatter.ForegroundCompositing:1    ; additive foreground scattering]]
[2018.12.18-07.49.39:118][  0]LogConfig: Setting CVar [[r.DOF.Scatter.BackgroundCompositing:2    ; additive background scattering]]
[2018.12.18-07.49.39:119][  0]LogConfig: Setting CVar [[r.DOF.Scatter.EnableBokehSettings:1      ; bokeh simulation when scattering]]
[2018.12.18-07.49.39:119][  0]LogConfig: Setting CVar [[r.DOF.Scatter.MaxSpriteRatio:0.1         ; only a maximum of 10% of scattered bokeh]]
[2018.12.18-07.49.39:119][  0]LogConfig: Setting CVar [[r.DOF.Recombine.Quality:1                ; cheap slight out of focus]]
[2018.12.18-07.49.39:119][  0]LogConfig: Setting CVar [[r.DOF.Recombine.EnableBokehSettings:0    ; no bokeh simulation on slight out of focus]]
[2018.12.18-07.49.39:119][  0]LogConfig: Setting CVar [[r.DOF.TemporalAAQuality:1                ; more stable temporal accumulation]]
[2018.12.18-07.49.39:119][  0]LogConfig: Setting CVar [[r.DOF.Kernel.MaxForegroundRadius:0.025]]
[2018.12.18-07.49.39:119][  0]LogConfig: Setting CVar [[r.DOF.Kernel.MaxBackgroundRadius:0.025]]
[2018.12.18-07.49.39:119][  0]LogConfig: Applying CVar settings from Section [TextureQuality@3] File [C:/Users/Alex/Documents/Unreal Projects/BodyTech 4.21/Saved/Config/Windows/Scalability.ini]
[2018.12.18-07.49.39:119][  0]LogConfig: Setting CVar [[r.Streaming.MipBias:0]]
[2018.12.18-07.49.39:119][  0]LogConfig: Setting CVar [[r.Streaming.AmortizeCPUToGPUCopy:0]]
[2018.12.18-07.49.39:119][  0]LogConfig: Setting CVar [[r.Streaming.MaxNumTexturesToStreamPerFrame:0]]
[2018.12.18-07.49.39:119][  0]LogConfig: Setting CVar [[r.Streaming.Boost:1]]
[2018.12.18-07.49.39:119][  0]LogConfig: Setting CVar [[r.MaxAnisotropy:8]]
[2018.12.18-07.49.39:119][  0]LogConfig: Setting CVar [[r.Streaming.LimitPoolSizeToVRAM:0]]
[2018.12.18-07.49.39:119][  0]LogConfig: Setting CVar [[r.Streaming.PoolSize:1000]]
[2018.12.18-07.49.39:119][  0]LogConfig: Setting CVar [[r.Streaming.MaxEffectiveScreenSize:0]]
[2018.12.18-07.49.39:119][  0]LogConfig: Applying CVar settings from Section [EffectsQuality@3] File [C:/Users/Alex/Documents/Unreal Projects/BodyTech 4.21/Saved/Config/Windows/Scalability.ini]
[2018.12.18-07.49.39:119][  0]LogConfig: Setting CVar [[r.TranslucencyLightingVolumeDim:64]]
[2018.12.18-07.49.39:119][  0]LogConfig: Setting CVar [[r.RefractionQuality:2]]
[2018.12.18-07.49.39:119][  0]LogConfig: Setting CVar [[r.SSR.Quality:3]]
[2018.12.18-07.49.39:119][  0]LogConfig: Setting CVar [[r.SceneColorFormat:4]]
[2018.12.18-07.49.39:119][  0]LogConfig: Setting CVar [[r.DetailMode:2]]
[2018.12.18-07.49.39:119][  0]LogConfig: Setting CVar [[r.TranslucencyVolumeBlur:1]]
[2018.12.18-07.49.39:119][  0]LogConfig: Setting CVar [[r.MaterialQualityLevel:1 ; High quality]]
[2018.12.18-07.49.39:119][  0]LogConfig: Setting CVar [[r.SSS.Scale:1]]
[2018.12.18-07.49.39:119][  0]LogConfig: Setting CVar [[r.SSS.SampleSet:2]]
[2018.12.18-07.49.39:119][  0]LogConfig: Setting CVar [[r.SSS.Quality:1]]
[2018.12.18-07.49.39:119][  0]LogConfig: Setting CVar [[r.SSS.HalfRes:1]]
[2018.12.18-07.49.39:119][  0]LogConfig: Setting CVar [[r.EmitterSpawnRateScale:1.0]]
[2018.12.18-07.49.39:119][  0]LogConfig: Setting CVar [[r.ParticleLightQuality:2]]
[2018.12.18-07.49.39:119][  0]LogConfig: Applying CVar settings from Section [FoliageQuality@3] File [C:/Users/Alex/Documents/Unreal Projects/BodyTech 4.21/Saved/Config/Windows/Scalability.ini]
[2018.12.18-07.49.39:119][  0]LogConfig: Setting CVar [[foliage.DensityScale:1.0]]
[2018.12.18-07.49.39:119][  0]LogConfig: Setting CVar [[grass.DensityScale:1.0]]
[2018.12.18-07.49.39:119][  0]LogInit: Selected Device Profile: [Windows]
[2018.12.18-07.49.39:119][  0]LogInit: Applying CVar settings loaded from the selected device profile: [Windows]
[2018.12.18-07.49.39:213][  0]LogHAL: Display: Platform has ~ 16 GB [17067487232 / 17179869184 / 16], which maps to Larger [LargestMinGB=32, LargerMinGB=12, DefaultMinGB=8, SmallerMinGB=6, SmallestMinGB=0)
[2018.12.18-07.49.39:213][  0]LogConfig: Setting CVar [[r.Vulkan.UseRealUBs:1]]
[2018.12.18-07.49.39:213][  0]LogInit: Going up to parent DeviceProfile []
[2018.12.18-07.49.39:213][  0]LogConfig: Applying CVar settings from Section [ViewDistanceQuality@Cine] File [C:/Users/Alex/Documents/Unreal Projects/BodyTech 4.21/Saved/Config/Windows/Scalability.ini]
[2018.12.18-07.49.39:213][  0]LogConfig: Setting CVar [[r.SkeletalMeshLODBias:0]]
[2018.12.18-07.49.39:213][  0]LogConfig: Setting CVar [[r.ViewDistanceScale:10.0]]
[2018.12.18-07.49.39:213][  0]LogConfig: Applying CVar settings from Section [AntiAliasingQuality@3] File [C:/Users/Alex/Documents/Unreal Projects/BodyTech 4.21/Saved/Config/Windows/Scalability.ini]
[2018.12.18-07.49.39:213][  0]LogConfig: Setting CVar [[r.PostProcessAAQuality:4]]
[2018.12.18-07.49.39:213][  0]LogConfig: Applying CVar settings from Section [ShadowQuality@3] File [C:/Users/Alex/Documents/Unreal Projects/BodyTech 4.21/Saved/Config/Windows/Scalability.ini]
[2018.12.18-07.49.39:213][  0]LogConfig: Setting CVar [[r.LightFunctionQuality:1]]
[2018.12.18-07.49.39:213][  0]LogConfig: Setting CVar [[r.ShadowQuality:5]]
[2018.12.18-07.49.39:213][  0]LogConfig: Setting CVar [[r.Shadow.CSM.MaxCascades:10]]
[2018.12.18-07.49.39:213][  0]LogConfig: Setting CVar [[r.Shadow.MaxResolution:2048]]
[2018.12.18-07.49.39:213][  0]LogConfig: Setting CVar [[r.Shadow.MaxCSMResolution:2048]]
[2018.12.18-07.49.39:213][  0]LogConfig: Setting CVar [[r.Shadow.RadiusThreshold:0.01]]
[2018.12.18-07.49.39:213][  0]LogConfig: Setting CVar [[r.Shadow.DistanceScale:1.0]]
[2018.12.18-07.49.39:213][  0]LogConfig: Setting CVar [[r.Shadow.CSM.TransitionScale:1.0]]
[2018.12.18-07.49.39:213][  0]LogConfig: Setting CVar [[r.Shadow.PreShadowResolutionFactor:1.0]]
[2018.12.18-07.49.39:213][  0]LogConfig: Setting CVar [[r.DistanceFieldShadowing:1]]
[2018.12.18-07.49.39:213][  0]LogConfig: Setting CVar [[r.DistanceFieldAO:1]]
[2018.12.18-07.49.39:213][  0]LogConfig: Setting CVar [[r.AOQuality:2]]
[2018.12.18-07.49.39:213][  0]LogConfig: Setting CVar [[r.VolumetricFog:1]]
[2018.12.18-07.49.39:213][  0]LogConfig: Setting CVar [[r.VolumetricFog.GridPixelSize:8]]
[2018.12.18-07.49.39:213][  0]LogConfig: Setting CVar [[r.VolumetricFog.GridSizeZ:128]]
[2018.12.18-07.49.39:213][  0]LogConfig: Setting CVar [[r.VolumetricFog.HistoryMissSupersampleCount:4]]
[2018.12.18-07.49.39:213][  0]LogConfig: Setting CVar [[r.LightMaxDrawDistanceScale:1]]
[2018.12.18-07.49.39:213][  0]LogConfig: Setting CVar [[r.CapsuleShadows:1]]
[2018.12.18-07.49.39:213][  0]LogConfig: Applying CVar settings from Section [PostProcessQuality@3] File [C:/Users/Alex/Documents/Unreal Projects/BodyTech 4.21/Saved/Config/Windows/Scalability.ini]
[2018.12.18-07.49.39:213][  0]LogConfig: Setting CVar [[r.MotionBlurQuality:4]]
[2018.12.18-07.49.39:213][  0]LogConfig: Setting CVar [[r.AmbientOcclusionMipLevelFactor:0.4]]
[2018.12.18-07.49.39:213][  0]LogConfig: Setting CVar [[r.AmbientOcclusionMaxQuality:100]]
[2018.12.18-07.49.39:213][  0]LogConfig: Setting CVar [[r.AmbientOcclusionLevels:-1]]
[2018.12.18-07.49.39:213][  0]LogConfig: Setting CVar [[r.AmbientOcclusionRadiusScale:1.0]]
[2018.12.18-07.49.39:213][  0]LogConfig: Setting CVar [[r.DepthOfFieldQuality:2]]
[2018.12.18-07.49.39:213][  0]LogConfig: Setting CVar [[r.RenderTargetPoolMin:400]]
[2018.12.18-07.49.39:213][  0]LogConfig: Setting CVar [[r.LensFlareQuality:2]]
[2018.12.18-07.49.39:213][  0]LogConfig: Setting CVar [[r.SceneColorFringeQuality:1]]
[2018.12.18-07.49.39:213][  0]LogConfig: Setting CVar [[r.EyeAdaptationQuality:2]]
[2018.12.18-07.49.39:213][  0]LogConfig: Setting CVar [[r.BloomQuality:5]]
[2018.12.18-07.49.39:213][  0]LogConfig: Setting CVar [[r.FastBlurThreshold:100]]
[2018.12.18-07.49.39:213][  0]LogConfig: Setting CVar [[r.Upscale.Quality:3]]
[2018.12.18-07.49.39:213][  0]LogConfig: Setting CVar [[r.Tonemapper.GrainQuantization:1]]
[2018.12.18-07.49.39:213][  0]LogConfig: Setting CVar [[r.LightShaftQuality:1]]
[2018.12.18-07.49.39:213][  0]LogConfig: Setting CVar [[r.Filter.SizeScale:1]]
[2018.12.18-07.49.39:213][  0]LogConfig: Setting CVar [[r.Tonemapper.Quality:5]]
[2018.12.18-07.49.39:213][  0]LogConfig: Setting CVar [[r.DOF.Gather.AccumulatorQuality:1        ; higher gathering accumulator quality]]
[2018.12.18-07.49.39:214][  0]LogConfig: Setting CVar [[r.DOF.Gather.PostfilterMethod:1          ; Median3x3 postfilering method]]
[2018.12.18-07.49.39:214][  0]LogConfig: Setting CVar [[r.DOF.Gather.EnableBokehSettings:0       ; no bokeh simulation when gathering]]
[2018.12.18-07.49.39:214][  0]LogConfig: Setting CVar [[r.DOF.Gather.RingCount:4                 ; medium number of samples when gathering]]
[2018.12.18-07.49.39:214][  0]LogConfig: Setting CVar [[r.DOF.Scatter.ForegroundCompositing:1    ; additive foreground scattering]]
[2018.12.18-07.49.39:214][  0]LogConfig: Setting CVar [[r.DOF.Scatter.BackgroundCompositing:2    ; additive background scattering]]
[2018.12.18-07.49.39:214][  0]LogConfig: Setting CVar [[r.DOF.Scatter.EnableBokehSettings:1      ; bokeh simulation when scattering]]
[2018.12.18-07.49.39:214][  0]LogConfig: Setting CVar [[r.DOF.Scatter.MaxSpriteRatio:0.1         ; only a maximum of 10% of scattered bokeh]]
[2018.12.18-07.49.39:214][  0]LogConfig: Setting CVar [[r.DOF.Recombine.Quality:1                ; cheap slight out of focus]]
[2018.12.18-07.49.39:214][  0]LogConfig: Setting CVar [[r.DOF.Recombine.EnableBokehSettings:0    ; no bokeh simulation on slight out of focus]]
[2018.12.18-07.49.39:214][  0]LogConfig: Setting CVar [[r.DOF.TemporalAAQuality:1                ; more stable temporal accumulation]]
[2018.12.18-07.49.39:214][  0]LogConfig: Setting CVar [[r.DOF.Kernel.MaxForegroundRadius:0.025]]
[2018.12.18-07.49.39:214][  0]LogConfig: Setting CVar [[r.DOF.Kernel.MaxBackgroundRadius:0.025]]
[2018.12.18-07.49.39:214][  0]LogConfig: Applying CVar settings from Section [TextureQuality@3] File [C:/Users/Alex/Documents/Unreal Projects/BodyTech 4.21/Saved/Config/Windows/Scalability.ini]
[2018.12.18-07.49.39:214][  0]LogConfig: Setting CVar [[r.Streaming.MipBias:0]]
[2018.12.18-07.49.39:214][  0]LogConfig: Setting CVar [[r.Streaming.AmortizeCPUToGPUCopy:0]]
[2018.12.18-07.49.39:214][  0]LogConfig: Setting CVar [[r.Streaming.MaxNumTexturesToStreamPerFrame:0]]
[2018.12.18-07.49.39:214][  0]LogConfig: Setting CVar [[r.Streaming.Boost:1]]
[2018.12.18-07.49.39:214][  0]LogConfig: Setting CVar [[r.MaxAnisotropy:8]]
[2018.12.18-07.49.39:214][  0]LogConfig: Setting CVar [[r.Streaming.LimitPoolSizeToVRAM:0]]
[2018.12.18-07.49.39:214][  0]LogConfig: Setting CVar [[r.Streaming.PoolSize:1000]]
[2018.12.18-07.49.39:214][  0]LogConfig: Setting CVar [[r.Streaming.MaxEffectiveScreenSize:0]]
[2018.12.18-07.49.39:214][  0]LogConfig: Applying CVar settings from Section [EffectsQuality@3] File [C:/Users/Alex/Documents/Unreal Projects/BodyTech 4.21/Saved/Config/Windows/Scalability.ini]
[2018.12.18-07.49.39:214][  0]LogConfig: Setting CVar [[r.TranslucencyLightingVolumeDim:64]]
[2018.12.18-07.49.39:214][  0]LogConfig: Setting CVar [[r.RefractionQuality:2]]
[2018.12.18-07.49.39:214][  0]LogConfig: Setting CVar [[r.SSR.Quality:3]]
[2018.12.18-07.49.39:214][  0]LogConfig: Setting CVar [[r.SceneColorFormat:4]]
[2018.12.18-07.49.39:214][  0]LogConfig: Setting CVar [[r.DetailMode:2]]
[2018.12.18-07.49.39:214][  0]LogConfig: Setting CVar [[r.TranslucencyVolumeBlur:1]]
[2018.12.18-07.49.39:214][  0]LogConfig: Setting CVar [[r.MaterialQualityLevel:1 ; High quality]]
[2018.12.18-07.49.39:214][  0]LogConfig: Setting CVar [[r.SSS.Scale:1]]
[2018.12.18-07.49.39:214][  0]LogConfig: Setting CVar [[r.SSS.SampleSet:2]]
[2018.12.18-07.49.39:214][  0]LogConfig: Setting CVar [[r.SSS.Quality:1]]
[2018.12.18-07.49.39:214][  0]LogConfig: Setting CVar [[r.SSS.HalfRes:1]]
[2018.12.18-07.49.39:214][  0]LogConfig: Setting CVar [[r.EmitterSpawnRateScale:1.0]]
[2018.12.18-07.49.39:214][  0]LogConfig: Setting CVar [[r.ParticleLightQuality:2]]
[2018.12.18-07.49.39:214][  0]LogConfig: Applying CVar settings from Section [FoliageQuality@3] File [C:/Users/Alex/Documents/Unreal Projects/BodyTech 4.21/Saved/Config/Windows/Scalability.ini]
[2018.12.18-07.49.39:214][  0]LogConfig: Setting CVar [[foliage.DensityScale:1.0]]
[2018.12.18-07.49.39:214][  0]LogConfig: Setting CVar [[grass.DensityScale:1.0]]
[2018.12.18-07.49.39:214][  0]LogConfig: Applying CVar settings from Section [Startup] File [../../../Engine/Config/ConsoleVariables.ini]
[2018.12.18-07.49.39:231][  0]LogConfig: Setting CVar [[net.UseAdaptiveNetUpdateFrequency:0]]
[2018.12.18-07.49.39:231][  0]LogConfig: Applying CVar settings from Section [ConsoleVariables] File [C:/Users/Alex/Documents/Unreal Projects/BodyTech 4.21/Saved/Config/Windows/Engine.ini]
[2018.12.18-07.49.39:231][  0]LogInit: Computer: ALEX-PC
[2018.12.18-07.49.39:231][  0]LogInit: User: Alex
[2018.12.18-07.49.39:231][  0]LogInit: CPU Page size=4096, Cores=4
[2018.12.18-07.49.39:231][  0]LogInit: High frequency timer resolution =3.117784 MHz
[2018.12.18-07.49.39:231][  0]LogMemory: Memory total: Physical=15.9GB (16GB approx)
[2018.12.18-07.49.39:231][  0]LogMemory: Platform Memory Stats for Windows
[2018.12.18-07.49.39:231][  0]LogMemory: Process Physical Memory: 104.85 MB used, 104.85 MB peak
[2018.12.18-07.49.39:232][  0]LogMemory: Process Virtual Memory: 94.96 MB used, 94.96 MB peak
[2018.12.18-07.49.39:232][  0]LogMemory: Physical Memory: 5460.40 MB used,  10816.43 MB free, 16276.82 MB total
[2018.12.18-07.49.39:232][  0]LogMemory: Virtual Memory: 4655.77 MB used,  134213072.00 MB free, 134217728.00 MB total
[2018.12.18-07.49.42:455][  0]LogInit: Using OS detected language (en-US).
[2018.12.18-07.49.42:455][  0]LogInit: Using OS detected locale (en-US).
[2018.12.18-07.49.42:540][  0]LogTextLocalizationManager: No specific localization for 'en-US' exists, so the 'en' localization will be used.
[2018.12.18-07.49.46:678][  0]LogStreaming: Display: Took  4.224s to InitEngineTextLocalization.
[2018.12.18-07.49.46:678][  0]LogInit: Setting process to per monitor DPI aware
[2018.12.18-07.49.47:481][  0]LogSlate: New Slate User Created.  User Index 0, Is Virtual User: 0
[2018.12.18-07.49.47:481][  0]LogSlate: Slate User Registered.  User Index 0, Is Virtual User: 0
[2018.12.18-07.50.02:819][  0]LogHMD: Failed to initialize OpenVR with code 208
[2018.12.18-07.50.02:819][  0]LogD3D11RHI: D3D11 adapters:
[2018.12.18-07.50.02:939][  0]LogD3D11RHI:    0. 'NVIDIA GeForce GTX 1060 6GB' (Feature Level 11_0)
[2018.12.18-07.50.02:939][  0]LogD3D11RHI:       6052/0/8138 MB DedicatedVideo/DedicatedSystem/SharedSystem, Outputs:1, VendorId:0x10de
[2018.12.18-07.50.04:849][  0]LogD3D11RHI:    1. 'Intel(R) HD Graphics 4600' (Feature Level 11_0)
[2018.12.18-07.50.04:850][  0]LogD3D11RHI:       112/0/2048 MB DedicatedVideo/DedicatedSystem/SharedSystem, Outputs:0, VendorId:0x8086
[2018.12.18-07.50.04:853][  0]LogD3D11RHI:    2. 'Microsoft Basic Render Driver' (Feature Level 11_0)
[2018.12.18-07.50.04:853][  0]LogD3D11RHI:       0/0/8138 MB DedicatedVideo/DedicatedSystem/SharedSystem, Outputs:0, VendorId:0x1414
[2018.12.18-07.50.04:853][  0]LogD3D11RHI: Chosen D3D11 Adapter: 0
[2018.12.18-07.50.04:867][  0]LogD3D11RHI: Creating new Direct3DDevice
[2018.12.18-07.50.04:867][  0]LogD3D11RHI:     GPU DeviceId: 0x1c03 (for the marketing name, search the web for "GPU Device Id")
[2018.12.18-07.50.04:867][  0]LogWindows: EnumDisplayDevices:
[2018.12.18-07.50.04:867][  0]LogWindows:    0. 'NVIDIA GeForce GTX 1060 6GB' (P:1 D:1)
[2018.12.18-07.50.04:868][  0]LogWindows:    1. 'NVIDIA GeForce GTX 1060 6GB' (P:0 D:0)
[2018.12.18-07.50.04:869][  0]LogWindows:    2. 'NVIDIA GeForce GTX 1060 6GB' (P:0 D:0)
[2018.12.18-07.50.04:869][  0]LogWindows:    3. 'NVIDIA GeForce GTX 1060 6GB' (P:0 D:0)
[2018.12.18-07.50.04:870][  0]LogWindows:    4. 'Intel(R) HD Graphics 4600' (P:0 D:0)
[2018.12.18-07.50.04:870][  0]LogWindows:    5. 'Intel(R) HD Graphics 4600' (P:0 D:0)
[2018.12.18-07.50.04:870][  0]LogWindows: DebugString: PrimaryIsNotTheChoosenAdapter PrimaryIsNotTheChoosenAdapter FoundDriverCount:4 
[2018.12.18-07.50.04:871][  0]LogD3D11RHI:     Adapter Name: NVIDIA GeForce GTX 1060 6GB
[2018.12.18-07.50.04:871][  0]LogD3D11RHI:   Driver Version: 416.81 (internal:25.21.14.1681, unified:416.81)
[2018.12.18-07.50.04:871][  0]LogD3D11RHI:      Driver Date: 11-2-2018
[2018.12.18-07.50.04:871][  0]LogRHI: Texture pool is 4236 MB (70% of 6052 MB)
[2018.12.18-07.50.04:970][  0]LogD3D11RHI: Async texture creation enabled
[2018.12.18-07.50.05:087][  0]LogD3D11RHI: GPU Timing Frequency: 1000.000000 (Debug: 2 2)
[2018.12.18-07.50.07:317][  0]LogTemp: Display: Loaded TP AllDesktopTargetPlatform
[2018.12.18-07.50.07:418][  0]LogTemp: Display: Loaded TP MacClientTargetPlatform
[2018.12.18-07.50.07:498][  0]LogTemp: Display: Loaded TP MacNoEditorTargetPlatform
[2018.12.18-07.50.07:588][  0]LogTemp: Display: Loaded TP MacServerTargetPlatform
[2018.12.18-07.50.07:701][  0]LogTemp: Display: Loaded TP MacTargetPlatform
[2018.12.18-07.50.07:804][  0]LogTemp: Display: Loaded TP WindowsClientTargetPlatform
[2018.12.18-07.50.08:128][  0]LogTemp: Display: Loaded TP WindowsNoEditorTargetPlatform
[2018.12.18-07.50.08:178][  0]LogTemp: Display: Loaded TP WindowsServerTargetPlatform
[2018.12.18-07.50.08:221][  0]LogTemp: Display: Loaded TP WindowsTargetPlatform
[2018.12.18-07.50.08:487][  0]LogTemp: Display: Loaded TP AndroidTargetPlatform
[2018.12.18-07.50.08:487][  0]LogTemp: Display: Loaded TP AndroidTargetPlatform
[2018.12.18-07.50.08:487][  0]LogTemp: Display: Loaded TP AndroidTargetPlatform
[2018.12.18-07.50.08:487][  0]LogTemp: Display: Loaded TP AndroidTargetPlatform
[2018.12.18-07.50.08:487][  0]LogTemp: Display: Loaded TP AndroidTargetPlatform
[2018.12.18-07.50.08:487][  0]LogTemp: Display: Loaded TP AndroidTargetPlatform
[2018.12.18-07.50.08:487][  0]LogTemp: Display: Loaded TP AndroidTargetPlatform
[2018.12.18-07.50.08:487][  0]LogTemp: Display: Loaded TP AndroidTargetPlatform
[2018.12.18-07.50.08:487][  0]LogTemp: Display: Loaded TP AndroidTargetPlatform
[2018.12.18-07.50.08:487][  0]LogTemp: Display: Loaded TP AndroidTargetPlatform
[2018.12.18-07.50.08:487][  0]LogTemp: Display: Loaded TP AndroidTargetPlatform
[2018.12.18-07.50.08:487][  0]LogTemp: Display: Loaded TP AndroidTargetPlatform
[2018.12.18-07.50.08:487][  0]LogTemp: Display: Loaded TP AndroidTargetPlatform
[2018.12.18-07.50.08:487][  0]LogTemp: Display: Loaded TP AndroidTargetPlatform
[2018.12.18-07.50.08:487][  0]LogTemp: Display: Loaded TP AndroidTargetPlatform
[2018.12.18-07.50.08:487][  0]LogTemp: Display: Loaded TP AndroidTargetPlatform
[2018.12.18-07.50.08:487][  0]LogTemp: Display: Loaded TP AndroidTargetPlatform
[2018.12.18-07.50.08:487][  0]LogTemp: Display: Loaded TP AndroidTargetPlatform
[2018.12.18-07.50.08:546][  0]LogTemp: Display: Loaded TP HTML5TargetPlatform
[2018.12.18-07.50.09:537][  0]LogTemp: Display: Loaded TP IOSTargetPlatform
[2018.12.18-07.50.09:537][  0]LogTemp: Display: Loaded TP IOSTargetPlatform
[2018.12.18-07.50.09:600][  0]LogTemp: Display: Loaded TP TVOSTargetPlatform
[2018.12.18-07.50.09:600][  0]LogTemp: Display: Loaded TP TVOSTargetPlatform
[2018.12.18-07.50.09:661][  0]LogTemp: Display: Loaded TP LinuxClientTargetPlatform
[2018.12.18-07.50.09:707][  0]LogTemp: Display: Loaded TP LinuxNoEditorTargetPlatform
[2018.12.18-07.50.09:816][  0]LogTemp: Display: Loaded TP LinuxServerTargetPlatform
[2018.12.18-07.50.09:920][  0]LogTemp: Display: Loaded TP LinuxTargetPlatform
[2018.12.18-07.50.10:035][  0]LogTemp: Display: Loaded TP LuminTargetPlatform
[2018.12.18-07.50.10:035][  0]LogTemp: Display: Loaded TP LuminTargetPlatform
[2018.12.18-07.50.10:035][  0]LogTargetPlatformManager: Display: Building Assets For Windows
[2018.12.18-07.50.12:866][  0]LogShaderCompilers: Guid format shader working directory is -9 characters bigger than the processId version (C:/Users/Alex/Documents/Unreal Projects/BodyTech 4.21/Intermediate/Shaders/WorkingDirectory/11160/).
[2018.12.18-07.50.12:866][  0]LogShaderCompilers: Cleaned the shader compiler working directory 'C:/Users/Alex/AppData/Local/Temp/UnrealShaderWorkingDir/DEEA5BCF4DC315BE0EA23C87012A877A/'.
[2018.12.18-07.50.12:868][  0]LogXGEController: Cleaning working directory: C:/Users/Alex/AppData/Local/Temp/UnrealXGEWorkingDir/
[2018.12.18-07.50.12:868][  0]LogXGEController: Cannot use XGE Controller as Incredibuild is not installed on this machine.
[2018.12.18-07.50.12:868][  0]LogShaderCompilers: Cannot use XGE Shader Compiler as Incredibuild is not installed on this machine.
[2018.12.18-07.50.12:868][  0]LogShaderCompilers: Display: Using Local Shader Compiler.
[2018.12.18-07.50.22:333][  0]LogDerivedDataCache: Display: Max Cache Size: 512 MB
[2018.12.18-07.50.23:314][  0]LogDerivedDataCache: Loaded boot cache 0.94s 84MB C:/Users/Alex/AppData/Local/UnrealEngine/4.21/DerivedDataCache/Boot.ddc.
[2018.12.18-07.50.23:314][  0]LogDerivedDataCache: Display: Loaded Boot cache: C:/Users/Alex/AppData/Local/UnrealEngine/4.21/DerivedDataCache/Boot.ddc
[2018.12.18-07.50.23:314][  0]LogDerivedDataCache: FDerivedDataBackendGraph:  Pak pak cache file C:/Users/Alex/Documents/Unreal Projects/BodyTech 4.21/DerivedDataCache/DDC.ddp not found, will not use a pak cache.
[2018.12.18-07.50.23:314][  0]LogDerivedDataCache: Unable to find inner node Pak for hierarchical cache Hierarchy.
[2018.12.18-07.50.23:314][  0]LogDerivedDataCache: FDerivedDataBackendGraph:  CompressedPak pak cache file C:/Users/Alex/Documents/Unreal Projects/BodyTech 4.21/DerivedDataCache/Compressed.ddp not found, will not use a pak cache.
[2018.12.18-07.50.23:314][  0]LogDerivedDataCache: Unable to find inner node CompressedPak for hierarchical cache Hierarchy.
[2018.12.18-07.50.23:508][  0]LogDerivedDataCache: Display: Pak cache opened for reading ../../../Engine/DerivedDataCache/Compressed.ddp.
[2018.12.18-07.50.23:508][  0]LogDerivedDataCache: FDerivedDataBackendGraph:  EnterprisePak pak cache file ../../../Enterprise/DerivedDataCache/Compressed.ddp not found, will not use a pak cache.
[2018.12.18-07.50.23:508][  0]LogDerivedDataCache: Unable to find inner node EnterprisePak for hierarchical cache Hierarchy.
[2018.12.18-07.50.23:520][  0]LogDerivedDataCache: Using Local data cache path C:/Users/Alex/AppData/Local/UnrealEngine/Common/DerivedDataCache: Writable
[2018.12.18-07.50.23:520][  0]LogDerivedDataCache: Shared data cache path not found in *engine.ini, will not use an Shared cache.
[2018.12.18-07.50.23:520][  0]LogDerivedDataCache: Unable to find inner node Shared for hierarchical cache Hierarchy.
[2018.12.18-07.50.23:554][  0]LogMaterial: Verifying Global Shaders for PCD3D_SM5
[2018.12.18-07.50.23:556][  0]LogSlate: Using FreeType 2.6.0
[2018.12.18-07.50.23:674][  0]LogSlate: SlateFontServices - WITH_FREETYPE: 1, WITH_HARFBUZZ: 1
[2018.12.18-07.50.28:663][  0]LogAssetRegistry: FAssetRegistry took 0.0355 seconds to start up
[2018.12.18-07.50.29:194][  0]LogInit: Selected Device Profile: [Windows]
[2018.12.18-07.50.33:136][  0]LogSimplygon: Simplygon DLL not present - disabling.
[2018.12.18-07.50.35:199][  0]LogMeshReduction: Using SimplygonSwarm for distributed automatic mesh merging
[2018.12.18-07.50.35:310][  0]LogMeshReduction: Using ProxyLODMeshReduction for automatic mesh merging
[2018.12.18-07.50.35:425][  0]LogMeshReduction: Using QuadricMeshReduction for automatic static mesh reduction
[2018.12.18-07.50.35:425][  0]LogMeshReduction: No automatic skeletal mesh reduction module available
[2018.12.18-07.50.35:879][  0]LogNetVersion: BodyTech 1.0.0, NetCL: 4541578, EngineNetVer: 5, GameNetVer: 0 (Checksum: 413694766)
[2018.12.18-07.50.41:856][  0]LogPackageLocalizationCache: Processed 11 localized package path(s) for 2 prioritized culture(s) in 0.161254 seconds
[2018.12.18-07.50.41:865][  0]LogUObjectArray: 39775 objects as part of root set at end of initial load.
[2018.12.18-07.50.41:865][  0]LogUObjectAllocator: 6914664 out of 0 bytes used by permanent object pool.
[2018.12.18-07.50.41:865][  0]LogUObjectArray: CloseDisregardForGC: 0/0 objects in disregard for GC pool
[2018.12.18-07.51.07:086][  0]LogSubstanceCoreModule: Substance [CPU] Engine Loaded, Max Texture Size = 2048
[2018.12.18-07.51.07:283][  0]LogTcpMessaging: Initializing TcpMessaging bridge
[2018.12.18-07.51.07:381][  0]LogUdpMessaging: Initializing bridge on interface 0.0.0.0:0 to multicast group 230.0.0.1:6666.
[2018.12.18-07.51.11:371][  0]SourceControl: Source control is disabled
[2018.12.18-07.51.11:372][  0]SourceControl: Source control is disabled
[2018.12.18-07.51.11:493][  0]SourceControl: Source control is disabled
[2018.12.18-07.51.11:530][  0]SourceControl: Source control is disabled
[2018.12.18-07.51.15:245][  0]LogAndroidPermission: UAndroidPermissionCallbackProxy::GetInstance
[2018.12.18-07.51.16:071][  0]LogOcInput: OculusInput pre-init called
[2018.12.18-07.51.18:446][  0]LogEngine: Initializing Engine...
[2018.12.18-07.51.18:487][  0]LogHMD: Failed to initialize OpenVR with code 208
[2018.12.18-07.51.18:489][  0]LogStats: UGameplayTagsManager::ConstructGameplayTagTree: ImportINI prefixes -  0.000 s
[2018.12.18-07.51.18:489][  0]LogStats: UGameplayTagsManager::ConstructGameplayTagTree: Construct from data asset -  0.000 s
[2018.12.18-07.51.18:489][  0]LogStats: UGameplayTagsManager::ConstructGameplayTagTree: ImportINI -  0.000 s
[2018.12.18-07.51.18:489][  0]LogStats: UGameplayTagsManager::ConstructGameplayTagTree: GameplayTagTreeChangedEvent.Broadcast -  0.000 s
[2018.12.18-07.51.20:110][  0]LogInit: Initializing FReadOnlyCVARCache
[2018.12.18-07.51.20:427][  0]LogAIModule: Creating AISystem for world Untitled
[2018.12.18-07.51.20:522][  0]LogInit: XAudio2 using 'Speakers (Realtek High Definition Audio)' : 2 channels at 48 kHz using 16 bits per sample (channel mask 0x3)
[2018.12.18-07.51.20:575][  0]LogInit: FAudioDevice initialized.
[2018.12.18-07.51.20:575][  0]LogNetVersion: Set ProjectVersion to 1.0.0.0. Version Checksum will be recalculated on next use.
[2018.12.18-07.51.20:745][  0]LogDerivedDataCache: Saved boot cache 0.17s 70MB C:/Users/Alex/AppData/Local/UnrealEngine/4.21/DerivedDataCache/Boot.ddc.
[2018.12.18-07.51.20:748][  0]LogInit: Texture streaming: Enabled
[2018.12.18-07.51.20:976][  0]LogEngineSessionManager: EngineSessionManager initialized
[2018.12.18-07.51.20:977][  0]LogEngineSessionManager: EngineSessionManager sent abnormal shutdown report. Type=AbnormalShutdown, SessionId={5156C9B3-4A99-8498-704F-46B008BA4633}
[2018.12.18-07.51.21:018][  0]LogInit: Transaction tracking system initialized
[2018.12.18-07.51.21:177][  0]BlueprintLog: New page: Editor Load
[2018.12.18-07.51.22:899][  0]LocalizationService: Localization service is disabled
[2018.12.18-07.51.26:202][  0]LogMaterial: Display: Missing cached shader map for material WidgetVertexColorMaterial, compiling. 
[2018.12.18-07.51.27:269][  0]LogShaderCompilers: Display: Shaders left to compile 13
[2018.12.18-07.51.27:269][  0]LogShaderCompilers: Display: Shaders left to compile 3
[2018.12.18-07.51.27:682][  0]LogMaterial: Display: Missing cached shader map for material LevelGridMaterial, compiling. 
[2018.12.18-07.51.28:472][  0]LogShaderCompilers: Display: Shaders left to compile 16
[2018.12.18-07.51.28:605][  0]LogMaterial: Display: Missing cached shader map for material BlinkingCaret, compiling. 
[2018.12.18-07.51.30:570][  0]LogMaterial: Display: Missing cached shader map for material M_StreamingPause, compiling. 
[2018.12.18-07.51.30:623][  0]LogCook: Display: Max memory allowance for cook 16384mb min free memory 0mb
[2018.12.18-07.51.30:623][  0]LogCook: Display: Mobile HDR setting 1
[2018.12.18-07.51.30:624][  0]LogGameplayTags: Display: UGameplayTagsManager::DoneAddingNativeTags. DelegateIsBound: 0
[2018.12.18-07.51.30:624][  0]LogStats: UGameplayTagsManager::ConstructGameplayTagTree: ImportINI prefixes -  0.000 s
[2018.12.18-07.51.30:624][  0]LogStats: UGameplayTagsManager::ConstructGameplayTagTree: Construct from data asset -  0.000 s
[2018.12.18-07.51.30:624][  0]LogStats: UGameplayTagsManager::ConstructGameplayTagTree: ImportINI -  0.000 s
[2018.12.18-07.51.30:624][  0]LogStats: UGameplayTagsManager::ConstructGameplayTagTree: GameplayTagTreeChangedEvent.Broadcast -  0.000 s
[2018.12.18-07.51.30:791][  0]LogFileCache: Scanning file cache for directory 'C:/Users/Alex/Documents/Unreal Projects/BodyTech 4.21/Content/' took 0.06s
[2018.12.18-07.51.36:432][  0]SourceControl: Source control is disabled
[2018.12.18-07.51.36:433][  0]Cmd: MAP LOAD FILE="C:/Users/Alex/Documents/Unreal Projects/BodyTech 4.21/Content/Padlock/Maps/Overview.umap" TEMPLATE=0 SHOWPROGRESS=1 FEATURELEVEL=3
[2018.12.18-07.51.36:465][  0]LightingResults: New page: Lighting Build
[2018.12.18-07.51.36:482][  0]MapCheck: New page: Map Check
[2018.12.18-07.51.36:482][  0]LightingResults: New page: Lighting Build
[2018.12.18-07.51.36:644][  0]LogShaderCompilers: Display: Shaders left to compile 28
[2018.12.18-07.51.38:680][  0]LogShaderCompilers: Display: Shaders left to compile 18
[2018.12.18-07.51.39:732][  0]LogShaderCompilers: Display: Shaders left to compile 8
[2018.12.18-07.51.50:243][  0]LogMaterial: Display: Missing cached shader map for material M_Substance_Base_E, compiling. 
[2018.12.18-07.51.50:282][  0]LogShaderCompilers: Display: Shaders left to compile 27
[2018.12.18-07.51.50:282][  0]LogShaderCompilers: Display: Shaders left to compile 17
[2018.12.18-07.51.50:282][  0]LogShaderCompilers: Display: Shaders left to compile 7
[2018.12.18-07.51.50:511][  0]LogMaterial: Display: Missing cached shader map for material mainsection_01_-_Default_BaseColor_Mat, compiling. 
[2018.12.18-07.51.50:679][  0]LogMaterial: Display: Missing cached shader map for material Square_DefaultMaterial_BaseColor_Mat, compiling. 
[2018.12.18-07.51.50:707][  0]LogMaterial: Display: Missing cached shader map for material Roll_DefaultMaterial_BaseColor_Mat, compiling. 
[2018.12.18-07.51.50:734][  0]LogMaterial: Display: Missing cached shader map for material MainTriangle_DefaultMaterial_BaseColor_Mat, compiling. 
[2018.12.18-07.51.50:922][  0]LogMaterial: Display: Missing cached shader map for material clip_01_-_Default_BaseColor_Mat, compiling. 
[2018.12.18-07.51.51:129][  0]LogMaterial: Display: Missing cached shader map for material bolt_DefaultMaterial_BaseColor_Mat, compiling. 
[2018.12.18-07.51.51:295][  0]LogMaterial: Display: Missing cached shader map for material Wheel_DefaultMaterial_BaseColor_Mat, compiling. 
[2018.12.18-07.51.51:413][  0]LogMaterial: Display: Missing cached shader map for material Base, compiling. 
[2018.12.18-07.51.52:252][  0]LogMaterial: Display: Missing cached shader map for material Bar_DefaultMaterial_BaseColor_Mat, compiling. 
[2018.12.18-07.51.52:293][  0]LogMaterial: Display: Missing cached shader map for material padlock_main_09_-_Default_BaseColor_Mat, compiling. 
[2018.12.18-07.51.52:402][  0]LogMaterial: Display: Missing cached shader map for material M_Sky_Panning_Clouds2, compiling. 
[2018.12.18-07.51.53:572][  0]LogShaderCompilers: Display: Shaders left to compile 297
[2018.12.18-07.51.53:938][  0]LogShaderCompilers: Display: Shaders left to compile 287
[2018.12.18-07.51.53:938][  0]LogAIModule: Creating AISystem for world Overview
[2018.12.18-07.51.54:022][  0]LogActorComponent: RegisterComponentWithWorld: (/Game/Padlock/Maps/Overview.Overview:PersistentLevel.WorldSettings_1.StaticMeshComponent0) Trying to register component with IsPendingKill() == true. Aborting.
[2018.12.18-07.51.54:221][  0]LogEditorServer: Finished looking for orphan Actors (0.000 secs)
[2018.12.18-07.51.56:267][  0]LogShaderCompilers: Display: Shaders left to compile 277
[2018.12.18-07.51.56:275][  0]Cmd: MAP CHECKDEP NOCLEARLOG
[2018.12.18-07.51.56:276][  0]MapCheck: Map check complete: 0 Error(s), 0 Warning(s), took 0.244ms to complete.
[2018.12.18-07.51.56:276][  0]LogFileHelpers: Loading map 'Overview' took 19.844
[2018.12.18-07.51.56:534][  0]LogSlate: Updating window title bar state: overlay mode, drag disabled, window buttons hidden, title bar hidden
[2018.12.18-07.51.56:547][  0]LogSlate: Updating window title bar state: overlay mode, drag disabled, window buttons hidden, title bar hidden
[2018.12.18-07.51.56:559][  0]LogSlate: Updating window title bar state: overlay mode, drag disabled, window buttons hidden, title bar hidden
[2018.12.18-07.51.56:572][  0]LogSlate: Updating window title bar state: overlay mode, drag disabled, window buttons hidden, title bar hidden
[2018.12.18-07.51.56:642][  0]LogCollectionManager: Loaded 0 collections in 0.002225 seconds
[2018.12.18-07.51.56:662][  0]LogFileCache: Scanning file cache for directory 'C:/Users/Alex/Documents/Unreal Projects/BodyTech 4.21/Saved/Collections/' took 0.01s
[2018.12.18-07.51.56:662][  0]LogFileCache: Scanning file cache for directory 'C:/Users/Alex/Documents/Unreal Projects/BodyTech 4.21/Content/Developers/Alex/Collections/' took 0.00s
[2018.12.18-07.51.56:662][  0]LogFileCache: Scanning file cache for directory 'C:/Users/Alex/Documents/Unreal Projects/BodyTech 4.21/Content/Collections/' took 0.00s
[2018.12.18-07.51.56:662][  0]LogCollectionManager: Rebuilt the GUID cache for 0 collections in 0.000000 seconds
[2018.12.18-07.51.56:677][  0]LogContentBrowser: Native class hierarchy populated in 0.0143 seconds. Added 2665 classes and 626 folders.
[2018.12.18-07.51.56:687][  0]LogContentBrowser: Native class hierarchy updated for 'WidgetCarousel' in 0.0004 seconds. Added 0 classes and 0 folders.
[2018.12.18-07.51.56:767][  0]LogPakFile: Registered encryption key '00000000000000000000000000000000': 0 pak files mounted, 0 remain pending
[2018.12.18-07.51.56:861][  0]LogPakFile: Registered encryption key '00000000000000000000000000000000': 0 pak files mounted, 0 remain pending
[2018.12.18-07.51.56:923][  0]LogPakFile: Registered encryption key '00000000000000000000000000000000': 0 pak files mounted, 0 remain pending
[2018.12.18-07.51.56:988][  0]LogPakFile: Registered encryption key '00000000000000000000000000000000': 0 pak files mounted, 0 remain pending
[2018.12.18-07.51.57:044][  0]LogPakFile: Registered encryption key '00000000000000000000000000000000': 0 pak files mounted, 0 remain pending
[2018.12.18-07.51.57:080][  0]LogPakFile: Registered encryption key '00000000000000000000000000000000': 0 pak files mounted, 0 remain pending
[2018.12.18-07.51.57:117][  0]LogPakFile: Registered encryption key '00000000000000000000000000000000': 0 pak files mounted, 0 remain pending
[2018.12.18-07.51.57:169][  0]LogPakFile: Registered encryption key '00000000000000000000000000000000': 0 pak files mounted, 0 remain pending
[2018.12.18-07.51.57:217][  0]LogPakFile: Registered encryption key '00000000000000000000000000000000': 0 pak files mounted, 0 remain pending
[2018.12.18-07.51.57:273][  0]LogPakFile: Registered encryption key '00000000000000000000000000000000': 0 pak files mounted, 0 remain pending
[2018.12.18-07.51.57:309][  0]LogPakFile: Registered encryption key '00000000000000000000000000000000': 0 pak files mounted, 0 remain pending
[2018.12.18-07.51.57:330][  0]LogPakFile: Registered encryption key '00000000000000000000000000000000': 0 pak files mounted, 0 remain pending
[2018.12.18-07.51.57:395][  0]LogPakFile: Registered encryption key '00000000000000000000000000000000': 0 pak files mounted, 0 remain pending
[2018.12.18-07.51.57:455][  0]LogPakFile: Registered encryption key '00000000000000000000000000000000': 0 pak files mounted, 0 remain pending
[2018.12.18-07.51.57:507][  0]LogPakFile: Registered encryption key '00000000000000000000000000000000': 0 pak files mounted, 0 remain pending
[2018.12.18-07.51.57:557][  0]LogPakFile: Registered encryption key '00000000000000000000000000000000': 0 pak files mounted, 0 remain pending
[2018.12.18-07.51.57:660][  0]LogPakFile: Registered encryption key '00000000000000000000000000000000': 0 pak files mounted, 0 remain pending
[2018.12.18-07.51.57:694][  0]LogPakFile: Registered encryption key '00000000000000000000000000000000': 0 pak files mounted, 0 remain pending
[2018.12.18-07.51.57:734][  0]LogPakFile: Registered encryption key '00000000000000000000000000000000': 0 pak files mounted, 0 remain pending
[2018.12.18-07.51.57:778][  0]LogPakFile: Registered encryption key '00000000000000000000000000000000': 0 pak files mounted, 0 remain pending
[2018.12.18-07.51.57:887][  0]LogPakFile: Registered encryption key '00000000000000000000000000000000': 0 pak files mounted, 0 remain pending
[2018.12.18-07.51.57:937][  0]LogPakFile: Registered encryption key '00000000000000000000000000000000': 0 pak files mounted, 0 remain pending
[2018.12.18-07.51.57:974][  0]LogPakFile: Registered encryption key '00000000000000000000000000000000': 0 pak files mounted, 0 remain pending
[2018.12.18-07.51.58:036][  0]LogPakFile: Registered encryption key '00000000000000000000000000000000': 0 pak files mounted, 0 remain pending
[2018.12.18-07.51.58:070][  0]LogPakFile: Registered encryption key '00000000000000000000000000000000': 0 pak files mounted, 0 remain pending
[2018.12.18-07.51.58:109][  0]LogPakFile: Registered encryption key '00000000000000000000000000000000': 0 pak files mounted, 0 remain pending
[2018.12.18-07.51.59:601][  0]LogShaderCompilers: Display: Shaders left to compile 267
[2018.12.18-07.51.59:601][  0]LogContentBrowser: Native class hierarchy updated for 'AddContentDialog' in 0.0004 seconds. Added 0 classes and 0 folders.
[2018.12.18-07.51.59:669][  0]LogContentBrowser: Native class hierarchy updated for 'SceneOutliner' in 0.0004 seconds. Added 1 classes and 2 folders.
[2018.12.18-07.51.59:800][  0]LogContentBrowser: Native class hierarchy updated for 'WorldBrowser' in 0.0004 seconds. Added 2 classes and 3 folders.
[2018.12.18-07.52.00:050][  0]LogSlate: Took 0.033614 seconds to synchronously load lazily loaded font '../../../Engine/Content/Slate/Fonts/Roboto-Regular.ttf' (155K)
[2018.12.18-07.52.00:104][  0]LogSlate: Took 0.051522 seconds to synchronously load lazily loaded font '../../../Engine/Content/Slate/Fonts/Roboto-Bold.ttf' (160K)
[2018.12.18-07.52.00:153][  0]LogSlate: Took 0.040827 seconds to synchronously load lazily loaded font '../../../Engine/Content/Editor/Slate/Fonts/FontAwesome.ttf' (139K)
[2018.12.18-07.52.00:460][  0]LogMaterial: Display: Missing cached shader map for material LevelGridMaterial2, compiling. 
[2018.12.18-07.52.00:519][  0]LogRenderer: Reallocating scene render targets to support 1208x580 Format 10 NumSamples 1 (Frame:1).
[2018.12.18-07.52.26:240][  0]LogShaderCompilers: Display: Shaders left to compile 273
[2018.12.18-07.52.26:240][  0]LogShaderCompilers: Display: Shaders left to compile 263
[2018.12.18-07.52.26:240][  0]LogShaderCompilers: Display: Shaders left to compile 253
[2018.12.18-07.52.26:240][  0]LogShaderCompilers: Display: Shaders left to compile 243
[2018.12.18-07.52.26:240][  0]LogShaderCompilers: Display: Shaders left to compile 233
[2018.12.18-07.52.26:240][  0]LogShaderCompilers: Display: Shaders left to compile 223
[2018.12.18-07.52.26:240][  0]LogShaderCompilers: Display: Shaders left to compile 213
[2018.12.18-07.52.26:240][  0]LogShaderCompilers: Display: Shaders left to compile 203
[2018.12.18-07.52.26:240][  0]LogShaderCompilers: Display: Shaders left to compile 193
[2018.12.18-07.52.26:240][  0]LogShaderCompilers: Display: Shaders left to compile 183
[2018.12.18-07.52.26:240][  0]LogShaderCompilers: Display: Shaders left to compile 173
[2018.12.18-07.52.26:240][  0]LogShaderCompilers: Display: Shaders left to compile 163
[2018.12.18-07.52.26:240][  0]LogShaderCompilers: Display: Shaders left to compile 153
[2018.12.18-07.52.26:309][  0]LogShaderCompilers: Display: Shaders left to compile 143
[2018.12.18-07.52.26:309][  0]LogContentBrowser: Native class hierarchy updated for 'HierarchicalLODOutliner' in 0.0005 seconds. Added 0 classes and 0 folders.
[2018.12.18-07.52.26:309][  0]LogLoad: (Engine Initialization) Total time: 236.25 seconds
[2018.12.18-07.52.26:309][  0]LogLoad: (Engine Initialization) Total Blueprint compile time: 0.00 seconds
[2018.12.18-07.52.26:429][  0]LogContentStreaming: Texture pool size now 1000 MB
[2018.12.18-07.52.32:011][  0]LogShaderCompilers: Display: Shaders left to compile 133
[2018.12.18-07.52.32:011][  0]LogShaderCompilers: Display: Shaders left to compile 123
[2018.12.18-07.52.32:011][  0]LogSlate: Took 0.059283 seconds to synchronously load lazily loaded font '../../../Engine/Content/Slate/Fonts/Roboto-Light.ttf' (167K)
[2018.12.18-07.52.32:947][  0]LogShaderCompilers: Display: Shaders left to compile 113
[2018.12.18-07.52.33:618][  0]LogShaderCompilers: Display: Shaders left to compile 103
[2018.12.18-07.52.33:863][  1]LogSubstanceLiveLink: Warning: Unable to send data along socket, closing connection
[2018.12.18-07.52.38:128][  5]LogShaderCompilers: Display: Shaders left to compile 93
[2018.12.18-07.52.39:185][  5]LogShaderCompilers: Display: Shaders left to compile 83
[2018.12.18-07.52.39:447][  5]LogShaderCompilers: Display: Shaders left to compile 73
[2018.12.18-07.52.45:651][  6]LogShaderCompilers: Display: Shaders left to compile 63
[2018.12.18-07.52.45:651][  6]LogShaderCompilers: Display: Shaders left to compile 53
[2018.12.18-07.52.45:651][  6]LogShaderCompilers: Display: Shaders left to compile 43
[2018.12.18-07.52.46:146][  8]LogAssetRegistry: Asset discovery search completed in 137.5057 seconds
[2018.12.18-07.52.46:149][  8]LogCollectionManager: Rebuilt the object cache for 0 collections in 0.000000 seconds (found 0 objects)
[2018.12.18-07.52.46:149][  8]LogCollectionManager: Fixed up redirectors for 0 collections in 0.000148 seconds (updated 0 objects)
[2018.12.18-07.52.46:961][ 22]LogShaderCompilers: Display: Shaders left to compile 33
[2018.12.18-07.52.48:878][ 59]LogShaderCompilers: Display: Shaders left to compile 23
[2018.12.18-07.52.51:640][103]LogShaderCompilers: Display: Shaders left to compile 13
[2018.12.18-07.52.54:046][152]LogShaderCompilers: Display: Shaders left to compile 3
[2018.12.18-07.53.15:046][299]LogSlate: FSceneViewport::OnFocusLost() reason 0
[2018.12.18-07.53.18:570][596]LogSlate: FSceneViewport::OnFocusLost() reason 0
[2018.12.18-07.53.22:802][ 53]LogSlate: Took 0.000276 seconds to synchronously load lazily loaded font '../../../Engine/Content/Slate/Fonts/Roboto-Light.ttf' (167K)
[2018.12.18-07.53.22:861][ 53]LogAIModule: Creating AISystem for world Level1
[2018.12.18-07.53.22:865][ 53]LogAssetEditorManager: Opening Asset editor for World /Game/Maps/Level1.Level1
[2018.12.18-07.53.22:896][ 53]Cmd: MAP LOAD FILE="C:/Users/Alex/Documents/Unreal Projects/BodyTech 4.21/Content/Maps/Level1.umap" TEMPLATE=0 SHOWPROGRESS=1 FEATURELEVEL=3
[2018.12.18-07.53.22:896][ 53]LightingResults: New page: Lighting Build
[2018.12.18-07.53.22:897][ 53]LoadErrors: New page: Loading map: Level1.umap
[2018.12.18-07.53.22:900][ 53]MapCheck: New page: Map Check
[2018.12.18-07.53.22:900][ 53]LightingResults: New page: Lighting Build
[2018.12.18-07.53.23:014][ 53]LogEditorServer: Finished looking for orphan Actors (0.000 secs)
[2018.12.18-07.53.23:066][ 53]Cmd: MAP CHECKDEP NOCLEARLOG
[2018.12.18-07.53.23:077][ 53]MapCheck: Map check complete: 0 Error(s), 0 Warning(s), took 10.684ms to complete.
[2018.12.18-07.53.23:077][ 53]LogFileHelpers: Loading map 'Level1' took 0.183
[2018.12.18-07.53.30:498][605]LogSlate: Only BGRA pngs, bmps or icos are supported in by External Image Picker
[2018.12.18-07.53.30:795][609]LogTemp: Executing iPhonePackager certificates Engine -bundlename com.YourCompany.BodyTech
[2018.12.18-07.53.30:795][609]LogTemp: CWD: D:\UE4\UE_4.21\Engine\Binaries\DotNET\IOS
[2018.12.18-07.53.30:795][609]LogTemp: Initial Dir: D:\UE4\UE_4.21
[2018.12.18-07.53.30:795][609]LogTemp: Env CWD: D:\UE4\UE_4.21\Engine\Binaries\DotNET\IOS
[2018.12.18-07.53.30:795][609]LogTemp: BranchPath = ALEX-PC/D/UE4/UE_4.21/Engine/Binaries --- GameBranchPath = ALEX-PC/D/UE4/UE_4.21/Engine/Binaries
[2018.12.18-07.53.30:953][611]LogTemp: IPP ERROR: Could not find provision directory 'C:\Users\Alex\AppData\Local/Apple Computer/MobileDevice/Provisioning Profiles/'.
[2018.12.18-07.53.39:483][482]LogSlate: Window 'Project Settings' being destroyed
[2018.12.18-07.53.39:487][482]LogSlate: Window 'Project Settings' being destroyed
[2018.12.18-07.53.49:243][436]LogSourceControl: Warning: 'C:/Users/Alex/Documents/Unreal Projects/BodyTech 4.21/' is not part of a Git repository
[2018.12.18-07.54.29:258][792]SourceControl: Source control is disabled
[2018.12.18-07.54.29:258][792]LogSlate: Window 'Source Control Login' being destroyed
[2018.12.18-07.56.02:441][282]LogSlate: Window 'BodyTech - Unreal Editor' being destroyed
[2018.12.18-07.56.02:451][282]LogWindowsTextInputMethodSystem: Display: IME system now deactivated.
[2018.12.18-07.56.03:567][283]Cmd: QUIT_EDITOR
[2018.12.18-07.56.04:242][283]LogExit: Preparing to exit.
[2018.12.18-07.56.05:734][283]LogExit: Editor shut down
[2018.12.18-07.56.05:734][283]LogExit: Transaction tracking system shut down
[2018.12.18-07.56.07:946][283]LogExit: Object subsystem successfully closed.
[2018.12.18-07.56.08:325][283]LogShaderCompilers: Display: Shaders left to compile 0
[2018.12.18-07.56.08:343][283]LogD3D11RHI: Shutdown
[2018.12.18-07.56.08:343][283]LogD3D11RHI: CleanupD3DDevice
[2018.12.18-07.56.08:460][283]LogD3D11RHI: ~FD3D11DynamicRHI
[2018.12.18-07.56.10:220][283]LogModuleManager: Shutting down and abandoning module ExternalImagePicker (634)
[2018.12.18-07.56.10:220][283]LogModuleManager: Shutting down and abandoning module HierarchicalLODOutliner (632)
[2018.12.18-07.56.10:220][283]LogModuleManager: Shutting down and abandoning module WorldBrowser (630)
[2018.12.18-07.56.10:265][283]LogModuleManager: Shutting down and abandoning module SceneOutliner (628)
[2018.12.18-07.56.10:277][283]LogModuleManager: Shutting down and abandoning module AddContentDialog (626)
[2018.12.18-07.56.10:297][283]LogModuleManager: Shutting down and abandoning module WidgetCarousel (625)
[2018.12.18-07.56.10:297][283]LogModuleManager: Shutting down and abandoning module EditorWidgets (622)
[2018.12.18-07.56.10:297][283]LogModuleManager: Shutting down and abandoning module CollectionManager (620)
[2018.12.18-07.56.10:313][283]LogModuleManager: Shutting down and abandoning module StatsViewer (618)
[2018.12.18-07.56.10:324][283]LogModuleManager: Shutting down and abandoning module FoliageEdit (616)
[2018.12.18-07.56.10:338][283]LogModuleManager: Shutting down and abandoning module LandscapeEditor (614)
[2018.12.18-07.56.10:397][283]LogModuleManager: Shutting down and abandoning module MeshPaintMode (612)
[2018.12.18-07.56.10:410][283]LogModuleManager: Shutting down and abandoning module SceneDepthPickerMode (610)
[2018.12.18-07.56.10:410][283]LogModuleManager: Shutting down and abandoning module ActorPickerMode (608)
[2018.12.18-07.56.10:410][283]LogModuleManager: Shutting down and abandoning module GeometryMode (606)
[2018.12.18-07.56.10:410][283]LogModuleManager: Shutting down and abandoning module TextureAlignMode (604)
[2018.12.18-07.56.10:410][283]LogModuleManager: Shutting down and abandoning module BspMode (602)
[2018.12.18-07.56.10:410][283]LogModuleManager: Shutting down and abandoning module PIEPreviewDeviceProfileSelector (600)
[2018.12.18-07.56.10:429][283]LogModuleManager: Shutting down and abandoning module SequenceRecorderSections (598)
[2018.12.18-07.56.10:444][283]LogModuleManager: Shutting down and abandoning module AutomationWorker (596)
[2018.12.18-07.56.10:444][283]LogModuleManager: Shutting down and abandoning module AudioCaptureEditor (594)
[2018.12.18-07.56.10:444][283]LogModuleManager: Shutting down and abandoning module MatineeToLevelSequence (592)
[2018.12.18-07.56.10:459][283]LogModuleManager: Shutting down and abandoning module LevelSequenceEditor (590)
[2018.12.18-07.56.10:490][283]LogModuleManager: Shutting down and abandoning module PlacementMode (589)
[2018.12.18-07.56.10:490][283]LogModuleManager: Shutting down and abandoning module MaterialEditor (588)
[2018.12.18-07.56.10:536][283]LogModuleManager: Shutting down and abandoning module WmfMediaFactory (584)
[2018.12.18-07.56.10:536][283]LogModuleManager: Shutting down and abandoning module WmfMediaEditor (582)
[2018.12.18-07.56.10:536][283]LogModuleManager: Shutting down and abandoning module WebMMediaFactory (580)
[2018.12.18-07.56.10:536][283]LogModuleManager: Shutting down and abandoning module WebMMediaEditor (578)
[2018.12.18-07.56.10:536][283]LogModuleManager: Shutting down and abandoning module WebMMedia (576)
[2018.12.18-07.56.10:556][283]LogModuleManager: Shutting down and abandoning module MediaPlayerEditor (574)
[2018.12.18-07.56.10:609][283]LogModuleManager: Shutting down and abandoning module MediaCompositingEditor (572)
[2018.12.18-07.56.10:640][283]LogModuleManager: Shutting down and abandoning module SequenceRecorder (571)
[2018.12.18-07.56.10:640][283]LogModuleManager: Shutting down and abandoning module OpenExrWrapper (568)
[2018.12.18-07.56.10:640][283]LogModuleManager: Shutting down and abandoning module ImgMediaFactory (566)
[2018.12.18-07.56.10:640][283]LogModuleManager: Shutting down and abandoning module ImgMediaEditor (564)
[2018.12.18-07.56.10:641][283]LogModuleManager: Shutting down and abandoning module AvfMediaFactory (562)
[2018.12.18-07.56.10:641][283]LogModuleManager: Shutting down and abandoning module AvfMediaEditor (560)
[2018.12.18-07.56.10:641][283]LogModuleManager: Shutting down and abandoning module AndroidMediaFactory (558)
[2018.12.18-07.56.10:641][283]LogModuleManager: Shutting down and abandoning module AndroidMediaEditor (556)
[2018.12.18-07.56.10:641][283]LogModuleManager: Shutting down and abandoning module MagicLeapCameraPreviewFactory (554)
[2018.12.18-07.56.10:641][283]LogModuleManager: Shutting down and abandoning module MagicLeapMediaFactory (552)
[2018.12.18-07.56.10:641][283]LogModuleManager: Shutting down and abandoning module MagicLeapMediaEditor (550)
[2018.12.18-07.56.10:641][283]LogModuleManager: Shutting down and abandoning module CharacterAI (548)
[2018.12.18-07.56.10:641][283]LogModuleManager: Shutting down and abandoning module SmartSnapping (546)
[2018.12.18-07.56.10:641][283]LogModuleManager: Shutting down and abandoning module SessionServices (544)
[2018.12.18-07.56.10:641][283]LogModuleManager: Shutting down and abandoning module ViewportSnapping (542)
[2018.12.18-07.56.10:641][283]LogModuleManager: Shutting down and abandoning module ViewportInteraction (540)
[2018.12.18-07.56.10:641][283]LogModuleManager: Shutting down and abandoning module ClothPainter (538)
[2018.12.18-07.56.10:673][283]LogModuleManager: Shutting down and abandoning module SkeletalMeshEditor (537)
[2018.12.18-07.56.10:691][283]LogModuleManager: Shutting down and abandoning module LogVisualizer (534)
[2018.12.18-07.56.10:732][283]LogModuleManager: Shutting down and abandoning module IntroTutorials (532)
[2018.12.18-07.56.10:808][283]LogModuleManager: Shutting down and abandoning module GameProjectGeneration (531)
[2018.12.18-07.56.10:831][283]LogModuleManager: Shutting down and abandoning module LuminPlatformEditor (528)
[2018.12.18-07.56.10:831][283]LogModuleManager: Shutting down and abandoning module IOSPlatformEditor (526)
[2018.12.18-07.56.10:831][283]LogModuleManager: Shutting down and abandoning module HTML5PlatformEditor (524)
[2018.12.18-07.56.10:831][283]LogModuleManager: Shutting down and abandoning module AndroidPlatformEditor (522)
[2018.12.18-07.56.10:831][283]LogModuleManager: Shutting down and abandoning module AndroidDeviceDetection (521)
[2018.12.18-07.56.12:045][283]LogModuleManager: Shutting down and abandoning module WindowsPlatformEditor (518)
[2018.12.18-07.56.12:045][283]LogModuleManager: Shutting down and abandoning module LuminRuntimeSettings (516)
[2018.12.18-07.56.12:045][283]LogModuleManager: Shutting down and abandoning module IOSRuntimeSettings (514)
[2018.12.18-07.56.12:045][283]LogModuleManager: Shutting down and abandoning module AndroidRuntimeSettings (512)
[2018.12.18-07.56.12:045][283]LogModuleManager: Shutting down and abandoning module TimeManagementEditor (510)
[2018.12.18-07.56.12:045][283]LogModuleManager: Shutting down and abandoning module InputBindingEditor (508)
[2018.12.18-07.56.12:066][283]LogModuleManager: Shutting down and abandoning module MergeActors (506)
[2018.12.18-07.56.12:085][283]LogModuleManager: Shutting down and abandoning module LocalizationDashboard (504)
[2018.12.18-07.56.12:102][283]LogModuleManager: Shutting down and abandoning module LocalizationService (503)
[2018.12.18-07.56.12:118][283]LogModuleManager: Shutting down and abandoning module HardwareTargeting (500)
[2018.12.18-07.56.12:118][283]LogModuleManager: Shutting down and abandoning module DeviceProfileEditor (498)
[2018.12.18-07.56.12:130][283]LogModuleManager: Shutting down and abandoning module UndoHistory (496)
[2018.12.18-07.56.12:143][283]LogModuleManager: Shutting down and abandoning module XmlParser (494)
[2018.12.18-07.56.12:143][283]LogModuleManager: Shutting down and abandoning module Blutility (492)
[2018.12.18-07.56.12:150][283]LogModuleManager: Shutting down and abandoning module ProjectSettingsViewer (490)
[2018.12.18-07.56.12:151][283]LogModuleManager: Shutting down and abandoning module ProjectTargetPlatformEditor (489)
[2018.12.18-07.56.12:151][283]LogModuleManager: Shutting down and abandoning module EditorSettingsViewer (486)
[2018.12.18-07.56.12:151][283]LogModuleManager: Shutting down and abandoning module SettingsEditor (484)
[2018.12.18-07.56.12:163][283]LogModuleManager: Shutting down and abandoning module ProjectLauncher (482)
[2018.12.18-07.56.12:176][283]LogModuleManager: Shutting down and abandoning module SessionFrontend (480)
[2018.12.18-07.56.12:189][283]LogModuleManager: Shutting down and abandoning module ProfilerClient (478)
[2018.12.18-07.56.12:206][283]LogModuleManager: Shutting down and abandoning module DeviceManager (476)
[2018.12.18-07.56.12:220][283]LogModuleManager: Shutting down and abandoning module TargetDeviceServices (475)
[2018.12.18-07.56.12:275][283]LogModuleManager: Shutting down and abandoning module AutomationController (472)
[2018.12.18-07.56.12:294][283]LogModuleManager: Shutting down and abandoning module AutomationWindow (470)
[2018.12.18-07.56.12:317][283]LogModuleManager: Shutting down and abandoning module Layers (468)
[2018.12.18-07.56.12:317][283]LogModuleManager: Shutting down and abandoning module ComponentVisualizers (466)
[2018.12.18-07.56.12:317][283]LogModuleManager: Shutting down and abandoning module DetailCustomizations (464)
[2018.12.18-07.56.12:335][283]LogModuleManager: Shutting down and abandoning module PackagesDialog (462)
[2018.12.18-07.56.12:359][283]LogModuleManager: Shutting down and abandoning module Persona (460)
[2018.12.18-07.56.12:394][283]LogModuleManager: Shutting down and abandoning module AdvancedPreviewScene (459)
[2018.12.18-07.56.12:394][283]LogModuleManager: Shutting down and abandoning module AnimGraph (457)
[2018.12.18-07.56.12:399][283]LogModuleManager: Shutting down and abandoning module Kismet (454)
[2018.12.18-07.56.12:462][283]LogModuleManager: Shutting down and abandoning module GraphEditor (452)
[2018.12.18-07.56.12:508][283]LogModuleManager: Shutting down and abandoning module ClassViewer (450)
[2018.12.18-07.56.12:508][283]LogModuleManager: Shutting down and abandoning module Toolbox (448)
[2018.12.18-07.56.12:508][283]LogModuleManager: Shutting down and abandoning module ModuleUI (446)
[2018.12.18-07.56.12:518][283]LogModuleManager: Shutting down and abandoning module MovieSceneTools (444)
[2018.12.18-07.56.12:519][283]LogModuleManager: Shutting down and abandoning module OutputLog (442)
[2018.12.18-07.56.12:519][283]LogModuleManager: Shutting down and abandoning module GammaUI (440)
[2018.12.18-07.56.12:525][283]LogModuleManager: Shutting down and abandoning module Documentation (438)
[2018.12.18-07.56.12:525][283]LogModuleManager: Shutting down and abandoning module MovieSceneTracks (436)
[2018.12.18-07.56.12:525][283]LogModuleManager: Shutting down and abandoning module MovieScene (434)
[2018.12.18-07.56.12:545][283]LogModuleManager: Shutting down and abandoning module StreamingPauseRendering (432)
[2018.12.18-07.56.12:565][283]LogModuleManager: Shutting down and abandoning module LauncherPlatform (430)
[2018.12.18-07.56.12:565][283]LogModuleManager: Shutting down and abandoning module AnalyticsET (428)
[2018.12.18-07.56.12:565][283]LogModuleManager: Shutting down and abandoning module PortalServices (426)
[2018.12.18-07.56.12:565][283]LogModuleManager: Shutting down and abandoning module PortalRpc (424)
[2018.12.18-07.56.12:565][283]LogModuleManager: Shutting down and abandoning module MessagingRpc (422)
[2018.12.18-07.56.12:565][283]LogModuleManager: Shutting down and abandoning module AIModule (420)
[2018.12.18-07.56.12:595][283]LogModuleManager: Shutting down and abandoning module GameplayDebugger (419)
[2018.12.18-07.56.12:604][283]LogModuleManager: Shutting down and abandoning module AITestSuite (417)
[2018.12.18-07.56.12:616][283]LogModuleManager: Shutting down and abandoning module NavigationSystem (415)
[2018.12.18-07.56.12:616][283]LogModuleManager: Shutting down and abandoning module DesktopPlatform (412)
[2018.12.18-07.56.12:626][283]LogModuleManager: Shutting down and abandoning module ImageWriteQueue (410)
[2018.12.18-07.56.12:629][283]LogModuleManager: Shutting down and abandoning module ProfilerService (408)
[2018.12.18-07.56.12:852][283]LogModuleManager: Shutting down and abandoning module TaskGraph (406)
[2018.12.18-07.56.12:885][283]LogModuleManager: Shutting down and abandoning module SubstanceLiveLink (404)
[2018.12.18-07.56.12:886][283]LogModuleManager: Shutting down and abandoning module SubstanceSource (402)
[2018.12.18-07.56.13:036][283]LogModuleManager: Shutting down and abandoning module SubstanceEditor (400)
[2018.12.18-07.56.13:198][283]LogModuleManager: Shutting down and abandoning module SteamVRController (398)
[2018.12.18-07.56.13:198][283]LogModuleManager: Shutting down and abandoning module ProceduralMeshComponentEditor (396)
[2018.12.18-07.56.13:198][283]LogModuleManager: Shutting down and abandoning module ProceduralMeshComponent (394)
[2018.12.18-07.56.13:208][283]LogModuleManager: Shutting down and abandoning module OculusInput (392)
[2018.12.18-07.56.13:208][283]LogModuleManager: Shutting down and abandoning module MobilePatchingUtils (390)
[2018.12.18-07.56.13:208][283]LogModuleManager: Shutting down and abandoning module EditableMesh (388)
[2018.12.18-07.56.13:218][283]LogModuleManager: Shutting down and abandoning module CustomMeshComponent (386)
[2018.12.18-07.56.13:218][283]LogModuleManager: Shutting down and abandoning module CableComponent (384)
[2018.12.18-07.56.13:233][283]LogModuleManager: Shutting down and abandoning module AudioCapture (382)
[2018.12.18-07.56.13:233][283]LogModuleManager: Shutting down and abandoning module ArchVisCharacter (380)
[2018.12.18-07.56.13:233][283]LogModuleManager: Shutting down and abandoning module AndroidPermission (378)
[2018.12.18-07.56.13:233][283]LogModuleManager: Shutting down and abandoning module NUTUnrealEngine4 (376)
[2018.12.18-07.56.13:250][283]LogModuleManager: Shutting down and abandoning module NetcodeUnitTest (374)
[2018.12.18-07.56.13:277][283]LogModuleManager: Shutting down and abandoning module MediaCompositing (372)
[2018.12.18-07.56.13:277][283]LogModuleManager: Shutting down and abandoning module LinearTimecode (370)
[2018.12.18-07.56.13:277][283]LogModuleManager: Shutting down and abandoning module ImgMedia (368)
[2018.12.18-07.56.13:281][283]LogModuleManager: Shutting down and abandoning module HTML5Networking (366)
[2018.12.18-07.56.13:281][283]LogModuleManager: Shutting down and abandoning module GeometryCacheTracks (364)
[2018.12.18-07.56.13:281][283]LogModuleManager: Shutting down and abandoning module GeometryCacheSequencer (362)
[2018.12.18-07.56.13:281][283]LogModuleManager: Shutting down and abandoning module BackChannel (360)
[2018.12.18-07.56.13:288][283]LogModuleManager: Shutting down and abandoning module AppleVision (358)
[2018.12.18-07.56.13:288][283]LogModuleManager: Shutting down and abandoning module AppleImageUtilsBlueprintSupport (356)
[2018.12.18-07.56.13:288][283]LogModuleManager: Shutting down and abandoning module AppleImageUtils (354)
[2018.12.18-07.56.13:288][283]LogModuleManager: Shutting down and abandoning module AlembicImporter (352)
[2018.12.18-07.56.13:288][283]LogModuleManager: Shutting down and abandoning module AlembicLibrary (351)
[2018.12.18-07.56.13:288][283]LogModuleManager: Shutting down and abandoning module GeometryCache (350)
[2018.12.18-07.56.13:288][283]LogModuleManager: Shutting down and abandoning module GeometryCacheEd (349)
[2018.12.18-07.56.13:288][283]LogModuleManager: Shutting down and abandoning module VariantManagerContent (344)
[2018.12.18-07.56.13:288][283]LogModuleManager: Shutting down and abandoning module DatasmithContentEditor (342)
[2018.12.18-07.56.13:298][283]LogModuleManager: Shutting down and abandoning module SpeedTreeImporter (340)
[2018.12.18-07.56.13:298][283]LogModuleManager: Shutting down and abandoning module PluginBrowser (338)
[2018.12.18-07.56.13:318][283]LogModuleManager: Shutting down and abandoning module MobileLauncherProfileWizard (336)
[2018.12.18-07.56.13:336][283]LogModuleManager: Shutting down and abandoning module PolygonModeling (334)
[2018.12.18-07.56.13:336][283]LogModuleManager: Shutting down and abandoning module MeshEditor (332)
[2018.12.18-07.56.13:348][283]LogModuleManager: Shutting down and abandoning module CryptoKeysOpenSSL (330)
[2018.12.18-07.56.13:366][283]LogModuleManager: Shutting down and abandoning module CryptoKeys (328)
[2018.12.18-07.56.13:366][283]LogModuleManager: Shutting down and abandoning module VisualStudioSourceCodeAccess (326)
[2018.12.18-07.56.13:366][283]LogModuleManager: Shutting down and abandoning module VisualStudioCodeSourceCodeAccess (324)
[2018.12.18-07.56.13:366][283]LogModuleManager: Shutting down and abandoning module UObjectPlugin (322)
[2018.12.18-07.56.13:366][283]LogModuleManager: Shutting down and abandoning module SubversionSourceControl (320)
[2018.12.18-07.56.13:384][283]LogModuleManager: Shutting down and abandoning module PerforceSourceControl (318)
[2018.12.18-07.56.13:417][283]LogModuleManager: Shutting down and abandoning module GitSourceControl (316)
[2018.12.18-07.56.13:417][283]LogModuleManager: Shutting down and abandoning module SourceControl (315)
[2018.12.18-07.56.13:417][283]LogModuleManager: Shutting down and abandoning module CLionSourceCodeAccess (312)
[2018.12.18-07.56.13:431][283]LogModuleManager: Shutting down and abandoning module ActorLayerUtilitiesEditor (310)
[2018.12.18-07.56.13:431][283]LogModuleManager: Shutting down and abandoning module ActorLayerUtilities (308)
[2018.12.18-07.56.13:431][283]LogModuleManager: Shutting down and abandoning module LightPropagationVolumeEditor (306)
[2018.12.18-07.56.13:431][283]LogModuleManager: Shutting down and abandoning module PaperTiledImporter (304)
[2018.12.18-07.56.13:431][283]LogModuleManager: Shutting down and abandoning module PaperSpriteSheetImporter (302)
[2018.12.18-07.56.13:446][283]LogModuleManager: Shutting down and abandoning module Paper2DEditor (300)
[2018.12.18-07.56.13:478][283]LogModuleManager: Shutting down and abandoning module MeshPaint (299)
[2018.12.18-07.56.13:487][283]LogModuleManager: Shutting down and abandoning module RuntimePhysXCooking (296)
[2018.12.18-07.56.13:487][283]LogModuleManager: Shutting down and abandoning module PhysXVehiclesEditor (294)
[2018.12.18-07.56.13:487][283]LogModuleManager: Shutting down and abandoning module PhysXVehicles (292)
[2018.12.18-07.56.13:487][283]LogModuleManager: Shutting down and abandoning module OculusEditor (290)
[2018.12.18-07.56.13:495][283]LogModuleManager: Shutting down and abandoning module LocationServicesBPLibrary (288)
[2018.12.18-07.56.13:495][283]LogModuleManager: Shutting down and abandoning module ActorSequence (286)
[2018.12.18-07.56.13:495][283]LogModuleManager: Shutting down and abandoning module UdpMessaging (284)
[2018.12.18-07.56.13:596][283]LogModuleManager: Shutting down and abandoning module TcpMessaging (282)
[2018.12.18-07.56.13:709][283]LogModuleManager: Shutting down and abandoning module SubstanceCore (280)
[2018.12.18-07.56.13:741][283]LogModuleManager: Shutting down and abandoning module MagicLeapAudio (278)
[2018.12.18-07.56.13:741][283]LogModuleManager: Shutting down and abandoning module GameplayTagsEditor (276)
[2018.12.18-07.56.13:741][283]LogModuleManager: Shutting down and abandoning module FacialAnimationEditor (274)
[2018.12.18-07.56.13:741][283]LogModuleManager: Shutting down and abandoning module FacialAnimation (272)
[2018.12.18-07.56.13:741][283]LogModuleManager: Shutting down and abandoning module DataValidation (270)
[2018.12.18-07.56.13:741][283]LogModuleManager: Shutting down and abandoning module AssetManagerEditor (268)
[2018.12.18-07.56.13:764][283]LogModuleManager: Shutting down and abandoning module LevelEditor (267)
[2018.12.18-07.56.13:780][283]LogModuleManager: Shutting down and abandoning module PixelInspectorModule (266)
[2018.12.18-07.56.13:792][283]LogModuleManager: Shutting down and abandoning module CommonMenuExtensions (264)
[2018.12.18-07.56.13:792][283]LogModuleManager: Shutting down and abandoning module MainFrame (262)
[2018.12.18-07.56.13:793][283]LogModuleManager: Shutting down and abandoning module HotReload (261)
[2018.12.18-07.56.13:810][283]LogModuleManager: Shutting down and abandoning module ContentBrowser (257)
[2018.12.18-07.56.13:811][283]LogModuleManager: Shutting down and abandoning module TreeMap (255)
[2018.12.18-07.56.13:819][283]LogModuleManager: Shutting down and abandoning module LightPropagationVolumeRuntime (252)
[2018.12.18-07.56.13:819][283]LogModuleManager: Shutting down and abandoning module AISupportModule (250)
[2018.12.18-07.56.13:819][283]LogModuleManager: Shutting down and abandoning module Paper2D (248)
[2018.12.18-07.56.13:838][283]LogModuleManager: Shutting down and abandoning module WindowsMoviePlayer (246)
[2018.12.18-07.56.13:850][283]LogModuleManager: Shutting down and abandoning module WebMMoviePlayer (244)
[2018.12.18-07.56.13:850][283]LogModuleManager: Shutting down and abandoning module WmfMedia (242)
[2018.12.18-07.56.13:860][283]LogModuleManager: Shutting down and abandoning module Media (241)
[2018.12.18-07.56.13:866][283]LogModuleManager: Shutting down and abandoning module PacketHandler (238)
[2018.12.18-07.56.13:866][283]LogModuleManager: Shutting down and abandoning module ClothingSystemEditor (236)
[2018.12.18-07.56.13:866][283]LogModuleManager: Shutting down and abandoning module ClothingSystemRuntime (234)
[2018.12.18-07.56.13:887][283]LogModuleManager: Shutting down and abandoning module MediaAssets (232)
[2018.12.18-07.56.13:887][283]LogModuleManager: Shutting down and abandoning module Overlay (230)
[2018.12.18-07.56.13:888][283]LogModuleManager: Shutting down and abandoning module OverlayEditor (229)
[2018.12.18-07.56.13:888][283]LogModuleManager: Shutting down and abandoning module VREditor (226)
[2018.12.18-07.56.13:909][283]LogModuleManager: Shutting down and abandoning module StringTableEditor (224)
[2018.12.18-07.56.13:930][283]LogModuleManager: Shutting down and abandoning module GameplayTasksEditor (222)
[2018.12.18-07.56.13:930][283]LogModuleManager: Shutting down and abandoning module BehaviorTreeEditor (220)
[2018.12.18-07.56.13:978][283]LogModuleManager: Shutting down and abandoning module FunctionalTesting (218)
[2018.12.18-07.56.13:998][283]LogModuleManager: Shutting down and abandoning module CollisionAnalyzer (216)
[2018.12.18-07.56.14:017][283]LogModuleManager: Shutting down and abandoning module WorkspaceMenuStructure (215)
[2018.12.18-07.56.14:017][283]LogModuleManager: Shutting down and abandoning module UMG (212)
[2018.12.18-07.56.14:036][283]LogModuleManager: Shutting down and abandoning module UMGEditor (211)
[2018.12.18-07.56.14:081][283]LogModuleManager: Shutting down and abandoning module Sequencer (210)
[2018.12.18-07.56.14:123][283]LogModuleManager: Shutting down and abandoning module MessageLog (207)
[2018.12.18-07.56.14:123][283]LogModuleManager: Shutting down and abandoning module SlateReflector (202)
[2018.12.18-07.56.14:158][283]LogModuleManager: Shutting down and abandoning module Slate (200)
[2018.12.18-07.56.14:158][283]LogModuleManager: Shutting down and abandoning module EditorStyle (198)
[2018.12.18-07.56.14:160][283]LogModuleManager: Shutting down and abandoning module MRMesh (196)
[2018.12.18-07.56.14:171][283]LogModuleManager: Shutting down and abandoning module SourceCodeAccess (194)
[2018.12.18-07.56.14:171][283]LogModuleManager: Shutting down and abandoning module HeadMountedDisplay (192)
[2018.12.18-07.56.14:171][283]LogModuleManager: Shutting down and abandoning module XAudio2 (190)
[2018.12.18-07.56.14:171][283]LogModuleManager: Shutting down and abandoning module Networking (188)
[2018.12.18-07.56.14:171][283]LogModuleManager: Shutting down and abandoning module Core (186)
[2018.12.18-07.56.14:171][283]LogModuleManager: Shutting down and abandoning module LevelSequence (184)
[2018.12.18-07.56.14:171][283]LogModuleManager: Shutting down and abandoning module KismetCompiler (182)
[2018.12.18-07.56.14:171][283]LogModuleManager: Shutting down and abandoning module MeshUtilities (180)
[2018.12.18-07.56.14:189][283]LogModuleManager: Shutting down and abandoning module MeshMergeUtilities (179)
[2018.12.18-07.56.14:207][283]LogModuleManager: Shutting down and abandoning module MeshReductionInterface (178)
[2018.12.18-07.56.14:207][283]LogModuleManager: Shutting down and abandoning module SimplygonSwarm (177)
[2018.12.18-07.56.14:218][283]LogModuleManager: Shutting down and abandoning module ProxyLODMeshReduction (175)
[2018.12.18-07.56.14:239][283]LogModuleManager: Shutting down and abandoning module SimplygonMeshReduction (173)
[2018.12.18-07.56.14:239][283]LogModuleManager: Shutting down and abandoning module QuadricMeshReduction (171)
[2018.12.18-07.56.14:254][283]LogModuleManager: Shutting down and abandoning module MaterialBaking (167)
[2018.12.18-07.56.14:267][283]LogModuleManager: Shutting down and abandoning module DirectoryWatcher (163)
[2018.12.18-07.56.14:267][283]LogModuleManager: Shutting down and abandoning module DerivedDataCache (160)
[2018.12.18-07.56.14:307][283]LogDerivedDataCache: Shutdown
[2018.12.18-07.56.14:307][283]LogModuleManager: Shutting down and abandoning module XGEController (158)
[2018.12.18-07.56.14:317][283]LogXGEController: Cleaning working directory: C:/Users/Alex/AppData/Local/Temp/UnrealXGEWorkingDir/
[2018.12.18-07.56.14:317][283]LogModuleManager: Shutting down and abandoning module TargetPlatform (156)
[2018.12.18-07.56.14:317][283]LogModuleManager: Shutting down and abandoning module VulkanShaderFormat (155)
[2018.12.18-07.56.14:331][283]LogModuleManager: Shutting down and abandoning module ShaderFormatVectorVM (153)
[2018.12.18-07.56.14:337][283]LogModuleManager: Shutting down and abandoning module ShaderFormatOpenGL (151)
[2018.12.18-07.56.14:346][283]LogModuleManager: Shutting down and abandoning module ShaderFormatD3D (149)
[2018.12.18-07.56.14:346][283]LogModuleManager: Shutting down and abandoning module MetalShaderFormat (147)
[2018.12.18-07.56.14:370][283]LogModuleManager: Shutting down and abandoning module TextureFormatUncompressed (145)
[2018.12.18-07.56.14:370][283]LogModuleManager: Shutting down and abandoning module TextureFormatPVR (143)
[2018.12.18-07.56.14:370][283]LogModuleManager: Shutting down and abandoning module TextureFormatDXT (141)
[2018.12.18-07.56.14:388][283]LogModuleManager: Shutting down and abandoning module TextureFormatIntelISPCTexComp (139)
[2018.12.18-07.56.14:401][283]LogModuleManager: Shutting down and abandoning module TextureFormatASTC (137)
[2018.12.18-07.56.14:401][283]LogModuleManager: Shutting down and abandoning module ImageWrapper (136)
[2018.12.18-07.56.14:401][283]LogModuleManager: Shutting down and abandoning module TextureFormatAndroid (133)
[2018.12.18-07.56.14:401][283]LogModuleManager: Shutting down and abandoning module AudioFormatOpus (131)
[2018.12.18-07.56.14:401][283]LogModuleManager: Shutting down and abandoning module AudioFormatOgg (129)
[2018.12.18-07.56.14:401][283]LogModuleManager: Shutting down and abandoning module AudioFormatADPCM (127)
[2018.12.18-07.56.14:401][283]LogModuleManager: Shutting down and abandoning module LuminTargetPlatform (125)
[2018.12.18-07.56.14:412][283]LogModuleManager: Shutting down and abandoning module LinuxTargetPlatform (123)
[2018.12.18-07.56.14:412][283]LogModuleManager: Shutting down and abandoning module LinuxServerTargetPlatform (121)
[2018.12.18-07.56.14:412][283]LogModuleManager: Shutting down and abandoning module LinuxNoEditorTargetPlatform (119)
[2018.12.18-07.56.14:412][283]LogModuleManager: Shutting down and abandoning module LinuxClientTargetPlatform (117)
[2018.12.18-07.56.14:412][283]LogModuleManager: Shutting down and abandoning module TVOSTargetPlatform (115)
[2018.12.18-07.56.14:424][283]LogModuleManager: Shutting down and abandoning module Messaging (113)
[2018.12.18-07.56.14:424][283]LogModuleManager: Shutting down and abandoning module IOSTargetPlatform (111)
[2018.12.18-07.56.14:425][283]LogModuleManager: Shutting down and abandoning module HTML5TargetPlatform (109)
[2018.12.18-07.56.14:425][283]LogModuleManager: Shutting down and abandoning module AndroidTargetPlatform (107)
[2018.12.18-07.56.14:432][283]LogModuleManager: Shutting down and abandoning module WindowsTargetPlatform (105)
[2018.12.18-07.56.14:432][283]LogModuleManager: Shutting down and abandoning module WindowsServerTargetPlatform (103)
[2018.12.18-07.56.14:432][283]LogModuleManager: Shutting down and abandoning module WindowsNoEditorTargetPlatform (101)
[2018.12.18-07.56.14:432][283]LogModuleManager: Shutting down and abandoning module WindowsClientTargetPlatform (99)
[2018.12.18-07.56.14:432][283]LogModuleManager: Shutting down and abandoning module MacTargetPlatform (97)
[2018.12.18-07.56.14:432][283]LogModuleManager: Shutting down and abandoning module MacServerTargetPlatform (95)
[2018.12.18-07.56.14:432][283]LogModuleManager: Shutting down and abandoning module MacNoEditorTargetPlatform (93)
[2018.12.18-07.56.14:432][283]LogModuleManager: Shutting down and abandoning module MacClientTargetPlatform (91)
[2018.12.18-07.56.14:432][283]LogModuleManager: Shutting down and abandoning module AllDesktopTargetPlatform (89)
[2018.12.18-07.56.14:432][283]LogModuleManager: Shutting down and abandoning module InputCore (86)
[2018.12.18-07.56.14:432][283]LogModuleManager: Shutting down and abandoning module Settings (84)
[2018.12.18-07.56.14:432][283]LogModuleManager: Shutting down and abandoning module PhysXCooking (82)
[2018.12.18-07.56.14:432][283]LogModuleManager: Shutting down and abandoning module SteamVR (80)
[2018.12.18-07.56.14:447][283]LogHMD: Freeing OpenVRDLLHandle.
[2018.12.18-07.56.14:447][283]LogModuleManager: Shutting down and abandoning module OculusHMD (78)
[2018.12.18-07.56.14:462][283]LogModuleManager: Shutting down and abandoning module ExampleDeviceProfileSelector (76)
[2018.12.18-07.56.14:462][283]LogModuleManager: Shutting down and abandoning module LauncherChunkInstaller (74)
[2018.12.18-07.56.14:462][283]LogModuleManager: Shutting down and abandoning module OnlineBlueprintSupport (72)
[2018.12.18-07.56.14:462][283]LogModuleManager: Shutting down and abandoning module OnlineSubsystem (68)
[2018.12.18-07.56.14:525][283]LogModuleManager: Shutting down and abandoning module XMPP (63)
[2018.12.18-07.56.14:572][283]LogModuleManager: Shutting down and abandoning module WebSockets (62)
[2018.12.18-07.56.14:622][283]LogModuleManager: Shutting down and abandoning module HTTP (59)
[2018.12.18-07.56.14:622][283]LogHttp: Display: Http module shutting down, but needs to wait on 1 outstanding Http requests:
[2018.12.18-07.56.14:622][283]LogHttp: Display: 	verb=[POST] url=[https://datarouter.ol.epicgames.com/datarouter/api/v1/public/data?SessionID=%7BAE2FC8E4-47AD-3CB9-D468-FF88F13E4235%7D&AppID=UEEditor.Rocket.Release&AppVersion=4.21.1-4613538%2B%2B%2BUE4%2BRelease-4.21&UserID=2eca3bc54fbe743a6730ceb260c1a604%7C25fcacee16fa4a9aaf9ea90772228914%7C1b4df8f4-be60-4437-a84f-7a3be51d8226&AppEnvironment=datacollector-binary&UploadType=eteventstream] status=Processing
[2018.12.18-07.56.14:630][283]LogModuleManager: Shutting down and abandoning module SSL (58)
[2018.12.18-07.56.14:631][283]LogModuleManager: Shutting down and abandoning module MagicLeapIdentity (54)
[2018.12.18-07.56.14:631][283]LogModuleManager: Shutting down and abandoning module MagicLeapHelperVulkan (52)
[2018.12.18-07.56.14:631][283]LogModuleManager: Shutting down and abandoning module MagicLeapHelperOpenGL (50)
[2018.12.18-07.56.14:632][283]LogModuleManager: Shutting down and abandoning module MagicLeapSecureStorage (48)
[2018.12.18-07.56.14:632][283]LogModuleManager: Shutting down and abandoning module MagicLeapHandTracking (46)
[2018.12.18-07.56.14:632][283]LogModuleManager: Shutting down and abandoning module MagicLeapEyeTracker (44)
[2018.12.18-07.56.14:632][283]LogModuleManager: Shutting down and abandoning module MagicLeapController (42)
[2018.12.18-07.56.14:632][283]LogSlate: Slate User Destroyed.  User Index 0, Is Virtual User: 0
[2018.12.18-07.56.14:632][283]LogModuleManager: Shutting down and abandoning module MagicLeap (40)
[2018.12.18-07.56.14:662][283]LogModuleManager: Shutting down and abandoning module DatasmithContent (38)
[2018.12.18-07.56.14:668][283]LogModuleManager: Shutting down and abandoning module AnimationModifiers (36)
[2018.12.18-07.56.14:692][283]LogModuleManager: Shutting down and abandoning module PropertyEditor (35)
[2018.12.18-07.56.14:719][283]LogModuleManager: Shutting down and abandoning module AudioEditor (32)
[2018.12.18-07.56.14:786][283]LogModuleManager: Shutting down and abandoning module TextureCompressor (30)
[2018.12.18-07.56.14:804][283]LogModuleManager: Shutting down and abandoning module ShaderCore (28)
[2018.12.18-07.56.14:804][283]LogModuleManager: Shutting down and abandoning module Landscape (26)
[2018.12.18-07.56.14:804][283]LogModuleManager: Shutting down and abandoning module SlateRHIRenderer (24)
[2018.12.18-07.56.14:844][283]LogModuleManager: Shutting down and abandoning module OpenGLDrv (22)
[2018.12.18-07.56.14:886][283]LogModuleManager: Shutting down and abandoning module D3D11RHI (20)
[2018.12.18-07.56.14:886][283]LogModuleManager: Shutting down and abandoning module AnimGraphRuntime (18)
[2018.12.18-07.56.14:908][283]LogModuleManager: Shutting down and abandoning module Renderer (16)
[2018.12.18-07.56.14:909][283]LogModuleManager: Shutting down and abandoning module Engine (14)
[2018.12.18-07.56.14:909][283]LogModuleManager: Shutting down and abandoning module CoreUObject (12)
[2018.12.18-07.56.14:909][283]LogModuleManager: Shutting down and abandoning module NetworkFile (10)
[2018.12.18-07.56.14:928][283]LogModuleManager: Shutting down and abandoning module CookedIterativeFile (8)
[2018.12.18-07.56.14:929][283]LogModuleManager: Shutting down and abandoning module StreamingFile (6)
[2018.12.18-07.56.14:981][283]LogModuleManager: Shutting down and abandoning module SandboxFile (4)
[2018.12.18-07.56.14:981][283]LogModuleManager: Shutting down and abandoning module PakFile (2)
[2018.12.18-07.56.15:032][283]LogExit: Exiting.
[2018.12.18-07.56.15:051][283]Log file closed, 12/18/18 18:56:15
