Log file open, 12/18/18 18:57:11
LogWindows: Failed to load 'aqProf.dll' (GetLastError=126)
LogWindows: File 'aqProf.dll' does not exist
LogWindows: Failed to load 'VtuneApi.dll' (GetLastError=126)
LogWindows: File 'VtuneApi.dll' does not exist
LogWindows: Failed to load 'VtuneApi32e.dll' (GetLastError=126)
LogWindows: File 'VtuneApi32e.dll' does not exist
LogConsoleResponse: Display: Failed to find resolution value strings in scalability ini. Falling back to default.
LogInit: Display: Running engine for game: BodyTech
LogPakFile: Registered encryption key '00000000000000000000000000000000': 0 pak files mounted, 0 remain pending
LogPlatformFile: Not using cached read wrapper
LogTaskGraph: Started task graph with 5 named threads and 14 total threads with 3 sets of task threads.
LogStats: Stats thread started at 0.335423
LogD3D11RHI: Loaded GFSDK_Aftermath_Lib.x64.dll
LogICUInternationalization: ICU TimeZone Detection - Raw Offset: +10:00, Platform Override: ''
LogPluginManager: Mounting plugin Paper2D
LogPluginManager: Mounting plugin AISupport
LogPluginManager: Mounting plugin LightPropagationVolume
LogPluginManager: Mounting plugin ActorLayerUtilities
LogPluginManager: Mounting plugin CLionSourceCodeAccess
LogPluginManager: Mounting plugin CodeLiteSourceCodeAccess
LogPluginManager: Mounting plugin GitSourceControl
LogPluginManager: Mounting plugin KDevelopSourceCodeAccess
LogPluginManager: Mounting plugin NullSourceCodeAccess
LogPluginManager: Mounting plugin PerforceSourceControl
LogPluginManager: Mounting plugin SubversionSourceControl
LogPluginManager: Mounting plugin UObjectPlugin
LogPluginManager: Mounting plugin VisualStudioCodeSourceCodeAccess
LogPluginManager: Mounting plugin VisualStudioSourceCodeAccess
LogPluginManager: Mounting plugin XCodeSourceCodeAccess
LogPluginManager: Mounting plugin AssetManagerEditor
LogPluginManager: Mounting plugin CryptoKeys
LogPluginManager: Mounting plugin DataValidation
LogPluginManager: Mounting plugin FacialAnimation
LogPluginManager: Mounting plugin GameplayTagsEditor
LogPluginManager: Mounting plugin MacGraphicsSwitching
LogPluginManager: Mounting plugin MeshEditor
LogPluginManager: Mounting plugin MobileLauncherProfileWizard
LogPluginManager: Mounting plugin PluginBrowser
LogPluginManager: Mounting plugin SpeedTreeImporter
LogPluginManager: Mounting plugin DatasmithContent
LogPluginManager: Mounting plugin VariantManagerContent
LogPluginManager: Mounting plugin AlembicImporter
LogPluginManager: Mounting plugin AppleImageUtils
LogPluginManager: Mounting plugin AppleVision
LogPluginManager: Mounting plugin BackChannel
LogPluginManager: Mounting plugin CharacterAI
LogPluginManager: Mounting plugin GeometryCache
LogPluginManager: Mounting plugin HTML5Networking
LogPluginManager: Mounting plugin ProxyLODPlugin
LogPluginManager: Mounting plugin MagicLeap
LogPluginManager: Mounting plugin MagicLeapMedia
LogPluginManager: Mounting plugin Substance
LogPluginManager: Mounting plugin AndroidMedia
LogPluginManager: Mounting plugin AvfMedia
LogPluginManager: Mounting plugin ImgMedia
LogPluginManager: Mounting plugin LinearTimecode
LogPluginManager: Mounting plugin MediaCompositing
LogPluginManager: Mounting plugin MediaPlayerEditor
LogPluginManager: Mounting plugin WebMMedia
LogPluginManager: Mounting plugin WmfMedia
LogPluginManager: Mounting plugin TcpMessaging
LogPluginManager: Mounting plugin UdpMessaging
LogPluginManager: Mounting plugin ActorSequence
LogPluginManager: Mounting plugin LevelSequenceEditor
LogPluginManager: Mounting plugin MatineeToLevelSequence
LogPluginManager: Mounting plugin NetcodeUnitTest
LogPluginManager: Mounting plugin NUTUnrealEngine4
LogPluginManager: Mounting plugin OnlineSubsystemGooglePlay
LogPluginManager: Mounting plugin OnlineSubsystemIOS
LogPluginManager: Mounting plugin OnlineSubsystem
LogPluginManager: Mounting plugin OnlineSubsystemNull
LogPluginManager: Mounting plugin OnlineSubsystemUtils
LogPluginManager: Mounting plugin LauncherChunkInstaller
LogPluginManager: Mounting plugin AndroidDeviceProfileSelector
LogPluginManager: Mounting plugin AndroidMoviePlayer
LogPluginManager: Mounting plugin AndroidPermission
LogPluginManager: Mounting plugin AppleMoviePlayer
LogPluginManager: Mounting plugin ArchVisCharacter
LogPluginManager: Mounting plugin AudioCapture
LogPluginManager: Mounting plugin CableComponent
LogPluginManager: Mounting plugin CustomMeshComponent
LogPluginManager: Mounting plugin EditableMesh
LogPluginManager: Mounting plugin ExampleDeviceProfileSelector
LogPluginManager: Mounting plugin Firebase
LogPluginManager: Mounting plugin GoogleCloudMessaging
LogPluginManager: Mounting plugin IOSDeviceProfileSelector
LogPluginManager: Mounting plugin LinuxDeviceProfileSelector
LogPluginManager: Mounting plugin LocationServicesBPLibrary
LogPluginManager: Mounting plugin MobilePatchingUtils
LogPluginManager: Mounting plugin OculusVR
LogPluginManager: Mounting plugin PhysXVehicles
LogPluginManager: Mounting plugin ProceduralMeshComponent
LogPluginManager: Mounting plugin RuntimePhysXCooking
LogPluginManager: Mounting plugin SteamVR
LogPluginManager: Mounting plugin WebMMoviePlayer
LogPluginManager: Mounting plugin WindowsMoviePlayer
LogStreaming: Display: Took  0.220s to configure plugins.
LogInit: Using libcurl 7.55.1-DEV
LogInit:  - built for x86_64-pc-win32
LogInit:  - supports SSL with OpenSSL/1.0.2h
LogInit:  - supports HTTP deflate (compression) using libz 1.2.8
LogInit:  - other features:
LogInit:      CURL_VERSION_SSL
LogInit:      CURL_VERSION_LIBZ
LogInit:      CURL_VERSION_IPV6
LogInit:      CURL_VERSION_ASYNCHDNS
LogInit:      CURL_VERSION_LARGEFILE
LogInit:      CURL_VERSION_IDN
LogInit:  CurlRequestOptions (configurable via config and command line):
LogInit:  - bVerifyPeer = true  - Libcurl will verify peer certificate
LogInit:  - bUseHttpProxy = false  - Libcurl will NOT use HTTP proxy
LogInit:  - bDontReuseConnections = false  - Libcurl will reuse connections
LogInit:  - MaxHostConnections = 16  - Libcurl will limit the number of connections to a host
LogInit:  - LocalHostAddr = Default
LogInit:  - BufferSize = 65536
LogInit: WinSock: version 1.1 (2.2), MaxSocks=32767, MaxUdp=65467
LogHMD: Failed initializing OVRPlugin 1.28.0
LogInit: Build: ++UE4+Release-4.21-CL-4613538
LogInit: Engine Version: 4.21.1-4613538+++UE4+Release-4.21
LogInit: Compatible Engine Version: 4.21.0-4541578+++UE4+Release-4.21
LogInit: Net CL: 4541578
LogInit: OS: Windows 10 (), CPU: Intel(R) Core(TM) i5-4570 CPU @ 3.20GHz, GPU: NVIDIA GeForce GTX 1060 6GB
LogInit: Compiled (64-bit): Nov 30 2018 04:13:25
LogInit: Compiled with Visual C++: 19.13.26129.00
LogInit: Build Configuration: Development
LogInit: Branch Name: ++UE4+Release-4.21
LogInit: Command Line: 
LogInit: Base Directory: D:/UE4/UE_4.21/Engine/Binaries/Win64/
LogInit: Installed Engine Build: 1
LogDevObjectVersion: Number of dev versions registered: 22
LogDevObjectVersion:   Dev-Blueprints (B0D832E4-1F89-4F0D-ACCF-7EB736FD4AA2): 10
LogDevObjectVersion:   Dev-Build (E1C64328-A22C-4D53-A36C-8E866417BD8C): 0
LogDevObjectVersion:   Dev-Core (375EC13C-06E4-48FB-B500-84F0262A717E): 2
LogDevObjectVersion:   Dev-Editor (E4B068ED-F494-42E9-A231-DA0B2E46BB41): 26
LogDevObjectVersion:   Dev-Framework (CFFC743F-43B0-4480-9391-14DF171D2073): 34
LogDevObjectVersion:   Dev-Mobile (B02B49B5-BB20-44E9-A304-32B752E40360): 2
LogDevObjectVersion:   Dev-Networking (A4E4105C-59A1-49B5-A7C5-40C4547EDFEE): 0
LogDevObjectVersion:   Dev-Online (39C831C9-5AE6-47DC-9A44-9C173E1C8E7C): 0
LogDevObjectVersion:   Dev-Physics (78F01B33-EBEA-4F98-B9B4-84EACCB95AA2): 0
LogDevObjectVersion:   Dev-Platform (6631380F-2D4D-43E0-8009-CF276956A95A): 0
LogDevObjectVersion:   Dev-Rendering (12F88B9F-8875-4AFC-A67C-D90C383ABD29): 27
LogDevObjectVersion:   Dev-Sequencer (7B5AE74C-D270-4C10-A958-57980B212A5A): 9
LogDevObjectVersion:   Dev-VR (D7296918-1DD6-4BDD-9DE2-64A83CC13884): 2
LogDevObjectVersion:   Dev-LoadTimes (C2A15278-BFE7-4AFE-6C17-90FF531DF755): 1
LogDevObjectVersion:   Private-Geometry (6EACA3D4-40EC-4CC1-B786-8BED09428FC5): 3
LogDevObjectVersion:   Dev-AnimPhys (29E575DD-E0A3-4627-9D10-D276232CDCEA): 17
LogDevObjectVersion:   Dev-Anim (AF43A65D-7FD3-4947-9873-3E8ED9C1BB05): 2
LogDevObjectVersion:   Dev-ReflectionCapture (6B266CEC-1EC7-4B8F-A30B-E4D90942FC07): 1
LogDevObjectVersion:   Dev-Automation (0DF73D61-A23F-47EA-B727-89E90C41499A): 1
LogDevObjectVersion:   FortniteMain (601D1886-AC64-4F84-AA16-D3DE0DEAC7D6): 17
LogDevObjectVersion:   Dev-Enterprise (9DFFBCD6-494F-0158-E221-12823C92A888): 4
LogDevObjectVersion:   Dev-Niagara (F2AED0AC-9AFE-416F-8664-AA7FFA26D6FC): 1
LogStreaming: Display: Took  0.001s to delete old logs.
LogInit: Presizing for max 8388607 objects, including 0 objects not considered by GC, pre-allocating 0 bytes for permanent pool.
LogInit: Object subsystem initialized
LogConfig: Setting CVar [[con.DebugEarlyDefault:1]]
LogConfig: Setting CVar [[r.setres:1280x720]]
[2018.12.18-07.57.13:727][  0]LogConfig: Setting CVar [[r.VSync:0]]
[2018.12.18-07.57.13:727][  0]LogConfig: Setting CVar [[r.RHICmdBypass:0]]
[2018.12.18-07.57.13:727][  0]LogConfig: Applying CVar settings from Section [/Script/Engine.RendererSettings] File [C:/Users/Alex/Documents/Collab/BodyTech/BodyTech 4.21/Saved/Config/Windows/Engine.ini]
[2018.12.18-07.57.13:727][  0]LogConfig: Setting CVar [[r.GPUCrashDebugging:0]]
[2018.12.18-07.57.13:727][  0]LogConfig: Setting CVar [[r.MobileHDR:1]]
[2018.12.18-07.57.13:727][  0]LogConfig: Setting CVar [[r.MobileNumDynamicPointLights:4]]
[2018.12.18-07.57.13:727][  0]LogConfig: Setting CVar [[r.MobileDynamicPointLightsUseStaticBranch:1]]
[2018.12.18-07.57.13:727][  0]LogConfig: Setting CVar [[r.AllowOcclusionQueries:1]]
[2018.12.18-07.57.13:727][  0]LogConfig: Setting CVar [[r.MinScreenRadiusForLights:0.030000]]
[2018.12.18-07.57.13:727][  0]LogConfig: Setting CVar [[r.MinScreenRadiusForDepthPrepass:0.030000]]
[2018.12.18-07.57.13:727][  0]LogConfig: Setting CVar [[r.PrecomputedVisibilityWarning:0]]
[2018.12.18-07.57.13:727][  0]LogConfig: Setting CVar [[r.TextureStreaming:1]]
[2018.12.18-07.57.13:727][  0]LogConfig: Setting CVar [[Compat.UseDXT5NormalMaps:0]]
[2018.12.18-07.57.13:727][  0]LogConfig: Setting CVar [[r.AllowStaticLighting:1]]
[2018.12.18-07.57.13:727][  0]LogConfig: Setting CVar [[r.NormalMapsForStaticLighting:0]]
[2018.12.18-07.57.13:727][  0]LogConfig: Setting CVar [[r.GenerateMeshDistanceFields:0]]
[2018.12.18-07.57.13:727][  0]LogConfig: Setting CVar [[r.GenerateLandscapeGIData:1]]
[2018.12.18-07.57.13:727][  0]LogConfig: Setting CVar [[r.TessellationAdaptivePixelsPerTriangle:48.000000]]
[2018.12.18-07.57.13:727][  0]LogConfig: Setting CVar [[r.SeparateTranslucency:1]]
[2018.12.18-07.57.13:727][  0]LogConfig: Setting CVar [[r.TranslucentSortPolicy:0]]
[2018.12.18-07.57.13:727][  0]LogConfig: Setting CVar [[r.CustomDepth:1]]
[2018.12.18-07.57.13:727][  0]LogConfig: Setting CVar [[r.DefaultFeature.Bloom:1]]
[2018.12.18-07.57.13:727][  0]LogConfig: Setting CVar [[r.DefaultFeature.AmbientOcclusion:1]]
[2018.12.18-07.57.13:727][  0]LogConfig: Setting CVar [[r.DefaultFeature.AmbientOcclusionStaticFraction:1]]
[2018.12.18-07.57.13:727][  0]LogConfig: Setting CVar [[r.DefaultFeature.AutoExposure:1]]
[2018.12.18-07.57.13:727][  0]LogConfig: Setting CVar [[r.DefaultFeature.MotionBlur:1]]
[2018.12.18-07.57.13:727][  0]LogConfig: Setting CVar [[r.DefaultFeature.LensFlare:1]]
[2018.12.18-07.57.13:727][  0]LogConfig: Setting CVar [[r.DefaultFeature.AntiAliasing:2]]
[2018.12.18-07.57.13:727][  0]LogConfig: Setting CVar [[r.EarlyZPass:3]]
[2018.12.18-07.57.13:727][  0]LogConfig: Setting CVar [[r.EarlyZPassMovable:0]]
[2018.12.18-07.57.13:727][  0]LogConfig: Setting CVar [[r.DBuffer:0]]
[2018.12.18-07.57.13:727][  0]LogConfig: Setting CVar [[r.ClearSceneMethod:1]]
[2018.12.18-07.57.13:727][  0]LogConfig: Setting CVar [[r.BasePassOutputsVelocity:0]]
[2018.12.18-07.57.13:727][  0]LogConfig: Setting CVar [[r.WireframeCullThreshold:5.000000]]
[2018.12.18-07.57.13:727][  0]LogConfig: Applying CVar settings from Section [/Script/Engine.RendererOverrideSettings] File [C:/Users/Alex/Documents/Collab/BodyTech/BodyTech 4.21/Saved/Config/Windows/Engine.ini]
[2018.12.18-07.57.13:727][  0]LogConfig: Applying CVar settings from Section [/Script/Engine.StreamingSettings] File [C:/Users/Alex/Documents/Collab/BodyTech/BodyTech 4.21/Saved/Config/Windows/Engine.ini]
[2018.12.18-07.57.13:728][  0]LogConfig: Setting CVar [[s.MinBulkDataSizeForAsyncLoading:131072]]
[2018.12.18-07.57.13:728][  0]LogConfig: Setting CVar [[s.AsyncLoadingThreadEnabled:0]]
[2018.12.18-07.57.13:728][  0]LogConfig: Setting CVar [[s.EventDrivenLoaderEnabled:1]]
[2018.12.18-07.57.13:728][  0]LogConfig: Setting CVar [[s.WarnIfTimeLimitExceeded:0]]
[2018.12.18-07.57.13:728][  0]LogConfig: Setting CVar [[s.TimeLimitExceededMultiplier:1.5]]
[2018.12.18-07.57.13:728][  0]LogConfig: Setting CVar [[s.TimeLimitExceededMinTime:0.005]]
[2018.12.18-07.57.13:728][  0]LogConfig: Setting CVar [[s.UseBackgroundLevelStreaming:1]]
[2018.12.18-07.57.13:728][  0]LogConfig: Setting CVar [[s.PriorityAsyncLoadingExtraTime:15.0]]
[2018.12.18-07.57.13:728][  0]LogConfig: Setting CVar [[s.LevelStreamingActorsUpdateTimeLimit:5.0]]
[2018.12.18-07.57.13:728][  0]LogConfig: Setting CVar [[s.PriorityLevelStreamingActorsUpdateExtraTime:5.0]]
[2018.12.18-07.57.13:728][  0]LogConfig: Setting CVar [[s.LevelStreamingComponentsRegistrationGranularity:10]]
[2018.12.18-07.57.13:728][  0]LogConfig: Setting CVar [[s.UnregisterComponentsTimeLimit:1.0]]
[2018.12.18-07.57.13:728][  0]LogConfig: Setting CVar [[s.LevelStreamingComponentsUnregistrationGranularity:5]]
[2018.12.18-07.57.13:728][  0]LogConfig: Applying CVar settings from Section [/Script/Engine.GarbageCollectionSettings] File [C:/Users/Alex/Documents/Collab/BodyTech/BodyTech 4.21/Saved/Config/Windows/Engine.ini]
[2018.12.18-07.57.13:728][  0]LogConfig: Setting CVar [[gc.MaxObjectsNotConsideredByGC:1]]
[2018.12.18-07.57.13:728][  0]LogConfig: Setting CVar [[gc.SizeOfPermanentObjectPool:0]]
[2018.12.18-07.57.13:728][  0]LogConfig: Setting CVar [[gc.FlushStreamingOnGC:0]]
[2018.12.18-07.57.13:728][  0]LogConfig: Setting CVar [[gc.NumRetriesBeforeForcingGC:10]]
[2018.12.18-07.57.13:728][  0]LogConfig: Setting CVar [[gc.AllowParallelGC:1]]
[2018.12.18-07.57.13:728][  0]LogConfig: Setting CVar [[gc.TimeBetweenPurgingPendingKillObjects:61.1]]
[2018.12.18-07.57.13:728][  0]LogConfig: Setting CVar [[gc.MaxObjectsInEditor:8388607]]
[2018.12.18-07.57.13:728][  0]LogConfig: Setting CVar [[gc.IncrementalBeginDestroyEnabled:1]]
[2018.12.18-07.57.13:728][  0]LogConfig: Setting CVar [[gc.CreateGCClusters:1]]
[2018.12.18-07.57.13:728][  0]LogConfig: Setting CVar [[gc.MergeGCClusters:0]]
[2018.12.18-07.57.13:728][  0]LogConfig: Setting CVar [[gc.MinGCClusterSize:5]]
[2018.12.18-07.57.13:728][  0]LogConfig: Setting CVar [[gc.ActorClusteringEnabled:0]]
[2018.12.18-07.57.13:728][  0]LogConfig: Setting CVar [[gc.BlueprintClusteringEnabled:0]]
[2018.12.18-07.57.13:728][  0]LogConfig: Setting CVar [[gc.UseDisregardForGCOnDedicatedServers:0]]
[2018.12.18-07.57.13:728][  0]LogConfig: Applying CVar settings from Section [/Script/Engine.NetworkSettings] File [C:/Users/Alex/Documents/Collab/BodyTech/BodyTech 4.21/Saved/Config/Windows/Engine.ini]
[2018.12.18-07.57.13:728][  0]LogConfig: Applying CVar settings from Section [/Script/UnrealEd.CookerSettings] File [C:/Users/Alex/Documents/Collab/BodyTech/BodyTech 4.21/Saved/Config/Windows/Engine.ini]
[2018.12.18-07.57.13:732][  0]LogConfig: Applying CVar settings from Section [ViewDistanceQuality@3] File [C:/Users/Alex/Documents/Collab/BodyTech/BodyTech 4.21/Saved/Config/Windows/Scalability.ini]
[2018.12.18-07.57.13:732][  0]LogConfig: Setting CVar [[r.SkeletalMeshLODBias:0]]
[2018.12.18-07.57.13:732][  0]LogConfig: Setting CVar [[r.ViewDistanceScale:1.0]]
[2018.12.18-07.57.13:732][  0]LogConfig: Applying CVar settings from Section [AntiAliasingQuality@3] File [C:/Users/Alex/Documents/Collab/BodyTech/BodyTech 4.21/Saved/Config/Windows/Scalability.ini]
[2018.12.18-07.57.13:732][  0]LogConfig: Setting CVar [[r.PostProcessAAQuality:4]]
[2018.12.18-07.57.13:732][  0]LogConfig: Applying CVar settings from Section [ShadowQuality@3] File [C:/Users/Alex/Documents/Collab/BodyTech/BodyTech 4.21/Saved/Config/Windows/Scalability.ini]
[2018.12.18-07.57.13:732][  0]LogConfig: Setting CVar [[r.LightFunctionQuality:1]]
[2018.12.18-07.57.13:732][  0]LogConfig: Setting CVar [[r.ShadowQuality:5]]
[2018.12.18-07.57.13:732][  0]LogConfig: Setting CVar [[r.Shadow.CSM.MaxCascades:10]]
[2018.12.18-07.57.13:732][  0]LogConfig: Setting CVar [[r.Shadow.MaxResolution:2048]]
[2018.12.18-07.57.13:732][  0]LogConfig: Setting CVar [[r.Shadow.MaxCSMResolution:2048]]
[2018.12.18-07.57.13:732][  0]LogConfig: Setting CVar [[r.Shadow.RadiusThreshold:0.01]]
[2018.12.18-07.57.13:732][  0]LogConfig: Setting CVar [[r.Shadow.DistanceScale:1.0]]
[2018.12.18-07.57.13:732][  0]LogConfig: Setting CVar [[r.Shadow.CSM.TransitionScale:1.0]]
[2018.12.18-07.57.13:732][  0]LogConfig: Setting CVar [[r.Shadow.PreShadowResolutionFactor:1.0]]
[2018.12.18-07.57.13:732][  0]LogConfig: Setting CVar [[r.DistanceFieldShadowing:1]]
[2018.12.18-07.57.13:732][  0]LogConfig: Setting CVar [[r.DistanceFieldAO:1]]
[2018.12.18-07.57.13:732][  0]LogConfig: Setting CVar [[r.AOQuality:2]]
[2018.12.18-07.57.13:732][  0]LogConfig: Setting CVar [[r.VolumetricFog:1]]
[2018.12.18-07.57.13:732][  0]LogConfig: Setting CVar [[r.VolumetricFog.GridPixelSize:8]]
[2018.12.18-07.57.13:732][  0]LogConfig: Setting CVar [[r.VolumetricFog.GridSizeZ:128]]
[2018.12.18-07.57.13:732][  0]LogConfig: Setting CVar [[r.VolumetricFog.HistoryMissSupersampleCount:4]]
[2018.12.18-07.57.13:732][  0]LogConfig: Setting CVar [[r.LightMaxDrawDistanceScale:1]]
[2018.12.18-07.57.13:732][  0]LogConfig: Setting CVar [[r.CapsuleShadows:1]]
[2018.12.18-07.57.13:732][  0]LogConfig: Applying CVar settings from Section [PostProcessQuality@3] File [C:/Users/Alex/Documents/Collab/BodyTech/BodyTech 4.21/Saved/Config/Windows/Scalability.ini]
[2018.12.18-07.57.13:732][  0]LogConfig: Setting CVar [[r.MotionBlurQuality:4]]
[2018.12.18-07.57.13:732][  0]LogConfig: Setting CVar [[r.AmbientOcclusionMipLevelFactor:0.4]]
[2018.12.18-07.57.13:732][  0]LogConfig: Setting CVar [[r.AmbientOcclusionMaxQuality:100]]
[2018.12.18-07.57.13:732][  0]LogConfig: Setting CVar [[r.AmbientOcclusionLevels:-1]]
[2018.12.18-07.57.13:732][  0]LogConfig: Setting CVar [[r.AmbientOcclusionRadiusScale:1.0]]
[2018.12.18-07.57.13:732][  0]LogConfig: Setting CVar [[r.DepthOfFieldQuality:2]]
[2018.12.18-07.57.13:732][  0]LogConfig: Setting CVar [[r.RenderTargetPoolMin:400]]
[2018.12.18-07.57.13:732][  0]LogConfig: Setting CVar [[r.LensFlareQuality:2]]
[2018.12.18-07.57.13:732][  0]LogConfig: Setting CVar [[r.SceneColorFringeQuality:1]]
[2018.12.18-07.57.13:732][  0]LogConfig: Setting CVar [[r.EyeAdaptationQuality:2]]
[2018.12.18-07.57.13:732][  0]LogConfig: Setting CVar [[r.BloomQuality:5]]
[2018.12.18-07.57.13:732][  0]LogConfig: Setting CVar [[r.FastBlurThreshold:100]]
[2018.12.18-07.57.13:732][  0]LogConfig: Setting CVar [[r.Upscale.Quality:3]]
[2018.12.18-07.57.13:732][  0]LogConfig: Setting CVar [[r.Tonemapper.GrainQuantization:1]]
[2018.12.18-07.57.13:733][  0]LogConfig: Setting CVar [[r.LightShaftQuality:1]]
[2018.12.18-07.57.13:733][  0]LogConfig: Setting CVar [[r.Filter.SizeScale:1]]
[2018.12.18-07.57.13:733][  0]LogConfig: Setting CVar [[r.Tonemapper.Quality:5]]
[2018.12.18-07.57.13:733][  0]LogConfig: Setting CVar [[r.DOF.Gather.AccumulatorQuality:1        ; higher gathering accumulator quality]]
[2018.12.18-07.57.13:733][  0]LogConfig: Setting CVar [[r.DOF.Gather.PostfilterMethod:1          ; Median3x3 postfilering method]]
[2018.12.18-07.57.13:733][  0]LogConfig: Setting CVar [[r.DOF.Gather.EnableBokehSettings:0       ; no bokeh simulation when gathering]]
[2018.12.18-07.57.13:733][  0]LogConfig: Setting CVar [[r.DOF.Gather.RingCount:4                 ; medium number of samples when gathering]]
[2018.12.18-07.57.13:733][  0]LogConfig: Setting CVar [[r.DOF.Scatter.ForegroundCompositing:1    ; additive foreground scattering]]
[2018.12.18-07.57.13:733][  0]LogConfig: Setting CVar [[r.DOF.Scatter.BackgroundCompositing:2    ; additive background scattering]]
[2018.12.18-07.57.13:733][  0]LogConfig: Setting CVar [[r.DOF.Scatter.EnableBokehSettings:1      ; bokeh simulation when scattering]]
[2018.12.18-07.57.13:733][  0]LogConfig: Setting CVar [[r.DOF.Scatter.MaxSpriteRatio:0.1         ; only a maximum of 10% of scattered bokeh]]
[2018.12.18-07.57.13:733][  0]LogConfig: Setting CVar [[r.DOF.Recombine.Quality:1                ; cheap slight out of focus]]
[2018.12.18-07.57.13:733][  0]LogConfig: Setting CVar [[r.DOF.Recombine.EnableBokehSettings:0    ; no bokeh simulation on slight out of focus]]
[2018.12.18-07.57.13:733][  0]LogConfig: Setting CVar [[r.DOF.TemporalAAQuality:1                ; more stable temporal accumulation]]
[2018.12.18-07.57.13:733][  0]LogConfig: Setting CVar [[r.DOF.Kernel.MaxForegroundRadius:0.025]]
[2018.12.18-07.57.13:733][  0]LogConfig: Setting CVar [[r.DOF.Kernel.MaxBackgroundRadius:0.025]]
[2018.12.18-07.57.13:733][  0]LogConfig: Applying CVar settings from Section [TextureQuality@3] File [C:/Users/Alex/Documents/Collab/BodyTech/BodyTech 4.21/Saved/Config/Windows/Scalability.ini]
[2018.12.18-07.57.13:733][  0]LogConfig: Setting CVar [[r.Streaming.MipBias:0]]
[2018.12.18-07.57.13:733][  0]LogConfig: Setting CVar [[r.Streaming.AmortizeCPUToGPUCopy:0]]
[2018.12.18-07.57.13:733][  0]LogConfig: Setting CVar [[r.Streaming.MaxNumTexturesToStreamPerFrame:0]]
[2018.12.18-07.57.13:733][  0]LogConfig: Setting CVar [[r.Streaming.Boost:1]]
[2018.12.18-07.57.13:733][  0]LogConfig: Setting CVar [[r.MaxAnisotropy:8]]
[2018.12.18-07.57.13:733][  0]LogConfig: Setting CVar [[r.Streaming.LimitPoolSizeToVRAM:0]]
[2018.12.18-07.57.13:733][  0]LogConfig: Setting CVar [[r.Streaming.PoolSize:1000]]
[2018.12.18-07.57.13:733][  0]LogConfig: Setting CVar [[r.Streaming.MaxEffectiveScreenSize:0]]
[2018.12.18-07.57.13:733][  0]LogConfig: Applying CVar settings from Section [EffectsQuality@3] File [C:/Users/Alex/Documents/Collab/BodyTech/BodyTech 4.21/Saved/Config/Windows/Scalability.ini]
[2018.12.18-07.57.13:733][  0]LogConfig: Setting CVar [[r.TranslucencyLightingVolumeDim:64]]
[2018.12.18-07.57.13:733][  0]LogConfig: Setting CVar [[r.RefractionQuality:2]]
[2018.12.18-07.57.13:733][  0]LogConfig: Setting CVar [[r.SSR.Quality:3]]
[2018.12.18-07.57.13:733][  0]LogConfig: Setting CVar [[r.SceneColorFormat:4]]
[2018.12.18-07.57.13:733][  0]LogConfig: Setting CVar [[r.DetailMode:2]]
[2018.12.18-07.57.13:733][  0]LogConfig: Setting CVar [[r.TranslucencyVolumeBlur:1]]
[2018.12.18-07.57.13:733][  0]LogConfig: Setting CVar [[r.MaterialQualityLevel:1 ; High quality]]
[2018.12.18-07.57.13:733][  0]LogConfig: Setting CVar [[r.SSS.Scale:1]]
[2018.12.18-07.57.13:733][  0]LogConfig: Setting CVar [[r.SSS.SampleSet:2]]
[2018.12.18-07.57.13:733][  0]LogConfig: Setting CVar [[r.SSS.Quality:1]]
[2018.12.18-07.57.13:733][  0]LogConfig: Setting CVar [[r.SSS.HalfRes:1]]
[2018.12.18-07.57.13:733][  0]LogConfig: Setting CVar [[r.EmitterSpawnRateScale:1.0]]
[2018.12.18-07.57.13:733][  0]LogConfig: Setting CVar [[r.ParticleLightQuality:2]]
[2018.12.18-07.57.13:733][  0]LogConfig: Applying CVar settings from Section [FoliageQuality@3] File [C:/Users/Alex/Documents/Collab/BodyTech/BodyTech 4.21/Saved/Config/Windows/Scalability.ini]
[2018.12.18-07.57.13:733][  0]LogConfig: Setting CVar [[foliage.DensityScale:1.0]]
[2018.12.18-07.57.13:733][  0]LogConfig: Setting CVar [[grass.DensityScale:1.0]]
[2018.12.18-07.57.13:734][  0]LogInit: Selected Device Profile: [Windows]
[2018.12.18-07.57.13:734][  0]LogInit: Applying CVar settings loaded from the selected device profile: [Windows]
[2018.12.18-07.57.13:776][  0]LogHAL: Display: Platform has ~ 16 GB [17067487232 / 17179869184 / 16], which maps to Larger [LargestMinGB=32, LargerMinGB=12, DefaultMinGB=8, SmallerMinGB=6, SmallestMinGB=0)
[2018.12.18-07.57.13:776][  0]LogConfig: Setting CVar [[r.Vulkan.UseRealUBs:1]]
[2018.12.18-07.57.13:776][  0]LogInit: Going up to parent DeviceProfile []
[2018.12.18-07.57.13:776][  0]LogConfig: Applying CVar settings from Section [ViewDistanceQuality@Cine] File [C:/Users/Alex/Documents/Collab/BodyTech/BodyTech 4.21/Saved/Config/Windows/Scalability.ini]
[2018.12.18-07.57.13:776][  0]LogConfig: Setting CVar [[r.SkeletalMeshLODBias:0]]
[2018.12.18-07.57.13:776][  0]LogConfig: Setting CVar [[r.ViewDistanceScale:10.0]]
[2018.12.18-07.57.13:776][  0]LogConfig: Applying CVar settings from Section [AntiAliasingQuality@3] File [C:/Users/Alex/Documents/Collab/BodyTech/BodyTech 4.21/Saved/Config/Windows/Scalability.ini]
[2018.12.18-07.57.13:776][  0]LogConfig: Setting CVar [[r.PostProcessAAQuality:4]]
[2018.12.18-07.57.13:776][  0]LogConfig: Applying CVar settings from Section [ShadowQuality@3] File [C:/Users/Alex/Documents/Collab/BodyTech/BodyTech 4.21/Saved/Config/Windows/Scalability.ini]
[2018.12.18-07.57.13:776][  0]LogConfig: Setting CVar [[r.LightFunctionQuality:1]]
[2018.12.18-07.57.13:776][  0]LogConfig: Setting CVar [[r.ShadowQuality:5]]
[2018.12.18-07.57.13:776][  0]LogConfig: Setting CVar [[r.Shadow.CSM.MaxCascades:10]]
[2018.12.18-07.57.13:776][  0]LogConfig: Setting CVar [[r.Shadow.MaxResolution:2048]]
[2018.12.18-07.57.13:776][  0]LogConfig: Setting CVar [[r.Shadow.MaxCSMResolution:2048]]
[2018.12.18-07.57.13:776][  0]LogConfig: Setting CVar [[r.Shadow.RadiusThreshold:0.01]]
[2018.12.18-07.57.13:776][  0]LogConfig: Setting CVar [[r.Shadow.DistanceScale:1.0]]
[2018.12.18-07.57.13:776][  0]LogConfig: Setting CVar [[r.Shadow.CSM.TransitionScale:1.0]]
[2018.12.18-07.57.13:776][  0]LogConfig: Setting CVar [[r.Shadow.PreShadowResolutionFactor:1.0]]
[2018.12.18-07.57.13:776][  0]LogConfig: Setting CVar [[r.DistanceFieldShadowing:1]]
[2018.12.18-07.57.13:776][  0]LogConfig: Setting CVar [[r.DistanceFieldAO:1]]
[2018.12.18-07.57.13:776][  0]LogConfig: Setting CVar [[r.AOQuality:2]]
[2018.12.18-07.57.13:776][  0]LogConfig: Setting CVar [[r.VolumetricFog:1]]
[2018.12.18-07.57.13:776][  0]LogConfig: Setting CVar [[r.VolumetricFog.GridPixelSize:8]]
[2018.12.18-07.57.13:776][  0]LogConfig: Setting CVar [[r.VolumetricFog.GridSizeZ:128]]
[2018.12.18-07.57.13:776][  0]LogConfig: Setting CVar [[r.VolumetricFog.HistoryMissSupersampleCount:4]]
[2018.12.18-07.57.13:776][  0]LogConfig: Setting CVar [[r.LightMaxDrawDistanceScale:1]]
[2018.12.18-07.57.13:776][  0]LogConfig: Setting CVar [[r.CapsuleShadows:1]]
[2018.12.18-07.57.13:776][  0]LogConfig: Applying CVar settings from Section [PostProcessQuality@3] File [C:/Users/Alex/Documents/Collab/BodyTech/BodyTech 4.21/Saved/Config/Windows/Scalability.ini]
[2018.12.18-07.57.13:776][  0]LogConfig: Setting CVar [[r.MotionBlurQuality:4]]
[2018.12.18-07.57.13:776][  0]LogConfig: Setting CVar [[r.AmbientOcclusionMipLevelFactor:0.4]]
[2018.12.18-07.57.13:776][  0]LogConfig: Setting CVar [[r.AmbientOcclusionMaxQuality:100]]
[2018.12.18-07.57.13:776][  0]LogConfig: Setting CVar [[r.AmbientOcclusionLevels:-1]]
[2018.12.18-07.57.13:776][  0]LogConfig: Setting CVar [[r.AmbientOcclusionRadiusScale:1.0]]
[2018.12.18-07.57.13:776][  0]LogConfig: Setting CVar [[r.DepthOfFieldQuality:2]]
[2018.12.18-07.57.13:776][  0]LogConfig: Setting CVar [[r.RenderTargetPoolMin:400]]
[2018.12.18-07.57.13:776][  0]LogConfig: Setting CVar [[r.LensFlareQuality:2]]
[2018.12.18-07.57.13:776][  0]LogConfig: Setting CVar [[r.SceneColorFringeQuality:1]]
[2018.12.18-07.57.13:777][  0]LogConfig: Setting CVar [[r.EyeAdaptationQuality:2]]
[2018.12.18-07.57.13:777][  0]LogConfig: Setting CVar [[r.BloomQuality:5]]
[2018.12.18-07.57.13:777][  0]LogConfig: Setting CVar [[r.FastBlurThreshold:100]]
[2018.12.18-07.57.13:777][  0]LogConfig: Setting CVar [[r.Upscale.Quality:3]]
[2018.12.18-07.57.13:777][  0]LogConfig: Setting CVar [[r.Tonemapper.GrainQuantization:1]]
[2018.12.18-07.57.13:777][  0]LogConfig: Setting CVar [[r.LightShaftQuality:1]]
[2018.12.18-07.57.13:777][  0]LogConfig: Setting CVar [[r.Filter.SizeScale:1]]
[2018.12.18-07.57.13:777][  0]LogConfig: Setting CVar [[r.Tonemapper.Quality:5]]
[2018.12.18-07.57.13:777][  0]LogConfig: Setting CVar [[r.DOF.Gather.AccumulatorQuality:1        ; higher gathering accumulator quality]]
[2018.12.18-07.57.13:777][  0]LogConfig: Setting CVar [[r.DOF.Gather.PostfilterMethod:1          ; Median3x3 postfilering method]]
[2018.12.18-07.57.13:777][  0]LogConfig: Setting CVar [[r.DOF.Gather.EnableBokehSettings:0       ; no bokeh simulation when gathering]]
[2018.12.18-07.57.13:777][  0]LogConfig: Setting CVar [[r.DOF.Gather.RingCount:4                 ; medium number of samples when gathering]]
[2018.12.18-07.57.13:777][  0]LogConfig: Setting CVar [[r.DOF.Scatter.ForegroundCompositing:1    ; additive foreground scattering]]
[2018.12.18-07.57.13:777][  0]LogConfig: Setting CVar [[r.DOF.Scatter.BackgroundCompositing:2    ; additive background scattering]]
[2018.12.18-07.57.13:777][  0]LogConfig: Setting CVar [[r.DOF.Scatter.EnableBokehSettings:1      ; bokeh simulation when scattering]]
[2018.12.18-07.57.13:777][  0]LogConfig: Setting CVar [[r.DOF.Scatter.MaxSpriteRatio:0.1         ; only a maximum of 10% of scattered bokeh]]
[2018.12.18-07.57.13:777][  0]LogConfig: Setting CVar [[r.DOF.Recombine.Quality:1                ; cheap slight out of focus]]
[2018.12.18-07.57.13:777][  0]LogConfig: Setting CVar [[r.DOF.Recombine.EnableBokehSettings:0    ; no bokeh simulation on slight out of focus]]
[2018.12.18-07.57.13:777][  0]LogConfig: Setting CVar [[r.DOF.TemporalAAQuality:1                ; more stable temporal accumulation]]
[2018.12.18-07.57.13:777][  0]LogConfig: Setting CVar [[r.DOF.Kernel.MaxForegroundRadius:0.025]]
[2018.12.18-07.57.13:777][  0]LogConfig: Setting CVar [[r.DOF.Kernel.MaxBackgroundRadius:0.025]]
[2018.12.18-07.57.13:777][  0]LogConfig: Applying CVar settings from Section [TextureQuality@3] File [C:/Users/Alex/Documents/Collab/BodyTech/BodyTech 4.21/Saved/Config/Windows/Scalability.ini]
[2018.12.18-07.57.13:777][  0]LogConfig: Setting CVar [[r.Streaming.MipBias:0]]
[2018.12.18-07.57.13:777][  0]LogConfig: Setting CVar [[r.Streaming.AmortizeCPUToGPUCopy:0]]
[2018.12.18-07.57.13:777][  0]LogConfig: Setting CVar [[r.Streaming.MaxNumTexturesToStreamPerFrame:0]]
[2018.12.18-07.57.13:777][  0]LogConfig: Setting CVar [[r.Streaming.Boost:1]]
[2018.12.18-07.57.13:777][  0]LogConfig: Setting CVar [[r.MaxAnisotropy:8]]
[2018.12.18-07.57.13:777][  0]LogConfig: Setting CVar [[r.Streaming.LimitPoolSizeToVRAM:0]]
[2018.12.18-07.57.13:777][  0]LogConfig: Setting CVar [[r.Streaming.PoolSize:1000]]
[2018.12.18-07.57.13:777][  0]LogConfig: Setting CVar [[r.Streaming.MaxEffectiveScreenSize:0]]
[2018.12.18-07.57.13:777][  0]LogConfig: Applying CVar settings from Section [EffectsQuality@3] File [C:/Users/Alex/Documents/Collab/BodyTech/BodyTech 4.21/Saved/Config/Windows/Scalability.ini]
[2018.12.18-07.57.13:777][  0]LogConfig: Setting CVar [[r.TranslucencyLightingVolumeDim:64]]
[2018.12.18-07.57.13:777][  0]LogConfig: Setting CVar [[r.RefractionQuality:2]]
[2018.12.18-07.57.13:777][  0]LogConfig: Setting CVar [[r.SSR.Quality:3]]
[2018.12.18-07.57.13:777][  0]LogConfig: Setting CVar [[r.SceneColorFormat:4]]
[2018.12.18-07.57.13:777][  0]LogConfig: Setting CVar [[r.DetailMode:2]]
[2018.12.18-07.57.13:777][  0]LogConfig: Setting CVar [[r.TranslucencyVolumeBlur:1]]
[2018.12.18-07.57.13:777][  0]LogConfig: Setting CVar [[r.MaterialQualityLevel:1 ; High quality]]
[2018.12.18-07.57.13:777][  0]LogConfig: Setting CVar [[r.SSS.Scale:1]]
[2018.12.18-07.57.13:777][  0]LogConfig: Setting CVar [[r.SSS.SampleSet:2]]
[2018.12.18-07.57.13:777][  0]LogConfig: Setting CVar [[r.SSS.Quality:1]]
[2018.12.18-07.57.13:777][  0]LogConfig: Setting CVar [[r.SSS.HalfRes:1]]
[2018.12.18-07.57.13:777][  0]LogConfig: Setting CVar [[r.EmitterSpawnRateScale:1.0]]
[2018.12.18-07.57.13:777][  0]LogConfig: Setting CVar [[r.ParticleLightQuality:2]]
[2018.12.18-07.57.13:777][  0]LogConfig: Applying CVar settings from Section [FoliageQuality@3] File [C:/Users/Alex/Documents/Collab/BodyTech/BodyTech 4.21/Saved/Config/Windows/Scalability.ini]
[2018.12.18-07.57.13:777][  0]LogConfig: Setting CVar [[foliage.DensityScale:1.0]]
[2018.12.18-07.57.13:777][  0]LogConfig: Setting CVar [[grass.DensityScale:1.0]]
[2018.12.18-07.57.13:777][  0]LogConfig: Applying CVar settings from Section [Startup] File [../../../Engine/Config/ConsoleVariables.ini]
[2018.12.18-07.57.13:790][  0]LogConfig: Setting CVar [[net.UseAdaptiveNetUpdateFrequency:0]]
[2018.12.18-07.57.13:790][  0]LogConfig: Applying CVar settings from Section [ConsoleVariables] File [C:/Users/Alex/Documents/Collab/BodyTech/BodyTech 4.21/Saved/Config/Windows/Engine.ini]
[2018.12.18-07.57.13:790][  0]LogInit: Computer: ALEX-PC
[2018.12.18-07.57.13:790][  0]LogInit: User: Alex
[2018.12.18-07.57.13:790][  0]LogInit: CPU Page size=4096, Cores=4
[2018.12.18-07.57.13:790][  0]LogInit: High frequency timer resolution =3.117784 MHz
[2018.12.18-07.57.13:791][  0]LogMemory: Memory total: Physical=15.9GB (16GB approx)
[2018.12.18-07.57.13:791][  0]LogMemory: Platform Memory Stats for Windows
[2018.12.18-07.57.13:791][  0]LogMemory: Process Physical Memory: 105.18 MB used, 105.18 MB peak
[2018.12.18-07.57.13:791][  0]LogMemory: Process Virtual Memory: 88.55 MB used, 88.55 MB peak
[2018.12.18-07.57.13:791][  0]LogMemory: Physical Memory: 6058.30 MB used,  10218.52 MB free, 16276.82 MB total
[2018.12.18-07.57.13:791][  0]LogMemory: Virtual Memory: 4649.33 MB used,  134213080.00 MB free, 134217728.00 MB total
[2018.12.18-07.57.13:829][  0]LogInit: Using OS detected language (en-US).
[2018.12.18-07.57.13:829][  0]LogInit: Using OS detected locale (en-US).
[2018.12.18-07.57.13:831][  0]LogTextLocalizationManager: No specific localization for 'en-US' exists, so the 'en' localization will be used.
[2018.12.18-07.57.14:534][  0]LogStreaming: Display: Took  0.706s to InitEngineTextLocalization.
[2018.12.18-07.57.14:535][  0]LogInit: Setting process to per monitor DPI aware
[2018.12.18-07.57.14:753][  0]LogSlate: New Slate User Created.  User Index 0, Is Virtual User: 0
[2018.12.18-07.57.14:753][  0]LogSlate: Slate User Registered.  User Index 0, Is Virtual User: 0
[2018.12.18-07.57.26:812][  0]LogHMD: Failed to initialize OpenVR with code 208
[2018.12.18-07.57.26:812][  0]LogD3D11RHI: D3D11 adapters:
[2018.12.18-07.57.27:119][  0]LogD3D11RHI:    0. 'NVIDIA GeForce GTX 1060 6GB' (Feature Level 11_0)
[2018.12.18-07.57.27:119][  0]LogD3D11RHI:       6052/0/8138 MB DedicatedVideo/DedicatedSystem/SharedSystem, Outputs:1, VendorId:0x10de
[2018.12.18-07.57.27:129][  0]LogD3D11RHI:    1. 'Intel(R) HD Graphics 4600' (Feature Level 11_0)
[2018.12.18-07.57.27:129][  0]LogD3D11RHI:       112/0/2048 MB DedicatedVideo/DedicatedSystem/SharedSystem, Outputs:0, VendorId:0x8086
[2018.12.18-07.57.27:133][  0]LogD3D11RHI:    2. 'Microsoft Basic Render Driver' (Feature Level 11_0)
[2018.12.18-07.57.27:133][  0]LogD3D11RHI:       0/0/8138 MB DedicatedVideo/DedicatedSystem/SharedSystem, Outputs:0, VendorId:0x1414
[2018.12.18-07.57.27:133][  0]LogD3D11RHI: Chosen D3D11 Adapter: 0
[2018.12.18-07.57.27:148][  0]LogD3D11RHI: Creating new Direct3DDevice
[2018.12.18-07.57.27:148][  0]LogD3D11RHI:     GPU DeviceId: 0x1c03 (for the marketing name, search the web for "GPU Device Id")
[2018.12.18-07.57.27:148][  0]LogWindows: EnumDisplayDevices:
[2018.12.18-07.57.27:149][  0]LogWindows:    0. 'NVIDIA GeForce GTX 1060 6GB' (P:1 D:1)
[2018.12.18-07.57.27:149][  0]LogWindows:    1. 'NVIDIA GeForce GTX 1060 6GB' (P:0 D:0)
[2018.12.18-07.57.27:150][  0]LogWindows:    2. 'NVIDIA GeForce GTX 1060 6GB' (P:0 D:0)
[2018.12.18-07.57.27:150][  0]LogWindows:    3. 'NVIDIA GeForce GTX 1060 6GB' (P:0 D:0)
[2018.12.18-07.57.27:151][  0]LogWindows:    4. 'Intel(R) HD Graphics 4600' (P:0 D:0)
[2018.12.18-07.57.27:151][  0]LogWindows:    5. 'Intel(R) HD Graphics 4600' (P:0 D:0)
[2018.12.18-07.57.27:152][  0]LogWindows: DebugString: PrimaryIsNotTheChoosenAdapter PrimaryIsNotTheChoosenAdapter FoundDriverCount:4 
[2018.12.18-07.57.27:152][  0]LogD3D11RHI:     Adapter Name: NVIDIA GeForce GTX 1060 6GB
[2018.12.18-07.57.27:152][  0]LogD3D11RHI:   Driver Version: 416.81 (internal:25.21.14.1681, unified:416.81)
[2018.12.18-07.57.27:152][  0]LogD3D11RHI:      Driver Date: 11-2-2018
[2018.12.18-07.57.27:152][  0]LogRHI: Texture pool is 4236 MB (70% of 6052 MB)
[2018.12.18-07.57.27:236][  0]LogD3D11RHI: Async texture creation enabled
[2018.12.18-07.57.27:514][  0]LogD3D11RHI: GPU Timing Frequency: 1000.000000 (Debug: 2 2)
[2018.12.18-07.57.31:096][  0]LogTemp: Display: Loaded TP AllDesktopTargetPlatform
[2018.12.18-07.57.31:116][  0]LogTemp: Display: Loaded TP MacClientTargetPlatform
[2018.12.18-07.57.31:144][  0]LogTemp: Display: Loaded TP MacNoEditorTargetPlatform
[2018.12.18-07.57.31:166][  0]LogTemp: Display: Loaded TP MacServerTargetPlatform
[2018.12.18-07.57.31:215][  0]LogTemp: Display: Loaded TP MacTargetPlatform
[2018.12.18-07.57.31:237][  0]LogTemp: Display: Loaded TP WindowsClientTargetPlatform
[2018.12.18-07.57.31:259][  0]LogTemp: Display: Loaded TP WindowsNoEditorTargetPlatform
[2018.12.18-07.57.31:281][  0]LogTemp: Display: Loaded TP WindowsServerTargetPlatform
[2018.12.18-07.57.31:291][  0]LogTemp: Display: Loaded TP WindowsTargetPlatform
[2018.12.18-07.57.31:442][  0]LogTemp: Display: Loaded TP AndroidTargetPlatform
[2018.12.18-07.57.31:443][  0]LogTemp: Display: Loaded TP AndroidTargetPlatform
[2018.12.18-07.57.31:443][  0]LogTemp: Display: Loaded TP AndroidTargetPlatform
[2018.12.18-07.57.31:443][  0]LogTemp: Display: Loaded TP AndroidTargetPlatform
[2018.12.18-07.57.31:443][  0]LogTemp: Display: Loaded TP AndroidTargetPlatform
[2018.12.18-07.57.31:443][  0]LogTemp: Display: Loaded TP AndroidTargetPlatform
[2018.12.18-07.57.31:443][  0]LogTemp: Display: Loaded TP AndroidTargetPlatform
[2018.12.18-07.57.31:443][  0]LogTemp: Display: Loaded TP AndroidTargetPlatform
[2018.12.18-07.57.31:443][  0]LogTemp: Display: Loaded TP AndroidTargetPlatform
[2018.12.18-07.57.31:443][  0]LogTemp: Display: Loaded TP AndroidTargetPlatform
[2018.12.18-07.57.31:443][  0]LogTemp: Display: Loaded TP AndroidTargetPlatform
[2018.12.18-07.57.31:443][  0]LogTemp: Display: Loaded TP AndroidTargetPlatform
[2018.12.18-07.57.31:443][  0]LogTemp: Display: Loaded TP AndroidTargetPlatform
[2018.12.18-07.57.31:443][  0]LogTemp: Display: Loaded TP AndroidTargetPlatform
[2018.12.18-07.57.31:443][  0]LogTemp: Display: Loaded TP AndroidTargetPlatform
[2018.12.18-07.57.31:443][  0]LogTemp: Display: Loaded TP AndroidTargetPlatform
[2018.12.18-07.57.31:443][  0]LogTemp: Display: Loaded TP AndroidTargetPlatform
[2018.12.18-07.57.31:443][  0]LogTemp: Display: Loaded TP AndroidTargetPlatform
[2018.12.18-07.57.31:445][  0]LogTemp: Display: Loaded TP HTML5TargetPlatform
[2018.12.18-07.57.31:906][  0]LogTemp: Display: Loaded TP IOSTargetPlatform
[2018.12.18-07.57.31:906][  0]LogTemp: Display: Loaded TP IOSTargetPlatform
[2018.12.18-07.57.31:940][  0]LogTemp: Display: Loaded TP TVOSTargetPlatform
[2018.12.18-07.57.31:940][  0]LogTemp: Display: Loaded TP TVOSTargetPlatform
[2018.12.18-07.57.31:959][  0]LogTemp: Display: Loaded TP LinuxClientTargetPlatform
[2018.12.18-07.57.31:980][  0]LogTemp: Display: Loaded TP LinuxNoEditorTargetPlatform
[2018.12.18-07.57.32:001][  0]LogTemp: Display: Loaded TP LinuxServerTargetPlatform
[2018.12.18-07.57.32:379][  0]LogTemp: Display: Loaded TP LinuxTargetPlatform
[2018.12.18-07.57.32:459][  0]LogTemp: Display: Loaded TP LuminTargetPlatform
[2018.12.18-07.57.32:459][  0]LogTemp: Display: Loaded TP LuminTargetPlatform
[2018.12.18-07.57.32:459][  0]LogTargetPlatformManager: Display: Building Assets For Windows
[2018.12.18-07.57.32:566][  0]LogShaderCompilers: Guid format shader working directory is -8 characters bigger than the processId version (C:/Users/Alex/Documents/Collab/BodyTech/BodyTech 4.21/Intermediate/Shaders/WorkingDirectory/7420/).
[2018.12.18-07.57.32:566][  0]LogShaderCompilers: Cleaned the shader compiler working directory 'C:/Users/Alex/AppData/Local/Temp/UnrealShaderWorkingDir/1D8EE4994BFA26048D6574A243053268/'.
[2018.12.18-07.57.32:569][  0]LogXGEController: Cleaning working directory: C:/Users/Alex/AppData/Local/Temp/UnrealXGEWorkingDir/
[2018.12.18-07.57.32:569][  0]LogXGEController: Cannot use XGE Controller as Incredibuild is not installed on this machine.
[2018.12.18-07.57.32:569][  0]LogShaderCompilers: Cannot use XGE Shader Compiler as Incredibuild is not installed on this machine.
[2018.12.18-07.57.32:569][  0]LogShaderCompilers: Display: Using Local Shader Compiler.
[2018.12.18-07.57.40:840][  0]LogDerivedDataCache: Display: Max Cache Size: 512 MB
[2018.12.18-07.57.44:488][  0]LogDerivedDataCache: Loaded boot cache 3.65s 70MB C:/Users/Alex/AppData/Local/UnrealEngine/4.21/DerivedDataCache/Boot.ddc.
[2018.12.18-07.57.44:488][  0]LogDerivedDataCache: Display: Loaded Boot cache: C:/Users/Alex/AppData/Local/UnrealEngine/4.21/DerivedDataCache/Boot.ddc
[2018.12.18-07.57.44:488][  0]LogDerivedDataCache: FDerivedDataBackendGraph:  Pak pak cache file C:/Users/Alex/Documents/Collab/BodyTech/BodyTech 4.21/DerivedDataCache/DDC.ddp not found, will not use a pak cache.
[2018.12.18-07.57.44:488][  0]LogDerivedDataCache: Unable to find inner node Pak for hierarchical cache Hierarchy.
[2018.12.18-07.57.44:488][  0]LogDerivedDataCache: FDerivedDataBackendGraph:  CompressedPak pak cache file C:/Users/Alex/Documents/Collab/BodyTech/BodyTech 4.21/DerivedDataCache/Compressed.ddp not found, will not use a pak cache.
[2018.12.18-07.57.44:488][  0]LogDerivedDataCache: Unable to find inner node CompressedPak for hierarchical cache Hierarchy.
[2018.12.18-07.57.44:505][  0]LogDerivedDataCache: Display: Pak cache opened for reading ../../../Engine/DerivedDataCache/Compressed.ddp.
[2018.12.18-07.57.44:505][  0]LogDerivedDataCache: FDerivedDataBackendGraph:  EnterprisePak pak cache file ../../../Enterprise/DerivedDataCache/Compressed.ddp not found, will not use a pak cache.
[2018.12.18-07.57.44:505][  0]LogDerivedDataCache: Unable to find inner node EnterprisePak for hierarchical cache Hierarchy.
[2018.12.18-07.57.44:518][  0]LogDerivedDataCache: Using Local data cache path C:/Users/Alex/AppData/Local/UnrealEngine/Common/DerivedDataCache: Writable
[2018.12.18-07.57.44:518][  0]LogDerivedDataCache: Shared data cache path not found in *engine.ini, will not use an Shared cache.
[2018.12.18-07.57.44:518][  0]LogDerivedDataCache: Unable to find inner node Shared for hierarchical cache Hierarchy.
[2018.12.18-07.57.44:552][  0]LogMaterial: Verifying Global Shaders for PCD3D_SM5
[2018.12.18-07.57.44:556][  0]LogSlate: Using FreeType 2.6.0
[2018.12.18-07.57.44:587][  0]LogSlate: SlateFontServices - WITH_FREETYPE: 1, WITH_HARFBUZZ: 1
[2018.12.18-07.57.47:734][  0]LogAssetRegistry: FAssetRegistry took 0.0368 seconds to start up
[2018.12.18-07.57.48:206][  0]LogInit: Selected Device Profile: [Windows]
[2018.12.18-07.57.48:463][  0]LogSimplygon: Simplygon DLL not present - disabling.
[2018.12.18-07.57.48:467][  0]LogMeshReduction: Using SimplygonSwarm for distributed automatic mesh merging
[2018.12.18-07.57.48:467][  0]LogMeshReduction: Using ProxyLODMeshReduction for automatic mesh merging
[2018.12.18-07.57.48:467][  0]LogMeshReduction: Using QuadricMeshReduction for automatic static mesh reduction
[2018.12.18-07.57.48:467][  0]LogMeshReduction: No automatic skeletal mesh reduction module available
[2018.12.18-07.57.48:493][  0]LogNetVersion: BodyTech 1.0.0, NetCL: 4541578, EngineNetVer: 5, GameNetVer: 0 (Checksum: 413694766)
[2018.12.18-07.57.49:358][  0]LogPackageLocalizationCache: Processed 11 localized package path(s) for 2 prioritized culture(s) in 0.148040 seconds
[2018.12.18-07.57.49:366][  0]LogUObjectArray: 39775 objects as part of root set at end of initial load.
[2018.12.18-07.57.49:366][  0]LogUObjectAllocator: 6914656 out of 0 bytes used by permanent object pool.
[2018.12.18-07.57.49:366][  0]LogUObjectArray: CloseDisregardForGC: 0/0 objects in disregard for GC pool
[2018.12.18-07.58.10:635][  0]LogSubstanceCoreModule: Substance [CPU] Engine Loaded, Max Texture Size = 2048
[2018.12.18-07.58.10:837][  0]LogTcpMessaging: Initializing TcpMessaging bridge
[2018.12.18-07.58.10:851][  0]LogUdpMessaging: Initializing bridge on interface 0.0.0.0:0 to multicast group 230.0.0.1:6666.
[2018.12.18-07.58.12:489][  0]SourceControl: Source control is disabled
[2018.12.18-07.58.12:490][  0]SourceControl: Source control is disabled
[2018.12.18-07.58.12:493][  0]SourceControl: Source control is disabled
[2018.12.18-07.58.12:494][  0]SourceControl: Source control is disabled
[2018.12.18-07.58.12:966][  0]LogAndroidPermission: UAndroidPermissionCallbackProxy::GetInstance
[2018.12.18-07.58.13:478][  0]LogOcInput: OculusInput pre-init called
[2018.12.18-07.58.14:199][  0]LogEngine: Initializing Engine...
[2018.12.18-07.58.21:343][  0]LogHMD: Failed to initialize OpenVR with code 208
[2018.12.18-07.58.21:345][  0]LogStats: UGameplayTagsManager::ConstructGameplayTagTree: ImportINI prefixes -  0.000 s
[2018.12.18-07.58.21:346][  0]LogStats: UGameplayTagsManager::ConstructGameplayTagTree: Construct from data asset -  0.000 s
[2018.12.18-07.58.21:346][  0]LogStats: UGameplayTagsManager::ConstructGameplayTagTree: ImportINI -  0.000 s
[2018.12.18-07.58.21:346][  0]LogStats: UGameplayTagsManager::ConstructGameplayTagTree: GameplayTagTreeChangedEvent.Broadcast -  0.000 s
[2018.12.18-07.58.21:737][  0]LogInit: Initializing FReadOnlyCVARCache
[2018.12.18-07.58.21:752][  0]LogAIModule: Creating AISystem for world Untitled
[2018.12.18-07.58.22:049][  0]LogInit: XAudio2 using 'Speakers (Realtek High Definition Audio)' : 2 channels at 48 kHz using 16 bits per sample (channel mask 0x3)
[2018.12.18-07.58.22:149][  0]LogInit: FAudioDevice initialized.
[2018.12.18-07.58.22:150][  0]LogNetVersion: Set ProjectVersion to 1.0.0.0. Version Checksum will be recalculated on next use.
[2018.12.18-07.58.22:867][  0]LogDerivedDataCache: Saved boot cache 0.72s 70MB C:/Users/Alex/AppData/Local/UnrealEngine/4.21/DerivedDataCache/Boot.ddc.
[2018.12.18-07.58.22:884][  0]LogInit: Texture streaming: Enabled
[2018.12.18-07.58.22:909][  0]LogEngineSessionManager: EngineSessionManager initialized
[2018.12.18-07.58.22:943][  0]LogInit: Transaction tracking system initialized
[2018.12.18-07.58.22:981][  0]BlueprintLog: New page: Editor Load
[2018.12.18-07.58.23:113][  0]LocalizationService: Localization service is disabled
[2018.12.18-07.58.27:002][  0]LogCook: Display: Max memory allowance for cook 16384mb min free memory 0mb
[2018.12.18-07.58.27:002][  0]LogCook: Display: Mobile HDR setting 1
[2018.12.18-07.58.27:002][  0]LogGameplayTags: Display: UGameplayTagsManager::DoneAddingNativeTags. DelegateIsBound: 0
[2018.12.18-07.58.27:002][  0]LogStats: UGameplayTagsManager::ConstructGameplayTagTree: ImportINI prefixes -  0.000 s
[2018.12.18-07.58.27:002][  0]LogStats: UGameplayTagsManager::ConstructGameplayTagTree: Construct from data asset -  0.000 s
[2018.12.18-07.58.27:003][  0]LogStats: UGameplayTagsManager::ConstructGameplayTagTree: ImportINI -  0.000 s
[2018.12.18-07.58.27:003][  0]LogStats: UGameplayTagsManager::ConstructGameplayTagTree: GameplayTagTreeChangedEvent.Broadcast -  0.000 s
[2018.12.18-07.58.27:727][  0]LogFileCache: Scanning file cache for directory 'C:/Users/Alex/Documents/Collab/BodyTech/BodyTech 4.21/Content/' took 0.05s
[2018.12.18-07.58.28:049][  0]SourceControl: Source control is disabled
[2018.12.18-07.58.28:050][  0]Cmd: MAP LOAD FILE="C:/Users/Alex/Documents/Collab/BodyTech/BodyTech 4.21/Content/Maps/Level1.umap" TEMPLATE=0 SHOWPROGRESS=1 FEATURELEVEL=3
[2018.12.18-07.58.28:050][  0]LightingResults: New page: Lighting Build
[2018.12.18-07.58.28:054][  0]MapCheck: New page: Map Check
[2018.12.18-07.58.28:054][  0]LightingResults: New page: Lighting Build
[2018.12.18-07.58.28:102][  0]LogAIModule: Creating AISystem for world Level1
[2018.12.18-07.58.28:155][  0]LogEditorServer: Finished looking for orphan Actors (0.000 secs)
[2018.12.18-07.58.28:191][  0]Cmd: MAP CHECKDEP NOCLEARLOG
[2018.12.18-07.58.28:191][  0]MapCheck: Map check complete: 0 Error(s), 0 Warning(s), took 0.219ms to complete.
[2018.12.18-07.58.28:191][  0]LogFileHelpers: Loading map 'Level1' took 0.142
[2018.12.18-07.58.28:799][  0]LogSlate: Updating window title bar state: overlay mode, drag disabled, window buttons hidden, title bar hidden
[2018.12.18-07.58.28:811][  0]LogSlate: Updating window title bar state: overlay mode, drag disabled, window buttons hidden, title bar hidden
[2018.12.18-07.58.28:824][  0]LogSlate: Updating window title bar state: overlay mode, drag disabled, window buttons hidden, title bar hidden
[2018.12.18-07.58.28:837][  0]LogSlate: Updating window title bar state: overlay mode, drag disabled, window buttons hidden, title bar hidden
[2018.12.18-07.58.28:850][  0]LogCollectionManager: Loaded 0 collections in 0.002022 seconds
[2018.12.18-07.58.28:869][  0]LogFileCache: Scanning file cache for directory 'C:/Users/Alex/Documents/Collab/BodyTech/BodyTech 4.21/Saved/Collections/' took 0.01s
[2018.12.18-07.58.28:869][  0]LogFileCache: Scanning file cache for directory 'C:/Users/Alex/Documents/Collab/BodyTech/BodyTech 4.21/Content/Developers/Alex/Collections/' took 0.00s
[2018.12.18-07.58.28:869][  0]LogFileCache: Scanning file cache for directory 'C:/Users/Alex/Documents/Collab/BodyTech/BodyTech 4.21/Content/Collections/' took 0.00s
[2018.12.18-07.58.28:869][  0]LogCollectionManager: Rebuilt the GUID cache for 0 collections in 0.000000 seconds
[2018.12.18-07.58.28:881][  0]LogContentBrowser: Native class hierarchy populated in 0.0125 seconds. Added 2665 classes and 626 folders.
[2018.12.18-07.58.28:890][  0]LogContentBrowser: Native class hierarchy updated for 'WidgetCarousel' in 0.0004 seconds. Added 0 classes and 0 folders.
[2018.12.18-07.58.28:998][  0]LogPakFile: Registered encryption key '00000000000000000000000000000000': 0 pak files mounted, 0 remain pending
[2018.12.18-07.58.28:999][  0]LogPakFile: Registered encryption key '00000000000000000000000000000000': 0 pak files mounted, 0 remain pending
[2018.12.18-07.58.28:999][  0]LogPakFile: Registered encryption key '00000000000000000000000000000000': 0 pak files mounted, 0 remain pending
[2018.12.18-07.58.29:000][  0]LogPakFile: Registered encryption key '00000000000000000000000000000000': 0 pak files mounted, 0 remain pending
[2018.12.18-07.58.29:001][  0]LogPakFile: Registered encryption key '00000000000000000000000000000000': 0 pak files mounted, 0 remain pending
[2018.12.18-07.58.29:002][  0]LogPakFile: Registered encryption key '00000000000000000000000000000000': 0 pak files mounted, 0 remain pending
[2018.12.18-07.58.29:003][  0]LogPakFile: Registered encryption key '00000000000000000000000000000000': 0 pak files mounted, 0 remain pending
[2018.12.18-07.58.29:003][  0]LogPakFile: Registered encryption key '00000000000000000000000000000000': 0 pak files mounted, 0 remain pending
[2018.12.18-07.58.29:004][  0]LogPakFile: Registered encryption key '00000000000000000000000000000000': 0 pak files mounted, 0 remain pending
[2018.12.18-07.58.29:005][  0]LogPakFile: Registered encryption key '00000000000000000000000000000000': 0 pak files mounted, 0 remain pending
[2018.12.18-07.58.29:006][  0]LogPakFile: Registered encryption key '00000000000000000000000000000000': 0 pak files mounted, 0 remain pending
[2018.12.18-07.58.29:007][  0]LogPakFile: Registered encryption key '00000000000000000000000000000000': 0 pak files mounted, 0 remain pending
[2018.12.18-07.58.29:007][  0]LogPakFile: Registered encryption key '00000000000000000000000000000000': 0 pak files mounted, 0 remain pending
[2018.12.18-07.58.29:008][  0]LogPakFile: Registered encryption key '00000000000000000000000000000000': 0 pak files mounted, 0 remain pending
[2018.12.18-07.58.29:009][  0]LogPakFile: Registered encryption key '00000000000000000000000000000000': 0 pak files mounted, 0 remain pending
[2018.12.18-07.58.29:010][  0]LogPakFile: Registered encryption key '00000000000000000000000000000000': 0 pak files mounted, 0 remain pending
[2018.12.18-07.58.29:010][  0]LogPakFile: Registered encryption key '00000000000000000000000000000000': 0 pak files mounted, 0 remain pending
[2018.12.18-07.58.29:011][  0]LogPakFile: Registered encryption key '00000000000000000000000000000000': 0 pak files mounted, 0 remain pending
[2018.12.18-07.58.29:012][  0]LogPakFile: Registered encryption key '00000000000000000000000000000000': 0 pak files mounted, 0 remain pending
[2018.12.18-07.58.29:012][  0]LogPakFile: Registered encryption key '00000000000000000000000000000000': 0 pak files mounted, 0 remain pending
[2018.12.18-07.58.29:013][  0]LogPakFile: Registered encryption key '00000000000000000000000000000000': 0 pak files mounted, 0 remain pending
[2018.12.18-07.58.29:014][  0]LogPakFile: Registered encryption key '00000000000000000000000000000000': 0 pak files mounted, 0 remain pending
[2018.12.18-07.58.29:014][  0]LogPakFile: Registered encryption key '00000000000000000000000000000000': 0 pak files mounted, 0 remain pending
[2018.12.18-07.58.29:015][  0]LogPakFile: Registered encryption key '00000000000000000000000000000000': 0 pak files mounted, 0 remain pending
[2018.12.18-07.58.29:016][  0]LogPakFile: Registered encryption key '00000000000000000000000000000000': 0 pak files mounted, 0 remain pending
[2018.12.18-07.58.29:017][  0]LogPakFile: Registered encryption key '00000000000000000000000000000000': 0 pak files mounted, 0 remain pending
[2018.12.18-07.58.30:397][  0]LogContentBrowser: Native class hierarchy updated for 'AddContentDialog' in 0.0005 seconds. Added 0 classes and 0 folders.
[2018.12.18-07.58.30:411][  0]LogContentBrowser: Native class hierarchy updated for 'SceneOutliner' in 0.0004 seconds. Added 1 classes and 2 folders.
[2018.12.18-07.58.30:436][  0]LogContentBrowser: Native class hierarchy updated for 'WorldBrowser' in 0.0005 seconds. Added 2 classes and 3 folders.
[2018.12.18-07.58.30:579][  0]LogSlate: Took 0.058880 seconds to synchronously load lazily loaded font '../../../Engine/Content/Slate/Fonts/Roboto-Regular.ttf' (155K)
[2018.12.18-07.58.30:625][  0]LogSlate: Took 0.043406 seconds to synchronously load lazily loaded font '../../../Engine/Content/Slate/Fonts/Roboto-Bold.ttf' (160K)
[2018.12.18-07.58.30:690][  0]LogSlate: Took 0.058510 seconds to synchronously load lazily loaded font '../../../Engine/Content/Editor/Slate/Fonts/FontAwesome.ttf' (139K)
[2018.12.18-07.58.30:863][  0]LogRenderer: Reallocating scene render targets to support 1208x580 Format 10 NumSamples 1 (Frame:1).
[2018.12.18-07.58.31:131][  0]LogContentBrowser: Native class hierarchy updated for 'HierarchicalLODOutliner' in 0.0004 seconds. Added 0 classes and 0 folders.
[2018.12.18-07.58.31:131][  0]LogLoad: (Engine Initialization) Total time: 84.65 seconds
[2018.12.18-07.58.31:131][  0]LogLoad: (Engine Initialization) Total Blueprint compile time: 0.00 seconds
[2018.12.18-07.58.31:250][  0]LogContentStreaming: Texture pool size now 1000 MB
[2018.12.18-07.58.31:308][  0]LogSlate: Took 0.026134 seconds to synchronously load lazily loaded font '../../../Engine/Content/Slate/Fonts/Roboto-Light.ttf' (167K)
[2018.12.18-07.58.31:333][  1]LogSubstanceLiveLink: Warning: Unable to send data along socket, closing connection
[2018.12.18-07.58.31:396][  1]LogAssetRegistry: Asset discovery search completed in 43.6844 seconds
[2018.12.18-07.58.31:400][  1]LogCollectionManager: Rebuilt the object cache for 0 collections in 0.000001 seconds (found 0 objects)
[2018.12.18-07.58.31:401][  1]LogCollectionManager: Fixed up redirectors for 0 collections in 0.000138 seconds (updated 0 objects)
[2018.12.18-07.58.50:720][202]LogSlate: FSceneViewport::OnFocusLost() reason 0
[2018.12.18-07.59.06:457][797]LogSlate: Window 'Plugins' being destroyed
[2018.12.18-07.59.06:461][797]LogSlate: Window 'Plugins' being destroyed
[2018.12.18-07.59.06:462][797]LogDirectoryWatcher: A directory notification for '../../../Engine/Plugins/' was aborted.
[2018.12.18-07.59.07:125][859]LogSlate: FSceneViewport::OnFocusLost() reason 2
[2018.12.18-07.59.08:142][978]LogSlate: FSceneViewport::OnFocusLost() reason 2
[2018.12.18-07.59.24:984][704]LogSlate: Window 'Source Control Login' being destroyed
[2018.12.18-07.59.27:226][952]LogSlate: FSceneViewport::OnFocusLost() reason 2
[2018.12.18-07.59.53:638][694]LogSlate: FSceneViewport::OnFocusLost() reason 2
[2018.12.18-07.59.58:627][258]SourceControl: fatal: D:/UE4/UE_4.21/Engine/Content: 'D:/UE4/UE_4.21/Engine/Content' is outside repository
[2018.12.18-07.59.58:893][258]LogPackageName: Error: Illegal call to DoesPackageExist: 'C:/Users/Alex/Documents/Collab/BodyTech/BodyTech 4.21/BodyTech.uproject' is not a standard unreal filename or a long path name. Reason: Path should be no less than 4 characters long.
[2018.12.18-07.59.58:914][258]LogOutputDevice: Warning: 

Script Stack (0 frames):

[2018.12.18-08.00.00:297][258]LogStats: FPlatformStackWalk::StackWalkAndDump -  1.383 s
[2018.12.18-08.00.00:312][258]LogOutputDevice: Error: === Handled ensure: ===
[2018.12.18-08.00.00:312][258]LogOutputDevice: Error: 
[2018.12.18-08.00.00:312][258]LogOutputDevice: Error: Ensure condition failed: false [File:D:\Build\++UE4\Sync\Engine\Source\Runtime\CoreUObject\Private\Misc\PackageName.cpp] [Line: 846]
[2018.12.18-08.00.00:312][258]LogOutputDevice: Error: Illegal call to DoesPackageExist: 'C:/Users/Alex/Documents/Collab/BodyTech/BodyTech 4.21/BodyTech.uproject' is not a standard unreal filename or a long path name. Reason: Path should be no less than 4 characters long.
[2018.12.18-08.00.00:312][258]LogOutputDevice: Error: Stack: 
[2018.12.18-08.00.00:312][258]LogOutputDevice: Error: [Callstack] 0x00007ff8464dd617 UE4Editor-CoreUObject.dll!UnknownFunction []
[2018.12.18-08.00.00:312][258]LogOutputDevice: Error: [Callstack] 0x00007ff83e068775 UE4Editor-SourceControl.dll!UnknownFunction []
[2018.12.18-08.00.00:312][258]LogOutputDevice: Error: [Callstack] 0x00007ff83e068909 UE4Editor-SourceControl.dll!UnknownFunction []
[2018.12.18-08.00.00:312][258]LogOutputDevice: Error: [Callstack] 0x00007ff839f9633d UE4Editor-SourceControlWindows.dll!UnknownFunction []
[2018.12.18-08.00.00:312][258]LogOutputDevice: Error: [Callstack] 0x00007ff839f486fe UE4Editor-SourceControlWindows.dll!UnknownFunction []
[2018.12.18-08.00.00:312][258]LogOutputDevice: Error: [Callstack] 0x00007ff839f47c8f UE4Editor-SourceControlWindows.dll!UnknownFunction []
[2018.12.18-08.00.00:312][258]LogOutputDevice: Error: [Callstack] 0x00007ff839f62601 UE4Editor-SourceControlWindows.dll!UnknownFunction []
[2018.12.18-08.00.00:312][258]LogOutputDevice: Error: [Callstack] 0x00007ff82ef8f4ec UE4Editor-GitSourceControl.dll!UnknownFunction []
[2018.12.18-08.00.00:312][258]LogOutputDevice: Error: [Callstack] 0x00007ff82ef94e61 UE4Editor-GitSourceControl.dll!UnknownFunction []
[2018.12.18-08.00.00:312][258]LogOutputDevice: Error: [Callstack] 0x00007ff83e06eb57 UE4Editor-SourceControl.dll!UnknownFunction []
[2018.12.18-08.00.00:312][258]LogOutputDevice: Error: [Callstack] 0x00007ff841a8274e UE4Editor-UnrealEd.dll!UnknownFunction []
[2018.12.18-08.00.00:312][258]LogOutputDevice: Error: [Callstack] 0x00007ff8423a2216 UE4Editor-UnrealEd.dll!UnknownFunction []
[2018.12.18-08.00.00:312][258]LogOutputDevice: Error: [Callstack] 0x00007ff6969c6225 UE4Editor.exe!UnknownFunction []
[2018.12.18-08.00.00:313][258]LogOutputDevice: Error: [Callstack] 0x00007ff6969d596c UE4Editor.exe!UnknownFunction []
[2018.12.18-08.00.00:313][258]LogOutputDevice: Error: [Callstack] 0x00007ff6969d59ea UE4Editor.exe!UnknownFunction []
[2018.12.18-08.00.00:313][258]LogOutputDevice: Error: [Callstack] 0x00007ff6969e48da UE4Editor.exe!UnknownFunction []
[2018.12.18-08.00.00:313][258]LogOutputDevice: Error: [Callstack] 0x00007ff6969e659a UE4Editor.exe!UnknownFunction []
[2018.12.18-08.00.00:313][258]LogOutputDevice: Error: [Callstack] 0x00007ff8c1703034 KERNEL32.DLL!UnknownFunction []
[2018.12.18-08.00.00:313][258]LogOutputDevice: Error: [Callstack] 0x00007ff8c1853691 ntdll.dll!UnknownFunction []
[2018.12.18-08.00.00:313][258]LogOutputDevice: Error: 
[2018.12.18-08.00.00:318][258]LogStats:                SubmitErrorReport -  0.000 s
[2018.12.18-08.00.17:137][258]LogStats:                    SendNewReport - 16.819 s
[2018.12.18-08.00.17:137][258]LogStats:             FDebug::EnsureFailed - 18.244 s
[2018.12.18-08.00.17:182][258]LogSlate: FSceneViewport::OnFocusLost() reason 2
[2018.12.18-08.00.32:314][258]LogSlate: Window 'Submit Files' being destroyed
[2018.12.18-08.00.32:343][258]LogSlate: FSceneViewport::OnFocusLost() reason 2
[2018.12.18-08.00.34:060][258]LogSlate: FSceneViewport::OnFocusLost() reason 2
[2018.12.18-08.00.41:724][258]LogSourceControl: commit successful: [master fc16596] Initial Commit
[2018.12.18-08.00.42:906][258]SourceControl: [master fc16596] Initial Commit
[2018.12.18-08.00.42:906][258]SourceControl:  2 files changed, 23 insertions(+)
[2018.12.18-08.00.42:906][258]SourceControl:  create mode 100644 BodyTech 4.21/BodyTech.uproject
[2018.12.18-08.00.42:906][258]SourceControl:  create mode 100644 BodyTech 4.21/Content/Maps/Level1.umap
[2018.12.18-08.00.42:910][258]SourceControl: Commited [master fc16596] Initial Commit.
[2018.12.18-08.00.58:532][742]LogSlate: FSceneViewport::OnFocusLost() reason 2
[2018.12.18-08.01.31:439][ 69]LogUnrealEdMisc: Warning: Heartbeat event firing too frequently (48.512 sec). This should never happen. Something is wrong with the timer delegate!
[2018.12.18-08.06.20:151][  9]LogSlate: FSceneViewport::OnFocusLost() reason 2
[2018.12.18-08.06.20:870][ 90]LogSlate: FSceneViewport::OnFocusLost() reason 2
[2018.12.18-08.06.36:195][555]LogSlate: FSceneViewport::OnFocusLost() reason 2
[2018.12.18-08.08.19:811][571]SourceControl: fatal: D:/UE4/UE_4.21/Engine/Content: 'D:/UE4/UE_4.21/Engine/Content' is outside repository
[2018.12.18-08.08.31:994][571]LogSlate: Window 'Submit Files' being destroyed
[2018.12.18-08.08.32:825][571]SourceControl: Error: fatal: Unable to create 'C:/Users/Alex/Documents/Collab/BodyTech/.git/index.lock': File exists.
[2018.12.18-08.08.32:825][571]SourceControl: Error: Another git process seems to be running in this repository, e.g.
[2018.12.18-08.08.32:825][571]SourceControl: Error: an editor opened by 'git commit'. Please make sure all processes
[2018.12.18-08.08.32:825][571]SourceControl: Error: are terminated then try again. If it still fails, a git process
[2018.12.18-08.08.32:825][571]SourceControl: Error: may have crashed in this repository earlier:
[2018.12.18-08.08.32:825][571]SourceControl: Error: remove the file manually to continue.
[2018.12.18-08.08.40:746][571]SourceControl: Error: error: pathspec 'C:/Users/Alex/Documents/Collab/BodyTech/BodyTech 4.21/Content/WeatherEffects.umap' did not match any file(s) known to git.
[2018.12.18-08.08.45:468][797]LogSlate: Window 'Message Log' being destroyed
[2018.12.18-08.08.45:472][797]LogSlate: Window 'Message Log' being destroyed
[2018.12.18-08.08.46:263][877]LogSlate: Took 0.028170 seconds to synchronously load lazily loaded font '../../../Engine/Content/Slate/Fonts/Roboto-Light.ttf' (167K)
[2018.12.18-08.08.46:804][877]LogLinker: Warning: Can't find file '/Engine/EngineMaterials/DefaultTextMaterialEmissive'
[2018.12.18-08.08.46:805][877]LogLinker: Warning: Can't find file for asset '/Engine/EngineMaterials/DefaultTextMaterialEmissive' while loading C:/Users/Alex/Documents/Collab/BodyTech/BodyTech 4.21/Content/WeatherEffects/Blueprints/BP_Text.uasset.
[2018.12.18-08.08.46:805][877]LoadErrors: Error: /Game/WeatherEffects/Blueprints/BP_Text : Can't find file for asset. /Engine/EngineMaterials/DefaultTextMaterialEmissive
[2018.12.18-08.08.46:805][877]LogLinker: Warning: Can't find file '/Engine/EngineMaterials/DefaultTextMaterialEmissive'
[2018.12.18-08.08.46:805][877]LogLinker: Warning: Can't find file for asset '/Engine/EngineMaterials/DefaultTextMaterialEmissive' while loading C:/Users/Alex/Documents/Collab/BodyTech/BodyTech 4.21/Content/WeatherEffects/Blueprints/BP_Text.uasset.
[2018.12.18-08.08.46:806][877]LogLinker: Warning: Can't find file '/Engine/EngineMaterials/DefaultTextMaterialEmissive'
[2018.12.18-08.08.46:806][877]LogLinker: Warning: Can't find file for asset '/Engine/EngineMaterials/DefaultTextMaterialEmissive' while loading C:/Users/Alex/Documents/Collab/BodyTech/BodyTech 4.21/Content/WeatherEffects.umap.
[2018.12.18-08.08.46:806][877]LoadErrors: Error: /Game/WeatherEffects : Can't find file for asset. /Engine/EngineMaterials/DefaultTextMaterialEmissive
[2018.12.18-08.08.46:806][877]LogLinker: Warning: Can't find file '/Engine/EngineMaterials/DefaultTextMaterialEmissive'
[2018.12.18-08.08.46:806][877]LogLinker: Warning: Can't find file for asset '/Engine/EngineMaterials/DefaultTextMaterialEmissive' while loading C:/Users/Alex/Documents/Collab/BodyTech/BodyTech 4.21/Content/WeatherEffects.umap.
[2018.12.18-08.08.46:809][877]LogLinker: Warning: Can't find file '/Engine/EngineMaterials/DefaultTextMaterialEmissive'
[2018.12.18-08.08.46:809][877]LoadErrors: Failed to load /Engine/EngineMaterials/DefaultTextMaterialEmissive.DefaultTextMaterialEmissive Referenced by TextRender_GEN_VARIABLE
[2018.12.18-08.08.46:809][877]LogLinker: Warning: Can't find file for asset '/Engine/EngineMaterials/DefaultTextMaterialEmissive' while loading C:/Users/Alex/Documents/Collab/BodyTech/BodyTech 4.21/Content/WeatherEffects.umap.
[2018.12.18-08.09.00:273][877]LogTexture: Display: Building textures: ThumbnailTexture (DXT1, 512X512)
[2018.12.18-08.09.00:273][877]LogTexture: Display: Building textures: T_LeafFlip (AutoDXT, 1024X1024)
[2018.12.18-08.09.00:869][877]LogTexture: Display: Building textures: T_Leaf_N (BC5, 512X512)
[2018.12.18-08.09.00:869][877]LogTexture: Display: Building textures: T_Leaf (AutoDXT, 512X512)
[2018.12.18-08.09.00:914][877]LogTexture: Display: Building textures: T_Leaf_Green (AutoDXT, 512X512)
[2018.12.18-08.09.00:914][877]LogMaterial: Display: Missing cached shader map for material M_LeafFlip_GPU, compiling. 
[2018.12.18-08.09.01:631][877]LogShaderCompilers: Display: Shaders left to compile 87
[2018.12.18-08.09.01:631][877]LogShaderCompilers: Display: Shaders left to compile 77
[2018.12.18-08.09.01:632][877]LogShaderCompilers: Display: Shaders left to compile 67
[2018.12.18-08.09.01:632][877]LogTexture: Display: Building textures: T_Leaf_Green_N (BC5, 512X512)
[2018.12.18-08.09.01:632][877]LogMaterial: Display: Missing cached shader map for material M_Transparent, compiling. 
[2018.12.18-08.09.02:666][877]LogTexture: Display: Building textures: HQ_Lightmap0_1 (AutoDXT, 256X256)
[2018.12.18-08.09.02:666][877]LogTexture: Display: Building textures: LQ_Lightmap_0_1 (DXT1, 256X256)
[2018.12.18-08.09.02:666][877]LogTexture: Display: Building textures: ShadowMapTexture2D_0 (BGRA8, 256X128)
[2018.12.18-08.09.02:666][877]LogTexture: Display: Building textures: T_Rain_Drops_Glass (AutoDXT, 2048X2048)
[2018.12.18-08.09.02:666][877]LogTexture: Display: Building textures: T_LeafFragFlip (AutoDXT, 2048X2048)
[2018.12.18-08.09.02:666][877]LogMaterial: Display: Missing cached shader map for material M_Cloud_Dark, compiling. 
[2018.12.18-08.09.03:360][877]LogTexture: Display: Building textures: T_LeafGreenFlip (AutoDXT, 1024X1024)
[2018.12.18-08.09.03:360][877]LogTexture: Display: Building textures: T_Lightning (AutoDXT, 2048X1024)
[2018.12.18-08.09.05:371][877]LogTexture: Display: Building textures: T_Ripples_N (BC5, 1024X512)
[2018.12.18-08.09.05:371][877]LogTexture: Display: Building textures: T_Ripples (AutoDXT, 1024X512)
[2018.12.18-08.09.05:371][877]LogTexture: Display: Building textures: T_RainSheet (AutoDXT, 1024X1024)
[2018.12.18-08.09.05:371][877]LogTexture: Display: Building textures: T_WaterDrop (AutoDXT, 256X256)
[2018.12.18-08.09.05:537][877]LogTexture: Display: Building textures: T_Hail_N (BC5, 1024X1024)
[2018.12.18-08.09.05:537][877]LogTexture: Display: Building textures: T_LightningMasks (AutoDXT, 1024X1024)
[2018.12.18-08.09.06:489][877]LogTexture: Display: Building textures: ThumbnailTexture (DXT1, 512X512)
[2018.12.18-08.09.06:489][877]LogTexture: Display: Building textures: T_UV_Dither (AutoDXT, 1024X1024)
[2018.12.18-08.09.06:489][877]LogTexture: Display: Building textures: T_Rainbow (AutoDXT, 1024X512)
[2018.12.18-08.09.06:489][877]LogTexture: Display: Building textures: T_RainRipples_Flipbook (AutoDXT, 1024X1024)
[2018.12.18-08.09.06:489][877]LogTexture: Display: Building textures: T_Rain_Streaks_Glass (AutoDXT, 1024X1024)
[2018.12.18-08.09.06:600][877]LogMaterial: Display: Missing cached shader map for material M_Lightning, compiling. 
[2018.12.18-08.09.07:465][877]LogTexture: Display: Building textures: ThumbnailTexture (DXT1, 512X512)
[2018.12.18-08.09.07:465][877]LogTexture: Display: Building textures: T_Lightning_Large (AutoDXT, 2048X4096)
[2018.12.18-08.09.09:241][877]LogTexture: Display: Building textures: T_Lightning_Zaps (AutoDXT, 1024X1024)
[2018.12.18-08.09.09:247][877]LogMaterial: Display: Missing cached shader map for material M_Lightning_Large, compiling. 
[2018.12.18-08.09.09:305][877]LogMaterial: Display: Missing cached shader map for material M_Cloud, compiling. 
[2018.12.18-08.09.09:572][877]LogMaterial: Display: Missing cached shader map for material M_Glow, compiling. 
[2018.12.18-08.09.09:618][877]LogMaterial: Display: Missing cached shader map for material M_Leaf_Green, compiling. 
[2018.12.18-08.09.09:903][877]LogMaterial: Display: Missing cached shader map for material M_Leaf, compiling. 
[2018.12.18-08.09.10:773][877]LogMaterial: Display: Missing cached shader map for material M_LeafFlip, compiling. 
[2018.12.18-08.09.11:275][877]LogStaticMesh: Building static mesh LeafGreenMesh...
[2018.12.18-08.09.11:332][877]LogStaticMesh: Built static mesh [0.18s] /Game/weathereffects/Meshes/LeafGreenMesh.LeafGreenMesh
[2018.12.18-08.09.11:431][877]LogStaticMesh: Building static mesh LeafMesh...
[2018.12.18-08.09.11:433][877]LogStaticMesh: Built static mesh [0.03s] /Game/weathereffects/Meshes/LeafMesh.LeafMesh
[2018.12.18-08.09.11:888][877]LogMaterial: Display: Missing cached shader map for material M_SnowFlake_GPU, compiling. 
[2018.12.18-08.09.12:686][877]LogMaterial: Display: Missing cached shader map for material M_SnowFlake, compiling. 
[2018.12.18-08.09.13:023][877]LogStaticMesh: Building static mesh HailStone...
[2018.12.18-08.09.13:026][877]LogStaticMesh: Built static mesh [0.28s] /Game/weathereffects/Meshes/HailStone.HailStone
[2018.12.18-08.09.13:320][877]LogMaterial: Display: Missing cached shader map for material M_HailStone, compiling. 
[2018.12.18-08.09.13:378][877]LogMaterial: Display: Missing cached shader map for material M_Ripples, compiling. 
[2018.12.18-08.09.13:525][877]LogMaterial: Display: Missing cached shader map for material M_RainDrop, compiling. 
[2018.12.18-08.09.13:600][877]LogMaterial: Display: Missing cached shader map for material M_RainSheet, compiling. 
[2018.12.18-08.09.13:791][877]LogStaticMesh: Building static mesh Rainbow...
[2018.12.18-08.09.13:792][877]LogStaticMesh: Built static mesh [0.09s] /Game/weathereffects/Meshes/Rainbow.Rainbow
[2018.12.18-08.09.13:924][877]LogPhysics: Warning: PHYSX: (D:\Build\++UE4\Sync\Engine\Source\ThirdParty\PhysX3\PhysX_3.4\Source\PhysXCooking\src\convex\ConvexHullBuilder.cpp 336) eINTERNAL_ERROR : Gu::ConvexMesh::checkHullPolygons: Hull seems to have opened volume or do (some) faces have reversed winding?
[2018.12.18-08.09.13:924][877]LogPhysics: Warning: PHYSX: (D:\Build\++UE4\Sync\Engine\Source\ThirdParty\PhysX3\PhysX_3.4\Source\PhysXCooking\src\convex\ConvexMeshBuilder.cpp 304) eINTERNAL_ERROR : Gu::ConvexMesh::loadConvexHull: convex hull init failed!
[2018.12.18-08.09.13:924][877]LogPhysics: Warning: PHYSX: (D:\Build\++UE4\Sync\Engine\Source\ThirdParty\PhysX3\PhysX_3.4\Source\PhysXCooking\src\convex\ConvexHullBuilder.cpp 336) eINTERNAL_ERROR : Gu::ConvexMesh::checkHullPolygons: Hull seems to have opened volume or do (some) faces have reversed winding?
[2018.12.18-08.09.13:924][877]LogPhysics: Warning: PHYSX: (D:\Build\++UE4\Sync\Engine\Source\ThirdParty\PhysX3\PhysX_3.4\Source\PhysXCooking\src\convex\ConvexMeshBuilder.cpp 304) eINTERNAL_ERROR : Gu::ConvexMesh::loadConvexHull: convex hull init failed!
[2018.12.18-08.09.13:924][877]LogPhysics: Warning: Failed to cook convex: /Game/weathereffects/Meshes/Rainbow.Rainbow 0 (FlipX:0). The remaining elements will not get cooked.
[2018.12.18-08.09.13:924][877]LogPhysics: Warning: PHYSX: (D:\Build\++UE4\Sync\Engine\Source\ThirdParty\PhysX3\PhysX_3.4\Source\PhysXCooking\src\convex\ConvexHullBuilder.cpp 336) eINTERNAL_ERROR : Gu::ConvexMesh::checkHullPolygons: Hull seems to have opened volume or do (some) faces have reversed winding?
[2018.12.18-08.09.13:924][877]LogPhysics: Warning: PHYSX: (D:\Build\++UE4\Sync\Engine\Source\ThirdParty\PhysX3\PhysX_3.4\Source\PhysXCooking\src\convex\ConvexMeshBuilder.cpp 304) eINTERNAL_ERROR : Gu::ConvexMesh::loadConvexHull: convex hull init failed!
[2018.12.18-08.09.13:924][877]LogPhysics: Warning: PHYSX: (D:\Build\++UE4\Sync\Engine\Source\ThirdParty\PhysX3\PhysX_3.4\Source\PhysXCooking\src\convex\ConvexHullBuilder.cpp 336) eINTERNAL_ERROR : Gu::ConvexMesh::checkHullPolygons: Hull seems to have opened volume or do (some) faces have reversed winding?
[2018.12.18-08.09.13:924][877]LogPhysics: Warning: PHYSX: (D:\Build\++UE4\Sync\Engine\Source\ThirdParty\PhysX3\PhysX_3.4\Source\PhysXCooking\src\convex\ConvexMeshBuilder.cpp 304) eINTERNAL_ERROR : Gu::ConvexMesh::loadConvexHull: convex hull init failed!
[2018.12.18-08.09.13:924][877]LogPhysics: Warning: Failed to cook convex: /Game/weathereffects/Meshes/Rainbow.Rainbow 0 (FlipX:1). The remaining elements will not get cooked.
[2018.12.18-08.09.13:925][877]LogPhysics: Warning: Attempt to build physics data for /Game/weathereffects/Meshes/Rainbow.Rainbow:BodySetup_5 when we are unable to.
[2018.12.18-08.09.14:159][877]LogMaterial: Display: Missing cached shader map for material M_Rain_Glass, compiling. 
[2018.12.18-08.09.14:511][877]LogMaterial: Display: Missing cached shader map for material M_Rainbow, compiling. 
[2018.12.18-08.09.14:945][877]LogMaterial: Display: Missing cached shader map for material M_BaseColour, compiling. 
[2018.12.18-08.09.15:238][877]LogMaterial: Display: Missing cached shader map for material M_Rain_Ripples, compiling. 
[2018.12.18-08.09.15:268][877]LogAIModule: Creating AISystem for world WeatherEffects
[2018.12.18-08.09.15:268][877]LogActorComponent: RegisterComponentWithWorld: (/Game/WeatherEffects.WeatherEffects:PersistentLevel.WorldSettings_1.StaticMeshComponent0) Trying to register component with IsPendingKill() == true. Aborting.
[2018.12.18-08.09.18:626][954]LogShaderCompilers: Display: Shaders left to compile 1375
[2018.12.18-08.09.19:767][993]LogShaderCompilers: Display: Shaders left to compile 1365
[2018.12.18-08.09.21:642][ 53]LogShaderCompilers: Display: Shaders left to compile 1355
[2018.12.18-08.09.29:359][212]LogShaderCompilers: Display: Shaders left to compile 1345
[2018.12.18-08.09.31:143][258]LogShaderCompilers: Display: Shaders left to compile 1335
[2018.12.18-08.09.31:163][258]LogShaderCompilers: Display: Shaders left to compile 1325
[2018.12.18-08.09.31:163][258]LogUnrealEdMisc: Warning: Heartbeat event firing too frequently (50.400 sec). This should never happen. Something is wrong with the timer delegate!
[2018.12.18-08.09.38:682][410]LogShaderCompilers: Display: Shaders left to compile 1315
[2018.12.18-08.09.39:593][436]LogShaderCompilers: Display: Shaders left to compile 1305
[2018.12.18-08.09.41:680][487]LogShaderCompilers: Display: Shaders left to compile 1295
[2018.12.18-08.09.50:694][896]LogShaderCompilers: Display: Shaders left to compile 1285
[2018.12.18-08.09.50:708][897]LogShaderCompilers: Display: Shaders left to compile 1275
[2018.12.18-08.09.50:710][897]LogShaderCompilers: Display: Shaders left to compile 1265
[2018.12.18-08.09.59:300][ 40]LogShaderCompilers: Display: Shaders left to compile 1255
[2018.12.18-08.10.04:922][ 98]LogShaderCompilers: Display: Shaders left to compile 1245
[2018.12.18-08.10.06:079][108]LogShaderCompilers: Display: Shaders left to compile 1235
[2018.12.18-08.10.12:328][226]LogShaderCompilers: Display: Shaders left to compile 1225
[2018.12.18-08.10.13:680][267]LogShaderCompilers: Display: Shaders left to compile 1215
[2018.12.18-08.10.14:740][292]LogShaderCompilers: Display: Shaders left to compile 1205
[2018.12.18-08.10.23:827][476]LogShaderCompilers: Display: Shaders left to compile 1195
[2018.12.18-08.10.24:070][487]LogShaderCompilers: Display: Shaders left to compile 1185
[2018.12.18-08.10.24:877][517]LogShaderCompilers: Display: Shaders left to compile 1175
[2018.12.18-08.10.33:670][649]LogShaderCompilers: Display: Shaders left to compile 1165
[2018.12.18-08.10.36:944][734]LogShaderCompilers: Display: Shaders left to compile 1155
[2018.12.18-08.10.37:833][757]LogShaderCompilers: Display: Shaders left to compile 1145
[2018.12.18-08.10.42:949][892]LogShaderCompilers: Display: Shaders left to compile 1135
[2018.12.18-08.10.44:573][934]LogShaderCompilers: Display: Shaders left to compile 1125
[2018.12.18-08.10.47:540][ 17]LogShaderCompilers: Display: Shaders left to compile 1115
[2018.12.18-08.10.53:091][176]LogShaderCompilers: Display: Shaders left to compile 1105
[2018.12.18-08.10.53:220][183]LogShaderCompilers: Display: Shaders left to compile 1095
[2018.12.18-08.10.55:005][237]LogShaderCompilers: Display: Shaders left to compile 1085
[2018.12.18-08.11.00:227][414]LogShaderCompilers: Display: Shaders left to compile 1075
[2018.12.18-08.11.01:457][458]LogShaderCompilers: Display: Shaders left to compile 1065
[2018.12.18-08.11.01:654][465]LogShaderCompilers: Display: Shaders left to compile 1055
[2018.12.18-08.11.08:307][628]LogShaderCompilers: Display: Shaders left to compile 1045
[2018.12.18-08.11.08:908][638]LogShaderCompilers: Display: Shaders left to compile 1035
[2018.12.18-08.11.11:317][756]LogShaderCompilers: Display: Shaders left to compile 1025
[2018.12.18-08.11.13:668][825]LogShaderCompilers: Display: Shaders left to compile 1015
[2018.12.18-08.11.14:110][840]LogShaderCompilers: Display: Shaders left to compile 1005
[2018.12.18-08.11.23:368][ 44]LogShaderCompilers: Display: Shaders left to compile 995
[2018.12.18-08.11.23:483][ 46]LogShaderCompilers: Display: Shaders left to compile 985
[2018.12.18-08.11.25:940][110]LogShaderCompilers: Display: Shaders left to compile 975
[2018.12.18-08.11.32:338][274]LogShaderCompilers: Display: Shaders left to compile 965
[2018.12.18-08.11.34:155][325]LogShaderCompilers: Display: Shaders left to compile 955
[2018.12.18-08.11.34:908][340]LogShaderCompilers: Display: Shaders left to compile 945
[2018.12.18-08.11.41:349][521]LogShaderCompilers: Display: Shaders left to compile 935
[2018.12.18-08.11.41:527][532]LogShaderCompilers: Display: Shaders left to compile 925
[2018.12.18-08.11.43:857][593]LogShaderCompilers: Display: Shaders left to compile 915
[2018.12.18-08.11.46:532][671]LogShaderCompilers: Display: Shaders left to compile 905
[2018.12.18-08.11.47:106][685]LogShaderCompilers: Display: Shaders left to compile 895
[2018.12.18-08.11.53:721][815]LogShaderCompilers: Display: Shaders left to compile 885
[2018.12.18-08.11.58:043][991]LogShaderCompilers: Display: Shaders left to compile 875
[2018.12.18-08.11.58:504][  8]LogShaderCompilers: Display: Shaders left to compile 865
[2018.12.18-08.12.05:577][ 88]LogShaderCompilers: Display: Shaders left to compile 855
[2018.12.18-08.12.11:580][197]LogShaderCompilers: Display: Shaders left to compile 845
[2018.12.18-08.12.17:305][295]LogShaderCompilers: Display: Shaders left to compile 835
[2018.12.18-08.12.20:736][374]LogShaderCompilers: Display: Shaders left to compile 825
[2018.12.18-08.12.24:412][448]LogShaderCompilers: Display: Shaders left to compile 815
[2018.12.18-08.12.24:878][454]LogShaderCompilers: Display: Shaders left to compile 805
[2018.12.18-08.12.34:133][605]LogShaderCompilers: Display: Shaders left to compile 795
[2018.12.18-08.12.34:880][622]LogShaderCompilers: Display: Shaders left to compile 785
[2018.12.18-08.12.37:441][671]LogShaderCompilers: Display: Shaders left to compile 775
[2018.12.18-08.12.48:681][985]LogShaderCompilers: Display: Shaders left to compile 765
[2018.12.18-08.12.48:681][985]LogShaderCompilers: Display: Shaders left to compile 755
[2018.12.18-08.12.48:681][985]LogShaderCompilers: Display: Shaders left to compile 745
[2018.12.18-08.12.56:149][136]LogShaderCompilers: Display: Shaders left to compile 735
[2018.12.18-08.13.00:271][225]LogShaderCompilers: Display: Shaders left to compile 725
[2018.12.18-08.13.01:614][258]LogShaderCompilers: Display: Shaders left to compile 715
[2018.12.18-08.13.06:103][308]LogShaderCompilers: Display: Shaders left to compile 705
[2018.12.18-08.13.07:142][314]LogShaderCompilers: Display: Shaders left to compile 695
[2018.12.18-08.13.09:338][375]LogShaderCompilers: Display: Shaders left to compile 685
[2018.12.18-08.13.13:532][470]LogShaderCompilers: Display: Shaders left to compile 675
[2018.12.18-08.13.18:841][540]LogShaderCompilers: Display: Shaders left to compile 665
[2018.12.18-08.13.19:153][546]LogShaderCompilers: Display: Shaders left to compile 655
[2018.12.18-08.13.27:507][683]LogShaderCompilers: Display: Shaders left to compile 645
[2018.12.18-08.13.32:448][902]LogShaderCompilers: Display: Shaders left to compile 635
[2018.12.18-08.13.32:489][903]LogShaderCompilers: Display: Shaders left to compile 625
[2018.12.18-08.13.41:017][984]LogShaderCompilers: Display: Shaders left to compile 615
[2018.12.18-08.13.44:385][ 15]LogShaderCompilers: Display: Shaders left to compile 605
[2018.12.18-08.13.49:971][103]LogShaderCompilers: Display: Shaders left to compile 595
[2018.12.18-08.13.56:047][196]LogShaderCompilers: Display: Shaders left to compile 585
[2018.12.18-08.13.58:457][226]LogShaderCompilers: Display: Shaders left to compile 575
[2018.12.18-08.14.01:179][253]LogShaderCompilers: Display: Shaders left to compile 565
[2018.12.18-08.14.14:443][401]LogShaderCompilers: Display: Shaders left to compile 555
[2018.12.18-08.14.16:088][424]LogShaderCompilers: Display: Shaders left to compile 545
[2018.12.18-08.14.16:486][430]LogShaderCompilers: Display: Shaders left to compile 535
[2018.12.18-08.14.24:064][558]LogShaderCompilers: Display: Shaders left to compile 525
[2018.12.18-08.14.27:038][646]LogShaderCompilers: Display: Shaders left to compile 515
[2018.12.18-08.14.30:936][688]LogShaderCompilers: Display: Shaders left to compile 505
[2018.12.18-08.14.36:660][765]LogShaderCompilers: Display: Shaders left to compile 495
[2018.12.18-08.14.43:392][853]LogShaderCompilers: Display: Shaders left to compile 485
[2018.12.18-08.14.43:765][869]LogShaderCompilers: Display: Shaders left to compile 475
[2018.12.18-08.14.50:334][ 28]LogShaderCompilers: Display: Shaders left to compile 465
[2018.12.18-08.14.52:538][ 95]LogShaderCompilers: Display: Shaders left to compile 455
[2018.12.18-08.14.52:627][ 96]LogShaderCompilers: Display: Shaders left to compile 445
[2018.12.18-08.15.01:293][276]LogShaderCompilers: Display: Shaders left to compile 435
[2018.12.18-08.15.01:463][281]LogShaderCompilers: Display: Shaders left to compile 425
[2018.12.18-08.15.03:079][333]LogShaderCompilers: Display: Shaders left to compile 415
[2018.12.18-08.15.08:985][460]LogShaderCompilers: Display: Shaders left to compile 405
[2018.12.18-08.15.10:096][491]LogShaderCompilers: Display: Shaders left to compile 395
[2018.12.18-08.15.16:389][497]LogShaderCompilers: Display: Shaders left to compile 385
[2018.12.18-08.15.16:389][497]LogShaderCompilers: Display: Shaders left to compile 375
[2018.12.18-08.15.16:597][504]LogShaderCompilers: Display: Shaders left to compile 365
[2018.12.18-08.15.17:592][540]LogShaderCompilers: Display: Shaders left to compile 355
[2018.12.18-08.15.22:700][697]LogShaderCompilers: Display: Shaders left to compile 345
[2018.12.18-08.15.23:235][715]LogShaderCompilers: Display: Shaders left to compile 335
[2018.12.18-08.15.25:752][776]LogShaderCompilers: Display: Shaders left to compile 325
[2018.12.18-08.15.31:149][897]LogShaderCompilers: Display: Shaders left to compile 315
[2018.12.18-08.15.34:019][971]LogShaderCompilers: Display: Shaders left to compile 305
[2018.12.18-08.15.36:268][ 37]LogShaderCompilers: Display: Shaders left to compile 295
[2018.12.18-08.15.39:577][127]LogShaderCompilers: Display: Shaders left to compile 285
[2018.12.18-08.15.40:692][160]LogShaderCompilers: Display: Shaders left to compile 275
[2018.12.18-08.15.44:331][278]LogShaderCompilers: Display: Shaders left to compile 265
[2018.12.18-08.15.46:328][344]LogShaderCompilers: Display: Shaders left to compile 255
[2018.12.18-08.15.47:689][385]LogShaderCompilers: Display: Shaders left to compile 245
