Log file open, 12/18/18 13:57:05
LogWindows: Failed to load 'aqProf.dll' (GetLastError=126)
LogWindows: File 'aqProf.dll' does not exist
LogWindows: Failed to load 'VtuneApi.dll' (GetLastError=126)
LogWindows: File 'VtuneApi.dll' does not exist
LogWindows: Failed to load 'VtuneApi32e.dll' (GetLastError=126)
LogWindows: File 'VtuneApi32e.dll' does not exist
LogConsoleResponse: Display: Failed to find resolution value strings in scalability ini. Falling back to default.
LogInit: Display: Running engine for game: BodyTech
LogPakFile: Registered encryption key '00000000000000000000000000000000': 0 pak files mounted, 0 remain pending
LogPlatformFile: Not using cached read wrapper
LogTaskGraph: Started task graph with 5 named threads and 14 total threads with 3 sets of task threads.
LogStats: Stats thread started at 5.354209
LogD3D11RHI: Loaded GFSDK_Aftermath_Lib.x64.dll
LogICUInternationalization: ICU TimeZone Detection - Raw Offset: +10:00, Platform Override: ''
LogPluginManager: Mounting plugin Paper2D
LogPluginManager: Mounting plugin AISupport
LogPluginManager: Mounting plugin LightPropagationVolume
LogPluginManager: Mounting plugin ActorLayerUtilities
LogPluginManager: Mounting plugin CLionSourceCodeAccess
LogPluginManager: Mounting plugin CodeLiteSourceCodeAccess
LogPluginManager: Mounting plugin GitSourceControl
LogPluginManager: Mounting plugin KDevelopSourceCodeAccess
LogPluginManager: Mounting plugin NullSourceCodeAccess
LogPluginManager: Mounting plugin PerforceSourceControl
LogPluginManager: Mounting plugin SubversionSourceControl
LogPluginManager: Mounting plugin UObjectPlugin
LogPluginManager: Mounting plugin VisualStudioCodeSourceCodeAccess
LogPluginManager: Mounting plugin VisualStudioSourceCodeAccess
LogPluginManager: Mounting plugin XCodeSourceCodeAccess
LogPluginManager: Mounting plugin AssetManagerEditor
LogPluginManager: Mounting plugin CryptoKeys
LogPluginManager: Mounting plugin DataValidation
LogPluginManager: Mounting plugin FacialAnimation
LogPluginManager: Mounting plugin GameplayTagsEditor
LogPluginManager: Mounting plugin MacGraphicsSwitching
LogPluginManager: Mounting plugin MeshEditor
LogPluginManager: Mounting plugin MobileLauncherProfileWizard
LogPluginManager: Mounting plugin PluginBrowser
LogPluginManager: Mounting plugin SpeedTreeImporter
LogPluginManager: Mounting plugin DatasmithContent
LogPluginManager: Mounting plugin VariantManagerContent
LogPluginManager: Mounting plugin AlembicImporter
LogPluginManager: Mounting plugin AppleImageUtils
LogPluginManager: Mounting plugin AppleVision
LogPluginManager: Mounting plugin BackChannel
LogPluginManager: Mounting plugin CharacterAI
LogPluginManager: Mounting plugin GeometryCache
LogPluginManager: Mounting plugin HTML5Networking
LogPluginManager: Mounting plugin ProxyLODPlugin
LogPluginManager: Mounting plugin MagicLeap
LogPluginManager: Mounting plugin MagicLeapMedia
LogPluginManager: Mounting plugin Substance
LogPluginManager: Mounting plugin AndroidMedia
LogPluginManager: Mounting plugin AvfMedia
LogPluginManager: Mounting plugin ImgMedia
LogPluginManager: Mounting plugin LinearTimecode
LogPluginManager: Mounting plugin MediaCompositing
LogPluginManager: Mounting plugin MediaPlayerEditor
LogPluginManager: Mounting plugin WebMMedia
LogPluginManager: Mounting plugin WmfMedia
LogPluginManager: Mounting plugin TcpMessaging
LogPluginManager: Mounting plugin UdpMessaging
LogPluginManager: Mounting plugin ActorSequence
LogPluginManager: Mounting plugin LevelSequenceEditor
LogPluginManager: Mounting plugin MatineeToLevelSequence
LogPluginManager: Mounting plugin NetcodeUnitTest
LogPluginManager: Mounting plugin NUTUnrealEngine4
LogPluginManager: Mounting plugin OnlineSubsystemGooglePlay
LogPluginManager: Mounting plugin OnlineSubsystemIOS
LogPluginManager: Mounting plugin OnlineSubsystem
LogPluginManager: Mounting plugin OnlineSubsystemNull
LogPluginManager: Mounting plugin OnlineSubsystemUtils
LogPluginManager: Mounting plugin LauncherChunkInstaller
LogPluginManager: Mounting plugin AndroidDeviceProfileSelector
LogPluginManager: Mounting plugin AndroidMoviePlayer
LogPluginManager: Mounting plugin AndroidPermission
LogPluginManager: Mounting plugin AppleMoviePlayer
LogPluginManager: Mounting plugin ArchVisCharacter
LogPluginManager: Mounting plugin AudioCapture
LogPluginManager: Mounting plugin CableComponent
LogPluginManager: Mounting plugin CustomMeshComponent
LogPluginManager: Mounting plugin EditableMesh
LogPluginManager: Mounting plugin ExampleDeviceProfileSelector
LogPluginManager: Mounting plugin Firebase
LogPluginManager: Mounting plugin GoogleCloudMessaging
LogPluginManager: Mounting plugin IOSDeviceProfileSelector
LogPluginManager: Mounting plugin LinuxDeviceProfileSelector
LogPluginManager: Mounting plugin LocationServicesBPLibrary
LogPluginManager: Mounting plugin MobilePatchingUtils
LogPluginManager: Mounting plugin OculusVR
LogPluginManager: Mounting plugin PhysXVehicles
LogPluginManager: Mounting plugin ProceduralMeshComponent
LogPluginManager: Mounting plugin RuntimePhysXCooking
LogPluginManager: Mounting plugin SteamVR
LogPluginManager: Mounting plugin WebMMoviePlayer
LogPluginManager: Mounting plugin WindowsMoviePlayer
LogStreaming: Display: Took  0.334s to configure plugins.
LogInit: Using libcurl 7.55.1-DEV
LogInit:  - built for x86_64-pc-win32
LogInit:  - supports SSL with OpenSSL/1.0.2h
LogInit:  - supports HTTP deflate (compression) using libz 1.2.8
LogInit:  - other features:
LogInit:      CURL_VERSION_SSL
LogInit:      CURL_VERSION_LIBZ
LogInit:      CURL_VERSION_IPV6
LogInit:      CURL_VERSION_ASYNCHDNS
LogInit:      CURL_VERSION_LARGEFILE
LogInit:      CURL_VERSION_IDN
LogInit:  CurlRequestOptions (configurable via config and command line):
LogInit:  - bVerifyPeer = true  - Libcurl will verify peer certificate
LogInit:  - bUseHttpProxy = false  - Libcurl will NOT use HTTP proxy
LogInit:  - bDontReuseConnections = false  - Libcurl will reuse connections
LogInit:  - MaxHostConnections = 16  - Libcurl will limit the number of connections to a host
LogInit:  - LocalHostAddr = Default
LogInit:  - BufferSize = 65536
LogInit: WinSock: version 1.1 (2.2), MaxSocks=32767, MaxUdp=65467
LogHMD: Failed initializing OVRPlugin 1.28.0
LogInit: Build: ++UE4+Release-4.21-CL-4613538
LogInit: Engine Version: 4.21.1-4613538+++UE4+Release-4.21
LogInit: Compatible Engine Version: 4.21.0-4541578+++UE4+Release-4.21
LogInit: Net CL: 4541578
LogInit: OS: Windows 10 (), CPU: Intel(R) Core(TM) i5-4570 CPU @ 3.20GHz, GPU: NVIDIA GeForce GTX 1060 6GB
LogInit: Compiled (64-bit): Nov 30 2018 04:13:25
LogInit: Compiled with Visual C++: 19.13.26129.00
LogInit: Build Configuration: Development
LogInit: Branch Name: ++UE4+Release-4.21
LogInit: Command Line: 
LogInit: Base Directory: D:/UE4/UE_4.21/Engine/Binaries/Win64/
LogInit: Installed Engine Build: 1
LogDevObjectVersion: Number of dev versions registered: 22
LogDevObjectVersion:   Dev-Blueprints (B0D832E4-1F89-4F0D-ACCF-7EB736FD4AA2): 10
LogDevObjectVersion:   Dev-Build (E1C64328-A22C-4D53-A36C-8E866417BD8C): 0
LogDevObjectVersion:   Dev-Core (375EC13C-06E4-48FB-B500-84F0262A717E): 2
LogDevObjectVersion:   Dev-Editor (E4B068ED-F494-42E9-A231-DA0B2E46BB41): 26
LogDevObjectVersion:   Dev-Framework (CFFC743F-43B0-4480-9391-14DF171D2073): 34
LogDevObjectVersion:   Dev-Mobile (B02B49B5-BB20-44E9-A304-32B752E40360): 2
LogDevObjectVersion:   Dev-Networking (A4E4105C-59A1-49B5-A7C5-40C4547EDFEE): 0
LogDevObjectVersion:   Dev-Online (39C831C9-5AE6-47DC-9A44-9C173E1C8E7C): 0
LogDevObjectVersion:   Dev-Physics (78F01B33-EBEA-4F98-B9B4-84EACCB95AA2): 0
LogDevObjectVersion:   Dev-Platform (6631380F-2D4D-43E0-8009-CF276956A95A): 0
LogDevObjectVersion:   Dev-Rendering (12F88B9F-8875-4AFC-A67C-D90C383ABD29): 27
LogDevObjectVersion:   Dev-Sequencer (7B5AE74C-D270-4C10-A958-57980B212A5A): 9
LogDevObjectVersion:   Dev-VR (D7296918-1DD6-4BDD-9DE2-64A83CC13884): 2
LogDevObjectVersion:   Dev-LoadTimes (C2A15278-BFE7-4AFE-6C17-90FF531DF755): 1
LogDevObjectVersion:   Private-Geometry (6EACA3D4-40EC-4CC1-B786-8BED09428FC5): 3
LogDevObjectVersion:   Dev-AnimPhys (29E575DD-E0A3-4627-9D10-D276232CDCEA): 17
LogDevObjectVersion:   Dev-Anim (AF43A65D-7FD3-4947-9873-3E8ED9C1BB05): 2
LogDevObjectVersion:   Dev-ReflectionCapture (6B266CEC-1EC7-4B8F-A30B-E4D90942FC07): 1
LogDevObjectVersion:   Dev-Automation (0DF73D61-A23F-47EA-B727-89E90C41499A): 1
LogDevObjectVersion:   FortniteMain (601D1886-AC64-4F84-AA16-D3DE0DEAC7D6): 17
LogDevObjectVersion:   Dev-Enterprise (9DFFBCD6-494F-0158-E221-12823C92A888): 4
LogDevObjectVersion:   Dev-Niagara (F2AED0AC-9AFE-416F-8664-AA7FFA26D6FC): 1
LogStreaming: Display: Took  0.022s to delete old logs.
LogInit: Presizing for max 8388607 objects, including 0 objects not considered by GC, pre-allocating 0 bytes for permanent pool.
LogInit: Object subsystem initialized
LogConfig: Setting CVar [[con.DebugEarlyDefault:1]]
LogConfig: Setting CVar [[r.setres:1280x720]]
[2018.12.18-02.57.10:504][  0]LogConfig: Setting CVar [[r.VSync:0]]
[2018.12.18-02.57.10:504][  0]LogConfig: Setting CVar [[r.RHICmdBypass:0]]
[2018.12.18-02.57.10:504][  0]LogConfig: Applying CVar settings from Section [/Script/Engine.RendererSettings] File [C:/Users/Alex/Documents/Unreal Projects/BodyTech 4.21/Saved/Config/Windows/Engine.ini]
[2018.12.18-02.57.10:504][  0]LogConfig: Setting CVar [[r.GPUCrashDebugging:0]]
[2018.12.18-02.57.10:504][  0]LogConfig: Setting CVar [[r.MobileHDR:1]]
[2018.12.18-02.57.10:504][  0]LogConfig: Setting CVar [[r.MobileNumDynamicPointLights:4]]
[2018.12.18-02.57.10:504][  0]LogConfig: Setting CVar [[r.MobileDynamicPointLightsUseStaticBranch:1]]
[2018.12.18-02.57.10:504][  0]LogConfig: Setting CVar [[r.AllowOcclusionQueries:1]]
[2018.12.18-02.57.10:504][  0]LogConfig: Setting CVar [[r.MinScreenRadiusForLights:0.030000]]
[2018.12.18-02.57.10:504][  0]LogConfig: Setting CVar [[r.MinScreenRadiusForDepthPrepass:0.030000]]
[2018.12.18-02.57.10:504][  0]LogConfig: Setting CVar [[r.PrecomputedVisibilityWarning:0]]
[2018.12.18-02.57.10:504][  0]LogConfig: Setting CVar [[r.TextureStreaming:1]]
[2018.12.18-02.57.10:504][  0]LogConfig: Setting CVar [[Compat.UseDXT5NormalMaps:0]]
[2018.12.18-02.57.10:504][  0]LogConfig: Setting CVar [[r.AllowStaticLighting:1]]
[2018.12.18-02.57.10:504][  0]LogConfig: Setting CVar [[r.NormalMapsForStaticLighting:0]]
[2018.12.18-02.57.10:504][  0]LogConfig: Setting CVar [[r.GenerateMeshDistanceFields:0]]
[2018.12.18-02.57.10:504][  0]LogConfig: Setting CVar [[r.GenerateLandscapeGIData:1]]
[2018.12.18-02.57.10:504][  0]LogConfig: Setting CVar [[r.TessellationAdaptivePixelsPerTriangle:48.000000]]
[2018.12.18-02.57.10:504][  0]LogConfig: Setting CVar [[r.SeparateTranslucency:1]]
[2018.12.18-02.57.10:504][  0]LogConfig: Setting CVar [[r.TranslucentSortPolicy:0]]
[2018.12.18-02.57.10:504][  0]LogConfig: Setting CVar [[r.CustomDepth:1]]
[2018.12.18-02.57.10:504][  0]LogConfig: Setting CVar [[r.DefaultFeature.Bloom:1]]
[2018.12.18-02.57.10:504][  0]LogConfig: Setting CVar [[r.DefaultFeature.AmbientOcclusion:1]]
[2018.12.18-02.57.10:504][  0]LogConfig: Setting CVar [[r.DefaultFeature.AmbientOcclusionStaticFraction:1]]
[2018.12.18-02.57.10:504][  0]LogConfig: Setting CVar [[r.DefaultFeature.AutoExposure:1]]
[2018.12.18-02.57.10:504][  0]LogConfig: Setting CVar [[r.DefaultFeature.MotionBlur:1]]
[2018.12.18-02.57.10:504][  0]LogConfig: Setting CVar [[r.DefaultFeature.LensFlare:1]]
[2018.12.18-02.57.10:504][  0]LogConfig: Setting CVar [[r.DefaultFeature.AntiAliasing:2]]
[2018.12.18-02.57.10:504][  0]LogConfig: Setting CVar [[r.EarlyZPass:3]]
[2018.12.18-02.57.10:504][  0]LogConfig: Setting CVar [[r.EarlyZPassMovable:0]]
[2018.12.18-02.57.10:504][  0]LogConfig: Setting CVar [[r.DBuffer:0]]
[2018.12.18-02.57.10:504][  0]LogConfig: Setting CVar [[r.ClearSceneMethod:1]]
[2018.12.18-02.57.10:504][  0]LogConfig: Setting CVar [[r.BasePassOutputsVelocity:0]]
[2018.12.18-02.57.10:504][  0]LogConfig: Setting CVar [[r.WireframeCullThreshold:5.000000]]
[2018.12.18-02.57.10:504][  0]LogConfig: Applying CVar settings from Section [/Script/Engine.RendererOverrideSettings] File [C:/Users/Alex/Documents/Unreal Projects/BodyTech 4.21/Saved/Config/Windows/Engine.ini]
[2018.12.18-02.57.10:504][  0]LogConfig: Applying CVar settings from Section [/Script/Engine.StreamingSettings] File [C:/Users/Alex/Documents/Unreal Projects/BodyTech 4.21/Saved/Config/Windows/Engine.ini]
[2018.12.18-02.57.10:504][  0]LogConfig: Setting CVar [[s.MinBulkDataSizeForAsyncLoading:131072]]
[2018.12.18-02.57.10:504][  0]LogConfig: Setting CVar [[s.AsyncLoadingThreadEnabled:0]]
[2018.12.18-02.57.10:504][  0]LogConfig: Setting CVar [[s.EventDrivenLoaderEnabled:1]]
[2018.12.18-02.57.10:504][  0]LogConfig: Setting CVar [[s.WarnIfTimeLimitExceeded:0]]
[2018.12.18-02.57.10:504][  0]LogConfig: Setting CVar [[s.TimeLimitExceededMultiplier:1.5]]
[2018.12.18-02.57.10:504][  0]LogConfig: Setting CVar [[s.TimeLimitExceededMinTime:0.005]]
[2018.12.18-02.57.10:504][  0]LogConfig: Setting CVar [[s.UseBackgroundLevelStreaming:1]]
[2018.12.18-02.57.10:504][  0]LogConfig: Setting CVar [[s.PriorityAsyncLoadingExtraTime:15.0]]
[2018.12.18-02.57.10:504][  0]LogConfig: Setting CVar [[s.LevelStreamingActorsUpdateTimeLimit:5.0]]
[2018.12.18-02.57.10:504][  0]LogConfig: Setting CVar [[s.PriorityLevelStreamingActorsUpdateExtraTime:5.0]]
[2018.12.18-02.57.10:504][  0]LogConfig: Setting CVar [[s.LevelStreamingComponentsRegistrationGranularity:10]]
[2018.12.18-02.57.10:504][  0]LogConfig: Setting CVar [[s.UnregisterComponentsTimeLimit:1.0]]
[2018.12.18-02.57.10:504][  0]LogConfig: Setting CVar [[s.LevelStreamingComponentsUnregistrationGranularity:5]]
[2018.12.18-02.57.10:504][  0]LogConfig: Applying CVar settings from Section [/Script/Engine.GarbageCollectionSettings] File [C:/Users/Alex/Documents/Unreal Projects/BodyTech 4.21/Saved/Config/Windows/Engine.ini]
[2018.12.18-02.57.10:504][  0]LogConfig: Setting CVar [[gc.MaxObjectsNotConsideredByGC:1]]
[2018.12.18-02.57.10:505][  0]LogConfig: Setting CVar [[gc.SizeOfPermanentObjectPool:0]]
[2018.12.18-02.57.10:505][  0]LogConfig: Setting CVar [[gc.FlushStreamingOnGC:0]]
[2018.12.18-02.57.10:505][  0]LogConfig: Setting CVar [[gc.NumRetriesBeforeForcingGC:10]]
[2018.12.18-02.57.10:505][  0]LogConfig: Setting CVar [[gc.AllowParallelGC:1]]
[2018.12.18-02.57.10:505][  0]LogConfig: Setting CVar [[gc.TimeBetweenPurgingPendingKillObjects:61.1]]
[2018.12.18-02.57.10:505][  0]LogConfig: Setting CVar [[gc.MaxObjectsInEditor:8388607]]
[2018.12.18-02.57.10:505][  0]LogConfig: Setting CVar [[gc.IncrementalBeginDestroyEnabled:1]]
[2018.12.18-02.57.10:505][  0]LogConfig: Setting CVar [[gc.CreateGCClusters:1]]
[2018.12.18-02.57.10:505][  0]LogConfig: Setting CVar [[gc.MergeGCClusters:0]]
[2018.12.18-02.57.10:505][  0]LogConfig: Setting CVar [[gc.MinGCClusterSize:5]]
[2018.12.18-02.57.10:505][  0]LogConfig: Setting CVar [[gc.ActorClusteringEnabled:0]]
[2018.12.18-02.57.10:505][  0]LogConfig: Setting CVar [[gc.BlueprintClusteringEnabled:0]]
[2018.12.18-02.57.10:505][  0]LogConfig: Setting CVar [[gc.UseDisregardForGCOnDedicatedServers:0]]
[2018.12.18-02.57.10:505][  0]LogConfig: Applying CVar settings from Section [/Script/Engine.NetworkSettings] File [C:/Users/Alex/Documents/Unreal Projects/BodyTech 4.21/Saved/Config/Windows/Engine.ini]
[2018.12.18-02.57.10:505][  0]LogConfig: Applying CVar settings from Section [/Script/UnrealEd.CookerSettings] File [C:/Users/Alex/Documents/Unreal Projects/BodyTech 4.21/Saved/Config/Windows/Engine.ini]
[2018.12.18-02.57.10:507][  0]LogConfig: Applying CVar settings from Section [ViewDistanceQuality@3] File [C:/Users/Alex/Documents/Unreal Projects/BodyTech 4.21/Saved/Config/Windows/Scalability.ini]
[2018.12.18-02.57.10:507][  0]LogConfig: Setting CVar [[r.SkeletalMeshLODBias:0]]
[2018.12.18-02.57.10:507][  0]LogConfig: Setting CVar [[r.ViewDistanceScale:1.0]]
[2018.12.18-02.57.10:508][  0]LogConfig: Applying CVar settings from Section [AntiAliasingQuality@3] File [C:/Users/Alex/Documents/Unreal Projects/BodyTech 4.21/Saved/Config/Windows/Scalability.ini]
[2018.12.18-02.57.10:508][  0]LogConfig: Setting CVar [[r.PostProcessAAQuality:4]]
[2018.12.18-02.57.10:508][  0]LogConfig: Applying CVar settings from Section [ShadowQuality@3] File [C:/Users/Alex/Documents/Unreal Projects/BodyTech 4.21/Saved/Config/Windows/Scalability.ini]
[2018.12.18-02.57.10:508][  0]LogConfig: Setting CVar [[r.LightFunctionQuality:1]]
[2018.12.18-02.57.10:508][  0]LogConfig: Setting CVar [[r.ShadowQuality:5]]
[2018.12.18-02.57.10:508][  0]LogConfig: Setting CVar [[r.Shadow.CSM.MaxCascades:10]]
[2018.12.18-02.57.10:508][  0]LogConfig: Setting CVar [[r.Shadow.MaxResolution:2048]]
[2018.12.18-02.57.10:508][  0]LogConfig: Setting CVar [[r.Shadow.MaxCSMResolution:2048]]
[2018.12.18-02.57.10:508][  0]LogConfig: Setting CVar [[r.Shadow.RadiusThreshold:0.01]]
[2018.12.18-02.57.10:508][  0]LogConfig: Setting CVar [[r.Shadow.DistanceScale:1.0]]
[2018.12.18-02.57.10:508][  0]LogConfig: Setting CVar [[r.Shadow.CSM.TransitionScale:1.0]]
[2018.12.18-02.57.10:508][  0]LogConfig: Setting CVar [[r.Shadow.PreShadowResolutionFactor:1.0]]
[2018.12.18-02.57.10:508][  0]LogConfig: Setting CVar [[r.DistanceFieldShadowing:1]]
[2018.12.18-02.57.10:508][  0]LogConfig: Setting CVar [[r.DistanceFieldAO:1]]
[2018.12.18-02.57.10:508][  0]LogConfig: Setting CVar [[r.AOQuality:2]]
[2018.12.18-02.57.10:508][  0]LogConfig: Setting CVar [[r.VolumetricFog:1]]
[2018.12.18-02.57.10:508][  0]LogConfig: Setting CVar [[r.VolumetricFog.GridPixelSize:8]]
[2018.12.18-02.57.10:508][  0]LogConfig: Setting CVar [[r.VolumetricFog.GridSizeZ:128]]
[2018.12.18-02.57.10:508][  0]LogConfig: Setting CVar [[r.VolumetricFog.HistoryMissSupersampleCount:4]]
[2018.12.18-02.57.10:508][  0]LogConfig: Setting CVar [[r.LightMaxDrawDistanceScale:1]]
[2018.12.18-02.57.10:508][  0]LogConfig: Setting CVar [[r.CapsuleShadows:1]]
[2018.12.18-02.57.10:508][  0]LogConfig: Applying CVar settings from Section [PostProcessQuality@3] File [C:/Users/Alex/Documents/Unreal Projects/BodyTech 4.21/Saved/Config/Windows/Scalability.ini]
[2018.12.18-02.57.10:508][  0]LogConfig: Setting CVar [[r.MotionBlurQuality:4]]
[2018.12.18-02.57.10:508][  0]LogConfig: Setting CVar [[r.AmbientOcclusionMipLevelFactor:0.4]]
[2018.12.18-02.57.10:508][  0]LogConfig: Setting CVar [[r.AmbientOcclusionMaxQuality:100]]
[2018.12.18-02.57.10:508][  0]LogConfig: Setting CVar [[r.AmbientOcclusionLevels:-1]]
[2018.12.18-02.57.10:508][  0]LogConfig: Setting CVar [[r.AmbientOcclusionRadiusScale:1.0]]
[2018.12.18-02.57.10:508][  0]LogConfig: Setting CVar [[r.DepthOfFieldQuality:2]]
[2018.12.18-02.57.10:508][  0]LogConfig: Setting CVar [[r.RenderTargetPoolMin:400]]
[2018.12.18-02.57.10:508][  0]LogConfig: Setting CVar [[r.LensFlareQuality:2]]
[2018.12.18-02.57.10:508][  0]LogConfig: Setting CVar [[r.SceneColorFringeQuality:1]]
[2018.12.18-02.57.10:508][  0]LogConfig: Setting CVar [[r.EyeAdaptationQuality:2]]
[2018.12.18-02.57.10:508][  0]LogConfig: Setting CVar [[r.BloomQuality:5]]
[2018.12.18-02.57.10:508][  0]LogConfig: Setting CVar [[r.FastBlurThreshold:100]]
[2018.12.18-02.57.10:508][  0]LogConfig: Setting CVar [[r.Upscale.Quality:3]]
[2018.12.18-02.57.10:508][  0]LogConfig: Setting CVar [[r.Tonemapper.GrainQuantization:1]]
[2018.12.18-02.57.10:508][  0]LogConfig: Setting CVar [[r.LightShaftQuality:1]]
[2018.12.18-02.57.10:508][  0]LogConfig: Setting CVar [[r.Filter.SizeScale:1]]
[2018.12.18-02.57.10:508][  0]LogConfig: Setting CVar [[r.Tonemapper.Quality:5]]
[2018.12.18-02.57.10:508][  0]LogConfig: Setting CVar [[r.DOF.Gather.AccumulatorQuality:1        ; higher gathering accumulator quality]]
[2018.12.18-02.57.10:508][  0]LogConfig: Setting CVar [[r.DOF.Gather.PostfilterMethod:1          ; Median3x3 postfilering method]]
[2018.12.18-02.57.10:508][  0]LogConfig: Setting CVar [[r.DOF.Gather.EnableBokehSettings:0       ; no bokeh simulation when gathering]]
[2018.12.18-02.57.10:508][  0]LogConfig: Setting CVar [[r.DOF.Gather.RingCount:4                 ; medium number of samples when gathering]]
[2018.12.18-02.57.10:508][  0]LogConfig: Setting CVar [[r.DOF.Scatter.ForegroundCompositing:1    ; additive foreground scattering]]
[2018.12.18-02.57.10:508][  0]LogConfig: Setting CVar [[r.DOF.Scatter.BackgroundCompositing:2    ; additive background scattering]]
[2018.12.18-02.57.10:508][  0]LogConfig: Setting CVar [[r.DOF.Scatter.EnableBokehSettings:1      ; bokeh simulation when scattering]]
[2018.12.18-02.57.10:508][  0]LogConfig: Setting CVar [[r.DOF.Scatter.MaxSpriteRatio:0.1         ; only a maximum of 10% of scattered bokeh]]
[2018.12.18-02.57.10:508][  0]LogConfig: Setting CVar [[r.DOF.Recombine.Quality:1                ; cheap slight out of focus]]
[2018.12.18-02.57.10:508][  0]LogConfig: Setting CVar [[r.DOF.Recombine.EnableBokehSettings:0    ; no bokeh simulation on slight out of focus]]
[2018.12.18-02.57.10:508][  0]LogConfig: Setting CVar [[r.DOF.TemporalAAQuality:1                ; more stable temporal accumulation]]
[2018.12.18-02.57.10:508][  0]LogConfig: Setting CVar [[r.DOF.Kernel.MaxForegroundRadius:0.025]]
[2018.12.18-02.57.10:508][  0]LogConfig: Setting CVar [[r.DOF.Kernel.MaxBackgroundRadius:0.025]]
[2018.12.18-02.57.10:508][  0]LogConfig: Applying CVar settings from Section [TextureQuality@3] File [C:/Users/Alex/Documents/Unreal Projects/BodyTech 4.21/Saved/Config/Windows/Scalability.ini]
[2018.12.18-02.57.10:508][  0]LogConfig: Setting CVar [[r.Streaming.MipBias:0]]
[2018.12.18-02.57.10:508][  0]LogConfig: Setting CVar [[r.Streaming.AmortizeCPUToGPUCopy:0]]
[2018.12.18-02.57.10:508][  0]LogConfig: Setting CVar [[r.Streaming.MaxNumTexturesToStreamPerFrame:0]]
[2018.12.18-02.57.10:508][  0]LogConfig: Setting CVar [[r.Streaming.Boost:1]]
[2018.12.18-02.57.10:508][  0]LogConfig: Setting CVar [[r.MaxAnisotropy:8]]
[2018.12.18-02.57.10:508][  0]LogConfig: Setting CVar [[r.Streaming.LimitPoolSizeToVRAM:0]]
[2018.12.18-02.57.10:508][  0]LogConfig: Setting CVar [[r.Streaming.PoolSize:1000]]
[2018.12.18-02.57.10:508][  0]LogConfig: Setting CVar [[r.Streaming.MaxEffectiveScreenSize:0]]
[2018.12.18-02.57.10:508][  0]LogConfig: Applying CVar settings from Section [EffectsQuality@3] File [C:/Users/Alex/Documents/Unreal Projects/BodyTech 4.21/Saved/Config/Windows/Scalability.ini]
[2018.12.18-02.57.10:508][  0]LogConfig: Setting CVar [[r.TranslucencyLightingVolumeDim:64]]
[2018.12.18-02.57.10:508][  0]LogConfig: Setting CVar [[r.RefractionQuality:2]]
[2018.12.18-02.57.10:508][  0]LogConfig: Setting CVar [[r.SSR.Quality:3]]
[2018.12.18-02.57.10:508][  0]LogConfig: Setting CVar [[r.SceneColorFormat:4]]
[2018.12.18-02.57.10:508][  0]LogConfig: Setting CVar [[r.DetailMode:2]]
[2018.12.18-02.57.10:508][  0]LogConfig: Setting CVar [[r.TranslucencyVolumeBlur:1]]
[2018.12.18-02.57.10:508][  0]LogConfig: Setting CVar [[r.MaterialQualityLevel:1 ; High quality]]
[2018.12.18-02.57.10:508][  0]LogConfig: Setting CVar [[r.SSS.Scale:1]]
[2018.12.18-02.57.10:508][  0]LogConfig: Setting CVar [[r.SSS.SampleSet:2]]
[2018.12.18-02.57.10:508][  0]LogConfig: Setting CVar [[r.SSS.Quality:1]]
[2018.12.18-02.57.10:509][  0]LogConfig: Setting CVar [[r.SSS.HalfRes:1]]
[2018.12.18-02.57.10:509][  0]LogConfig: Setting CVar [[r.EmitterSpawnRateScale:1.0]]
[2018.12.18-02.57.10:509][  0]LogConfig: Setting CVar [[r.ParticleLightQuality:2]]
[2018.12.18-02.57.10:509][  0]LogConfig: Applying CVar settings from Section [FoliageQuality@3] File [C:/Users/Alex/Documents/Unreal Projects/BodyTech 4.21/Saved/Config/Windows/Scalability.ini]
[2018.12.18-02.57.10:509][  0]LogConfig: Setting CVar [[foliage.DensityScale:1.0]]
[2018.12.18-02.57.10:509][  0]LogConfig: Setting CVar [[grass.DensityScale:1.0]]
[2018.12.18-02.57.10:509][  0]LogInit: Selected Device Profile: [Windows]
[2018.12.18-02.57.10:509][  0]LogInit: Applying CVar settings loaded from the selected device profile: [Windows]
[2018.12.18-02.57.10:572][  0]LogHAL: Display: Platform has ~ 16 GB [17067487232 / 17179869184 / 16], which maps to Larger [LargestMinGB=32, LargerMinGB=12, DefaultMinGB=8, SmallerMinGB=6, SmallestMinGB=0)
[2018.12.18-02.57.10:572][  0]LogConfig: Setting CVar [[r.Vulkan.UseRealUBs:1]]
[2018.12.18-02.57.10:572][  0]LogInit: Going up to parent DeviceProfile []
[2018.12.18-02.57.10:572][  0]LogConfig: Applying CVar settings from Section [ViewDistanceQuality@Cine] File [C:/Users/Alex/Documents/Unreal Projects/BodyTech 4.21/Saved/Config/Windows/Scalability.ini]
[2018.12.18-02.57.10:572][  0]LogConfig: Setting CVar [[r.SkeletalMeshLODBias:0]]
[2018.12.18-02.57.10:572][  0]LogConfig: Setting CVar [[r.ViewDistanceScale:10.0]]
[2018.12.18-02.57.10:572][  0]LogConfig: Applying CVar settings from Section [AntiAliasingQuality@3] File [C:/Users/Alex/Documents/Unreal Projects/BodyTech 4.21/Saved/Config/Windows/Scalability.ini]
[2018.12.18-02.57.10:572][  0]LogConfig: Setting CVar [[r.PostProcessAAQuality:4]]
[2018.12.18-02.57.10:572][  0]LogConfig: Applying CVar settings from Section [ShadowQuality@3] File [C:/Users/Alex/Documents/Unreal Projects/BodyTech 4.21/Saved/Config/Windows/Scalability.ini]
[2018.12.18-02.57.10:572][  0]LogConfig: Setting CVar [[r.LightFunctionQuality:1]]
[2018.12.18-02.57.10:572][  0]LogConfig: Setting CVar [[r.ShadowQuality:5]]
[2018.12.18-02.57.10:572][  0]LogConfig: Setting CVar [[r.Shadow.CSM.MaxCascades:10]]
[2018.12.18-02.57.10:572][  0]LogConfig: Setting CVar [[r.Shadow.MaxResolution:2048]]
[2018.12.18-02.57.10:572][  0]LogConfig: Setting CVar [[r.Shadow.MaxCSMResolution:2048]]
[2018.12.18-02.57.10:572][  0]LogConfig: Setting CVar [[r.Shadow.RadiusThreshold:0.01]]
[2018.12.18-02.57.10:572][  0]LogConfig: Setting CVar [[r.Shadow.DistanceScale:1.0]]
[2018.12.18-02.57.10:572][  0]LogConfig: Setting CVar [[r.Shadow.CSM.TransitionScale:1.0]]
[2018.12.18-02.57.10:572][  0]LogConfig: Setting CVar [[r.Shadow.PreShadowResolutionFactor:1.0]]
[2018.12.18-02.57.10:572][  0]LogConfig: Setting CVar [[r.DistanceFieldShadowing:1]]
[2018.12.18-02.57.10:572][  0]LogConfig: Setting CVar [[r.DistanceFieldAO:1]]
[2018.12.18-02.57.10:572][  0]LogConfig: Setting CVar [[r.AOQuality:2]]
[2018.12.18-02.57.10:572][  0]LogConfig: Setting CVar [[r.VolumetricFog:1]]
[2018.12.18-02.57.10:572][  0]LogConfig: Setting CVar [[r.VolumetricFog.GridPixelSize:8]]
[2018.12.18-02.57.10:572][  0]LogConfig: Setting CVar [[r.VolumetricFog.GridSizeZ:128]]
[2018.12.18-02.57.10:572][  0]LogConfig: Setting CVar [[r.VolumetricFog.HistoryMissSupersampleCount:4]]
[2018.12.18-02.57.10:572][  0]LogConfig: Setting CVar [[r.LightMaxDrawDistanceScale:1]]
[2018.12.18-02.57.10:572][  0]LogConfig: Setting CVar [[r.CapsuleShadows:1]]
[2018.12.18-02.57.10:572][  0]LogConfig: Applying CVar settings from Section [PostProcessQuality@3] File [C:/Users/Alex/Documents/Unreal Projects/BodyTech 4.21/Saved/Config/Windows/Scalability.ini]
[2018.12.18-02.57.10:572][  0]LogConfig: Setting CVar [[r.MotionBlurQuality:4]]
[2018.12.18-02.57.10:572][  0]LogConfig: Setting CVar [[r.AmbientOcclusionMipLevelFactor:0.4]]
[2018.12.18-02.57.10:572][  0]LogConfig: Setting CVar [[r.AmbientOcclusionMaxQuality:100]]
[2018.12.18-02.57.10:573][  0]LogConfig: Setting CVar [[r.AmbientOcclusionLevels:-1]]
[2018.12.18-02.57.10:573][  0]LogConfig: Setting CVar [[r.AmbientOcclusionRadiusScale:1.0]]
[2018.12.18-02.57.10:573][  0]LogConfig: Setting CVar [[r.DepthOfFieldQuality:2]]
[2018.12.18-02.57.10:573][  0]LogConfig: Setting CVar [[r.RenderTargetPoolMin:400]]
[2018.12.18-02.57.10:573][  0]LogConfig: Setting CVar [[r.LensFlareQuality:2]]
[2018.12.18-02.57.10:573][  0]LogConfig: Setting CVar [[r.SceneColorFringeQuality:1]]
[2018.12.18-02.57.10:573][  0]LogConfig: Setting CVar [[r.EyeAdaptationQuality:2]]
[2018.12.18-02.57.10:573][  0]LogConfig: Setting CVar [[r.BloomQuality:5]]
[2018.12.18-02.57.10:573][  0]LogConfig: Setting CVar [[r.FastBlurThreshold:100]]
[2018.12.18-02.57.10:573][  0]LogConfig: Setting CVar [[r.Upscale.Quality:3]]
[2018.12.18-02.57.10:573][  0]LogConfig: Setting CVar [[r.Tonemapper.GrainQuantization:1]]
[2018.12.18-02.57.10:573][  0]LogConfig: Setting CVar [[r.LightShaftQuality:1]]
[2018.12.18-02.57.10:573][  0]LogConfig: Setting CVar [[r.Filter.SizeScale:1]]
[2018.12.18-02.57.10:573][  0]LogConfig: Setting CVar [[r.Tonemapper.Quality:5]]
[2018.12.18-02.57.10:573][  0]LogConfig: Setting CVar [[r.DOF.Gather.AccumulatorQuality:1        ; higher gathering accumulator quality]]
[2018.12.18-02.57.10:573][  0]LogConfig: Setting CVar [[r.DOF.Gather.PostfilterMethod:1          ; Median3x3 postfilering method]]
[2018.12.18-02.57.10:573][  0]LogConfig: Setting CVar [[r.DOF.Gather.EnableBokehSettings:0       ; no bokeh simulation when gathering]]
[2018.12.18-02.57.10:573][  0]LogConfig: Setting CVar [[r.DOF.Gather.RingCount:4                 ; medium number of samples when gathering]]
[2018.12.18-02.57.10:573][  0]LogConfig: Setting CVar [[r.DOF.Scatter.ForegroundCompositing:1    ; additive foreground scattering]]
[2018.12.18-02.57.10:573][  0]LogConfig: Setting CVar [[r.DOF.Scatter.BackgroundCompositing:2    ; additive background scattering]]
[2018.12.18-02.57.10:573][  0]LogConfig: Setting CVar [[r.DOF.Scatter.EnableBokehSettings:1      ; bokeh simulation when scattering]]
[2018.12.18-02.57.10:573][  0]LogConfig: Setting CVar [[r.DOF.Scatter.MaxSpriteRatio:0.1         ; only a maximum of 10% of scattered bokeh]]
[2018.12.18-02.57.10:573][  0]LogConfig: Setting CVar [[r.DOF.Recombine.Quality:1                ; cheap slight out of focus]]
[2018.12.18-02.57.10:573][  0]LogConfig: Setting CVar [[r.DOF.Recombine.EnableBokehSettings:0    ; no bokeh simulation on slight out of focus]]
[2018.12.18-02.57.10:573][  0]LogConfig: Setting CVar [[r.DOF.TemporalAAQuality:1                ; more stable temporal accumulation]]
[2018.12.18-02.57.10:573][  0]LogConfig: Setting CVar [[r.DOF.Kernel.MaxForegroundRadius:0.025]]
[2018.12.18-02.57.10:573][  0]LogConfig: Setting CVar [[r.DOF.Kernel.MaxBackgroundRadius:0.025]]
[2018.12.18-02.57.10:573][  0]LogConfig: Applying CVar settings from Section [TextureQuality@3] File [C:/Users/Alex/Documents/Unreal Projects/BodyTech 4.21/Saved/Config/Windows/Scalability.ini]
[2018.12.18-02.57.10:573][  0]LogConfig: Setting CVar [[r.Streaming.MipBias:0]]
[2018.12.18-02.57.10:573][  0]LogConfig: Setting CVar [[r.Streaming.AmortizeCPUToGPUCopy:0]]
[2018.12.18-02.57.10:573][  0]LogConfig: Setting CVar [[r.Streaming.MaxNumTexturesToStreamPerFrame:0]]
[2018.12.18-02.57.10:573][  0]LogConfig: Setting CVar [[r.Streaming.Boost:1]]
[2018.12.18-02.57.10:573][  0]LogConfig: Setting CVar [[r.MaxAnisotropy:8]]
[2018.12.18-02.57.10:573][  0]LogConfig: Setting CVar [[r.Streaming.LimitPoolSizeToVRAM:0]]
[2018.12.18-02.57.10:573][  0]LogConfig: Setting CVar [[r.Streaming.PoolSize:1000]]
[2018.12.18-02.57.10:573][  0]LogConfig: Setting CVar [[r.Streaming.MaxEffectiveScreenSize:0]]
[2018.12.18-02.57.10:573][  0]LogConfig: Applying CVar settings from Section [EffectsQuality@3] File [C:/Users/Alex/Documents/Unreal Projects/BodyTech 4.21/Saved/Config/Windows/Scalability.ini]
[2018.12.18-02.57.10:573][  0]LogConfig: Setting CVar [[r.TranslucencyLightingVolumeDim:64]]
[2018.12.18-02.57.10:573][  0]LogConfig: Setting CVar [[r.RefractionQuality:2]]
[2018.12.18-02.57.10:573][  0]LogConfig: Setting CVar [[r.SSR.Quality:3]]
[2018.12.18-02.57.10:573][  0]LogConfig: Setting CVar [[r.SceneColorFormat:4]]
[2018.12.18-02.57.10:573][  0]LogConfig: Setting CVar [[r.DetailMode:2]]
[2018.12.18-02.57.10:573][  0]LogConfig: Setting CVar [[r.TranslucencyVolumeBlur:1]]
[2018.12.18-02.57.10:573][  0]LogConfig: Setting CVar [[r.MaterialQualityLevel:1 ; High quality]]
[2018.12.18-02.57.10:573][  0]LogConfig: Setting CVar [[r.SSS.Scale:1]]
[2018.12.18-02.57.10:573][  0]LogConfig: Setting CVar [[r.SSS.SampleSet:2]]
[2018.12.18-02.57.10:573][  0]LogConfig: Setting CVar [[r.SSS.Quality:1]]
[2018.12.18-02.57.10:573][  0]LogConfig: Setting CVar [[r.SSS.HalfRes:1]]
[2018.12.18-02.57.10:573][  0]LogConfig: Setting CVar [[r.EmitterSpawnRateScale:1.0]]
[2018.12.18-02.57.10:573][  0]LogConfig: Setting CVar [[r.ParticleLightQuality:2]]
[2018.12.18-02.57.10:573][  0]LogConfig: Applying CVar settings from Section [FoliageQuality@3] File [C:/Users/Alex/Documents/Unreal Projects/BodyTech 4.21/Saved/Config/Windows/Scalability.ini]
[2018.12.18-02.57.10:573][  0]LogConfig: Setting CVar [[foliage.DensityScale:1.0]]
[2018.12.18-02.57.10:573][  0]LogConfig: Setting CVar [[grass.DensityScale:1.0]]
[2018.12.18-02.57.10:573][  0]LogConfig: Applying CVar settings from Section [Startup] File [../../../Engine/Config/ConsoleVariables.ini]
[2018.12.18-02.57.10:591][  0]LogConfig: Setting CVar [[net.UseAdaptiveNetUpdateFrequency:0]]
[2018.12.18-02.57.10:591][  0]LogConfig: Applying CVar settings from Section [ConsoleVariables] File [C:/Users/Alex/Documents/Unreal Projects/BodyTech 4.21/Saved/Config/Windows/Engine.ini]
[2018.12.18-02.57.10:600][  0]LogInit: Computer: ALEX-PC
[2018.12.18-02.57.10:600][  0]LogInit: User: Alex
[2018.12.18-02.57.10:600][  0]LogInit: CPU Page size=4096, Cores=4
[2018.12.18-02.57.10:600][  0]LogInit: High frequency timer resolution =3.117784 MHz
[2018.12.18-02.57.10:600][  0]LogMemory: Memory total: Physical=15.9GB (16GB approx)
[2018.12.18-02.57.10:600][  0]LogMemory: Platform Memory Stats for Windows
[2018.12.18-02.57.10:600][  0]LogMemory: Process Physical Memory: 104.83 MB used, 104.83 MB peak
[2018.12.18-02.57.10:600][  0]LogMemory: Process Virtual Memory: 94.86 MB used, 94.86 MB peak
[2018.12.18-02.57.10:600][  0]LogMemory: Physical Memory: 7966.70 MB used,  8310.13 MB free, 16276.82 MB total
[2018.12.18-02.57.10:600][  0]LogMemory: Virtual Memory: 4655.77 MB used,  134213072.00 MB free, 134217728.00 MB total
[2018.12.18-02.57.13:690][  0]LogInit: Using OS detected language (en-US).
[2018.12.18-02.57.13:690][  0]LogInit: Using OS detected locale (en-US).
[2018.12.18-02.57.13:691][  0]LogTextLocalizationManager: No specific localization for 'en-US' exists, so the 'en' localization will be used.
[2018.12.18-02.57.16:871][  0]LogStreaming: Display: Took  3.181s to InitEngineTextLocalization.
[2018.12.18-02.57.16:872][  0]LogInit: Setting process to per monitor DPI aware
[2018.12.18-02.57.17:674][  0]LogSlate: New Slate User Created.  User Index 0, Is Virtual User: 0
[2018.12.18-02.57.17:674][  0]LogSlate: Slate User Registered.  User Index 0, Is Virtual User: 0
[2018.12.18-02.57.29:657][  0]LogHMD: Failed to initialize OpenVR with code 208
[2018.12.18-02.57.29:657][  0]LogD3D11RHI: D3D11 adapters:
[2018.12.18-02.57.29:740][  0]LogD3D11RHI:    0. 'NVIDIA GeForce GTX 1060 6GB' (Feature Level 11_0)
[2018.12.18-02.57.29:740][  0]LogD3D11RHI:       6052/0/8138 MB DedicatedVideo/DedicatedSystem/SharedSystem, Outputs:1, VendorId:0x10de
[2018.12.18-02.57.29:749][  0]LogD3D11RHI:    1. 'Intel(R) HD Graphics 4600' (Feature Level 11_0)
[2018.12.18-02.57.29:750][  0]LogD3D11RHI:       112/0/2048 MB DedicatedVideo/DedicatedSystem/SharedSystem, Outputs:0, VendorId:0x8086
[2018.12.18-02.57.29:752][  0]LogD3D11RHI:    2. 'Microsoft Basic Render Driver' (Feature Level 11_0)
[2018.12.18-02.57.29:752][  0]LogD3D11RHI:       0/0/8138 MB DedicatedVideo/DedicatedSystem/SharedSystem, Outputs:0, VendorId:0x1414
[2018.12.18-02.57.29:752][  0]LogD3D11RHI: Chosen D3D11 Adapter: 0
[2018.12.18-02.57.29:762][  0]LogD3D11RHI: Creating new Direct3DDevice
[2018.12.18-02.57.29:763][  0]LogD3D11RHI:     GPU DeviceId: 0x1c03 (for the marketing name, search the web for "GPU Device Id")
[2018.12.18-02.57.29:763][  0]LogWindows: EnumDisplayDevices:
[2018.12.18-02.57.29:763][  0]LogWindows:    0. 'NVIDIA GeForce GTX 1060 6GB' (P:1 D:1)
[2018.12.18-02.57.29:763][  0]LogWindows:    1. 'NVIDIA GeForce GTX 1060 6GB' (P:0 D:0)
[2018.12.18-02.57.29:764][  0]LogWindows:    2. 'NVIDIA GeForce GTX 1060 6GB' (P:0 D:0)
[2018.12.18-02.57.29:764][  0]LogWindows:    3. 'NVIDIA GeForce GTX 1060 6GB' (P:0 D:0)
[2018.12.18-02.57.29:764][  0]LogWindows:    4. 'Intel(R) HD Graphics 4600' (P:0 D:0)
[2018.12.18-02.57.29:765][  0]LogWindows:    5. 'Intel(R) HD Graphics 4600' (P:0 D:0)
[2018.12.18-02.57.29:765][  0]LogWindows: DebugString: PrimaryIsNotTheChoosenAdapter PrimaryIsNotTheChoosenAdapter FoundDriverCount:4 
[2018.12.18-02.57.29:765][  0]LogD3D11RHI:     Adapter Name: NVIDIA GeForce GTX 1060 6GB
[2018.12.18-02.57.29:765][  0]LogD3D11RHI:   Driver Version: 416.81 (internal:25.21.14.1681, unified:416.81)
[2018.12.18-02.57.29:765][  0]LogD3D11RHI:      Driver Date: 11-2-2018
[2018.12.18-02.57.29:765][  0]LogRHI: Texture pool is 4236 MB (70% of 6052 MB)
[2018.12.18-02.57.29:821][  0]LogD3D11RHI: Async texture creation enabled
[2018.12.18-02.57.30:036][  0]LogD3D11RHI: GPU Timing Frequency: 1000.000000 (Debug: 2 2)
[2018.12.18-02.57.31:270][  0]LogTemp: Display: Loaded TP AllDesktopTargetPlatform
[2018.12.18-02.57.31:335][  0]LogTemp: Display: Loaded TP MacClientTargetPlatform
[2018.12.18-02.57.31:375][  0]LogTemp: Display: Loaded TP MacNoEditorTargetPlatform
[2018.12.18-02.57.31:428][  0]LogTemp: Display: Loaded TP MacServerTargetPlatform
[2018.12.18-02.57.31:501][  0]LogTemp: Display: Loaded TP MacTargetPlatform
[2018.12.18-02.57.31:544][  0]LogTemp: Display: Loaded TP WindowsClientTargetPlatform
[2018.12.18-02.57.31:577][  0]LogTemp: Display: Loaded TP WindowsNoEditorTargetPlatform
[2018.12.18-02.57.31:615][  0]LogTemp: Display: Loaded TP WindowsServerTargetPlatform
[2018.12.18-02.57.31:642][  0]LogTemp: Display: Loaded TP WindowsTargetPlatform
[2018.12.18-02.57.31:805][  0]LogTemp: Display: Loaded TP AndroidTargetPlatform
[2018.12.18-02.57.31:805][  0]LogTemp: Display: Loaded TP AndroidTargetPlatform
[2018.12.18-02.57.31:805][  0]LogTemp: Display: Loaded TP AndroidTargetPlatform
[2018.12.18-02.57.31:805][  0]LogTemp: Display: Loaded TP AndroidTargetPlatform
[2018.12.18-02.57.31:805][  0]LogTemp: Display: Loaded TP AndroidTargetPlatform
[2018.12.18-02.57.31:805][  0]LogTemp: Display: Loaded TP AndroidTargetPlatform
[2018.12.18-02.57.31:805][  0]LogTemp: Display: Loaded TP AndroidTargetPlatform
[2018.12.18-02.57.31:805][  0]LogTemp: Display: Loaded TP AndroidTargetPlatform
[2018.12.18-02.57.31:805][  0]LogTemp: Display: Loaded TP AndroidTargetPlatform
[2018.12.18-02.57.31:805][  0]LogTemp: Display: Loaded TP AndroidTargetPlatform
[2018.12.18-02.57.31:805][  0]LogTemp: Display: Loaded TP AndroidTargetPlatform
[2018.12.18-02.57.31:805][  0]LogTemp: Display: Loaded TP AndroidTargetPlatform
[2018.12.18-02.57.31:805][  0]LogTemp: Display: Loaded TP AndroidTargetPlatform
[2018.12.18-02.57.31:805][  0]LogTemp: Display: Loaded TP AndroidTargetPlatform
[2018.12.18-02.57.31:805][  0]LogTemp: Display: Loaded TP AndroidTargetPlatform
[2018.12.18-02.57.31:805][  0]LogTemp: Display: Loaded TP AndroidTargetPlatform
[2018.12.18-02.57.31:805][  0]LogTemp: Display: Loaded TP AndroidTargetPlatform
[2018.12.18-02.57.31:805][  0]LogTemp: Display: Loaded TP AndroidTargetPlatform
[2018.12.18-02.57.31:838][  0]LogTemp: Display: Loaded TP HTML5TargetPlatform
[2018.12.18-02.57.31:977][  0]LogTemp: Display: Loaded TP IOSTargetPlatform
[2018.12.18-02.57.31:977][  0]LogTemp: Display: Loaded TP IOSTargetPlatform
[2018.12.18-02.57.32:028][  0]LogTemp: Display: Loaded TP TVOSTargetPlatform
[2018.12.18-02.57.32:028][  0]LogTemp: Display: Loaded TP TVOSTargetPlatform
[2018.12.18-02.57.32:059][  0]LogTemp: Display: Loaded TP LinuxClientTargetPlatform
[2018.12.18-02.57.32:094][  0]LogTemp: Display: Loaded TP LinuxNoEditorTargetPlatform
[2018.12.18-02.57.32:140][  0]LogTemp: Display: Loaded TP LinuxServerTargetPlatform
[2018.12.18-02.57.32:195][  0]LogTemp: Display: Loaded TP LinuxTargetPlatform
[2018.12.18-02.57.32:305][  0]LogTemp: Display: Loaded TP LuminTargetPlatform
[2018.12.18-02.57.32:305][  0]LogTemp: Display: Loaded TP LuminTargetPlatform
[2018.12.18-02.57.32:305][  0]LogTargetPlatformManager: Display: Building Assets For Windows
[2018.12.18-02.57.34:041][  0]LogShaderCompilers: Guid format shader working directory is -8 characters bigger than the processId version (C:/Users/Alex/Documents/Unreal Projects/BodyTech 4.21/Intermediate/Shaders/WorkingDirectory/2312/).
[2018.12.18-02.57.34:041][  0]LogShaderCompilers: Cleaned the shader compiler working directory 'C:/Users/Alex/AppData/Local/Temp/UnrealShaderWorkingDir/2F9264A4479842507823B8B85AB24A19/'.
[2018.12.18-02.57.34:043][  0]LogXGEController: Cannot use XGE Controller as Incredibuild is not installed on this machine.
[2018.12.18-02.57.34:043][  0]LogShaderCompilers: Cannot use XGE Shader Compiler as Incredibuild is not installed on this machine.
[2018.12.18-02.57.34:043][  0]LogShaderCompilers: Display: Using Local Shader Compiler.
[2018.12.18-02.57.40:319][  0]LogDerivedDataCache: Display: Max Cache Size: 512 MB
[2018.12.18-02.57.42:400][  0]LogDerivedDataCache: Loaded boot cache 2.03s 88MB C:/Users/Alex/AppData/Local/UnrealEngine/4.21/DerivedDataCache/Boot.ddc.
[2018.12.18-02.57.42:400][  0]LogDerivedDataCache: Display: Loaded Boot cache: C:/Users/Alex/AppData/Local/UnrealEngine/4.21/DerivedDataCache/Boot.ddc
[2018.12.18-02.57.42:400][  0]LogDerivedDataCache: FDerivedDataBackendGraph:  Pak pak cache file C:/Users/Alex/Documents/Unreal Projects/BodyTech 4.21/DerivedDataCache/DDC.ddp not found, will not use a pak cache.
[2018.12.18-02.57.42:400][  0]LogDerivedDataCache: Unable to find inner node Pak for hierarchical cache Hierarchy.
[2018.12.18-02.57.42:400][  0]LogDerivedDataCache: FDerivedDataBackendGraph:  CompressedPak pak cache file C:/Users/Alex/Documents/Unreal Projects/BodyTech 4.21/DerivedDataCache/Compressed.ddp not found, will not use a pak cache.
[2018.12.18-02.57.42:400][  0]LogDerivedDataCache: Unable to find inner node CompressedPak for hierarchical cache Hierarchy.
[2018.12.18-02.57.42:490][  0]LogDerivedDataCache: Display: Pak cache opened for reading ../../../Engine/DerivedDataCache/Compressed.ddp.
[2018.12.18-02.57.42:490][  0]LogDerivedDataCache: FDerivedDataBackendGraph:  EnterprisePak pak cache file ../../../Enterprise/DerivedDataCache/Compressed.ddp not found, will not use a pak cache.
[2018.12.18-02.57.42:490][  0]LogDerivedDataCache: Unable to find inner node EnterprisePak for hierarchical cache Hierarchy.
[2018.12.18-02.57.42:503][  0]LogDerivedDataCache: Using Local data cache path C:/Users/Alex/AppData/Local/UnrealEngine/Common/DerivedDataCache: Writable
[2018.12.18-02.57.42:503][  0]LogDerivedDataCache: Shared data cache path not found in *engine.ini, will not use an Shared cache.
[2018.12.18-02.57.42:503][  0]LogDerivedDataCache: Unable to find inner node Shared for hierarchical cache Hierarchy.
[2018.12.18-02.57.46:934][  0]LogMaterial: Verifying Global Shaders for PCD3D_SM5
[2018.12.18-02.57.46:936][  0]LogSlate: Using FreeType 2.6.0
[2018.12.18-02.57.46:982][  0]LogSlate: SlateFontServices - WITH_FREETYPE: 1, WITH_HARFBUZZ: 1
[2018.12.18-02.57.49:077][  0]LogAssetRegistry: FAssetRegistry took 0.0352 seconds to start up
[2018.12.18-02.57.49:453][  0]LogInit: Selected Device Profile: [Windows]
[2018.12.18-02.57.50:912][  0]LogSimplygon: Simplygon DLL not present - disabling.
[2018.12.18-02.57.51:674][  0]LogMeshReduction: Using SimplygonSwarm for distributed automatic mesh merging
[2018.12.18-02.57.51:693][  0]LogMeshReduction: Using ProxyLODMeshReduction for automatic mesh merging
[2018.12.18-02.57.51:749][  0]LogMeshReduction: Using QuadricMeshReduction for automatic static mesh reduction
[2018.12.18-02.57.51:749][  0]LogMeshReduction: No automatic skeletal mesh reduction module available
[2018.12.18-02.57.52:098][  0]LogNetVersion: BodyTech 1.0.0, NetCL: 4541578, EngineNetVer: 5, GameNetVer: 0 (Checksum: 413694766)
[2018.12.18-02.57.59:180][  0]LogPackageLocalizationCache: Processed 11 localized package path(s) for 2 prioritized culture(s) in 0.341658 seconds
[2018.12.18-02.57.59:186][  0]LogUObjectArray: 39775 objects as part of root set at end of initial load.
[2018.12.18-02.57.59:187][  0]LogUObjectAllocator: 6914664 out of 0 bytes used by permanent object pool.
[2018.12.18-02.57.59:187][  0]LogUObjectArray: CloseDisregardForGC: 0/0 objects in disregard for GC pool
[2018.12.18-02.58.25:862][  0]LogSubstanceCoreModule: Substance [CPU] Engine Loaded, Max Texture Size = 2048
[2018.12.18-02.58.26:061][  0]LogTcpMessaging: Initializing TcpMessaging bridge
[2018.12.18-02.58.26:115][  0]LogUdpMessaging: Initializing bridge on interface 0.0.0.0:0 to multicast group 230.0.0.1:6666.
[2018.12.18-02.58.30:599][  0]SourceControl: Source control is disabled
[2018.12.18-02.58.30:600][  0]SourceControl: Source control is disabled
[2018.12.18-02.58.30:734][  0]SourceControl: Source control is disabled
[2018.12.18-02.58.30:770][  0]SourceControl: Source control is disabled
[2018.12.18-02.58.35:013][  0]LogAndroidPermission: UAndroidPermissionCallbackProxy::GetInstance
[2018.12.18-02.58.35:753][  0]LogOcInput: OculusInput pre-init called
[2018.12.18-02.58.39:410][  0]LogEngine: Initializing Engine...
[2018.12.18-02.58.44:901][  0]LogHMD: Failed to initialize OpenVR with code 208
[2018.12.18-02.58.44:902][  0]LogStats: UGameplayTagsManager::ConstructGameplayTagTree: ImportINI prefixes -  0.000 s
[2018.12.18-02.58.44:903][  0]LogStats: UGameplayTagsManager::ConstructGameplayTagTree: Construct from data asset -  0.000 s
[2018.12.18-02.58.44:903][  0]LogStats: UGameplayTagsManager::ConstructGameplayTagTree: ImportINI -  0.000 s
[2018.12.18-02.58.44:903][  0]LogStats: UGameplayTagsManager::ConstructGameplayTagTree: GameplayTagTreeChangedEvent.Broadcast -  0.000 s
[2018.12.18-02.58.47:077][  0]LogMaterial: Display: Missing cached shader map for material EditorBrushMaterial, compiling. 
[2018.12.18-02.58.47:125][  0]LogShaderCompilers: Display: Shaders left to compile 11
[2018.12.18-02.58.47:125][  0]LogShaderCompilers: Display: Shaders left to compile 1
[2018.12.18-02.58.47:176][  0]LogMaterial: Display: Missing cached shader map for material BoneWeightMaterial, compiling. 
[2018.12.18-02.58.47:356][  0]LogShaderCompilers: Display: Shaders left to compile 107
[2018.12.18-02.58.47:356][  0]LogMaterial: Display: Missing cached shader map for material ClothMaterial, compiling. 
[2018.12.18-02.58.47:464][  0]LogMaterial: Display: Missing cached shader map for material ClothMaterial_WF, compiling. 
[2018.12.18-02.58.47:625][  0]LogMaterial: Display: Missing cached shader map for material DebugEditorMaterial, compiling. 
[2018.12.18-02.58.47:750][  0]LogMaterial: Display: Missing cached shader map for material PreviewShadowIndicatorMaterial, compiling. 
[2018.12.18-02.58.48:408][  0]LogInit: Initializing FReadOnlyCVARCache
[2018.12.18-02.58.48:600][  0]LogAIModule: Creating AISystem for world Untitled
[2018.12.18-02.58.48:711][  0]LogInit: XAudio2 using 'Speakers (Realtek High Definition Audio)' : 2 channels at 48 kHz using 16 bits per sample (channel mask 0x3)
[2018.12.18-02.58.48:757][  0]LogInit: FAudioDevice initialized.
[2018.12.18-02.58.48:758][  0]LogNetVersion: Set ProjectVersion to 1.0.0.0. Version Checksum will be recalculated on next use.
[2018.12.18-02.58.48:962][  0]LogDerivedDataCache: Saved boot cache 0.20s 84MB C:/Users/Alex/AppData/Local/UnrealEngine/4.21/DerivedDataCache/Boot.ddc.
[2018.12.18-02.58.49:076][  0]LogInit: Texture streaming: Enabled
[2018.12.18-02.58.49:216][  0]LogEngineSessionManager: EngineSessionManager initialized
[2018.12.18-02.58.49:216][  0]LogEngineSessionManager: EngineSessionManager sent abnormal shutdown report. Type=AbnormalShutdown, SessionId={6A038C55-453E-D44D-9EAF-1393A3103E28}
[2018.12.18-02.58.49:267][  0]LogInit: Transaction tracking system initialized
[2018.12.18-02.58.49:471][  0]BlueprintLog: New page: Editor Load
[2018.12.18-02.58.53:116][  0]LocalizationService: Localization service is disabled
[2018.12.18-02.58.55:482][  0]LogMaterial: Display: Missing cached shader map for material Cross_Mat, compiling. 
[2018.12.18-02.58.55:561][  0]LogMaterial: Display: Missing cached shader map for material PhAT_BoneSelectedMaterial, compiling. 
[2018.12.18-02.58.55:607][  0]LogMaterial: Display: Missing cached shader map for material PhAT_ElemSelectedMaterial, compiling. 
[2018.12.18-02.58.55:641][  0]LogMaterial: Display: Missing cached shader map for material PhAT_NoCollisionMaterial, compiling. 
[2018.12.18-02.58.55:695][  0]LogMaterial: Display: Missing cached shader map for material PhAT_UnselectedMaterial, compiling. 
[2018.12.18-02.58.55:767][  0]LogMaterial: Display: Missing cached shader map for material Tick_Mat, compiling. 
[2018.12.18-02.58.55:902][  0]LogShaderCompilers: Display: Shaders left to compile 237
[2018.12.18-02.58.55:902][  0]LogMaterial: Display: Missing cached shader map for material WidgetGridVertexColorMaterial_Ma, compiling. 
[2018.12.18-02.58.55:931][  0]LogMaterial: Display: Missing cached shader map for material WidgetMaterial, compiling. 
[2018.12.18-02.58.55:978][  0]LogMaterial: Display: Missing cached shader map for material WidgetMaterial_Current, compiling. 
[2018.12.18-02.58.56:011][  0]LogMaterial: Display: Missing cached shader map for material WidgetMaterial_X, compiling. 
[2018.12.18-02.58.56:046][  0]LogMaterial: Display: Missing cached shader map for material WidgetMaterial_Y, compiling. 
[2018.12.18-02.58.56:077][  0]LogMaterial: Display: Missing cached shader map for material WidgetMaterial_Z, compiling. 
[2018.12.18-02.58.56:114][  0]LogMaterial: Display: Missing cached shader map for material WidgetVertexColorMaterial, compiling. 
[2018.12.18-02.58.56:603][  0]LogMaterial: Display: Missing cached shader map for material LevelGridMaterial, compiling. 
[2018.12.18-02.58.56:921][  0]LogMaterial: Display: Missing cached shader map for material BlinkingCaret, compiling. 
[2018.12.18-02.58.57:838][  0]LogMaterial: Display: Missing cached shader map for material M_StreamingPause, compiling. 
[2018.12.18-02.58.57:906][  0]LogCook: Display: Max memory allowance for cook 16384mb min free memory 0mb
[2018.12.18-02.58.57:907][  0]LogCook: Display: Mobile HDR setting 1
[2018.12.18-02.58.57:907][  0]LogGameplayTags: Display: UGameplayTagsManager::DoneAddingNativeTags. DelegateIsBound: 0
[2018.12.18-02.58.57:907][  0]LogStats: UGameplayTagsManager::ConstructGameplayTagTree: ImportINI prefixes -  0.000 s
[2018.12.18-02.58.57:907][  0]LogStats: UGameplayTagsManager::ConstructGameplayTagTree: Construct from data asset -  0.000 s
[2018.12.18-02.58.57:907][  0]LogStats: UGameplayTagsManager::ConstructGameplayTagTree: ImportINI -  0.000 s
[2018.12.18-02.58.57:907][  0]LogStats: UGameplayTagsManager::ConstructGameplayTagTree: GameplayTagTreeChangedEvent.Broadcast -  0.000 s
[2018.12.18-02.58.59:266][  0]LogFileCache: Scanning file cache for directory 'C:/Users/Alex/Documents/Unreal Projects/BodyTech 4.21/Content/' took 0.07s
[2018.12.18-02.59.01:458][  0]LogShaderCompilers: Display: Shaders left to compile 341
[2018.12.18-02.59.01:458][  0]LogShaderCompilers: Display: Shaders left to compile 331
[2018.12.18-02.59.01:458][  0]SourceControl: Source control is disabled
[2018.12.18-02.59.01:459][  0]Cmd: MAP LOAD FILE="C:/Users/Alex/Documents/Unreal Projects/BodyTech 4.21/Content/Padlock/Maps/Overview.umap" TEMPLATE=0 SHOWPROGRESS=1 FEATURELEVEL=3
[2018.12.18-02.59.01:486][  0]LightingResults: New page: Lighting Build
[2018.12.18-02.59.01:490][  0]MapCheck: New page: Map Check
[2018.12.18-02.59.01:490][  0]LightingResults: New page: Lighting Build
[2018.12.18-02.59.04:914][  0]LogShaderCompilers: Display: Shaders left to compile 321
[2018.12.18-02.59.04:914][  0]LogShaderCompilers: Display: Shaders left to compile 311
[2018.12.18-02.59.05:987][  0]LogShaderCompilers: Display: Shaders left to compile 301
[2018.12.18-02.59.08:110][  0]LogShaderCompilers: Display: Shaders left to compile 291
[2018.12.18-02.59.09:171][  0]LogShaderCompilers: Display: Shaders left to compile 281
[2018.12.18-02.59.10:338][  0]LogShaderCompilers: Display: Shaders left to compile 271
[2018.12.18-02.59.12:291][  0]LogShaderCompilers: Display: Shaders left to compile 261
[2018.12.18-02.59.13:213][  0]LogMaterial: Display: Missing cached shader map for material M_Substance_Base_E, compiling. 
[2018.12.18-02.59.14:247][  0]LogShaderCompilers: Display: Shaders left to compile 278
[2018.12.18-02.59.14:247][  0]LogShaderCompilers: Display: Shaders left to compile 268
[2018.12.18-02.59.16:003][  0]LogShaderCompilers: Display: Shaders left to compile 258
[2018.12.18-02.59.16:356][  0]LogShaderCompilers: Display: Shaders left to compile 248
[2018.12.18-02.59.16:356][  0]LogShaderCompilers: Display: Shaders left to compile 238
[2018.12.18-02.59.16:356][  0]LogMaterial: Display: Missing cached shader map for material M_Sky_Panning_Clouds2, compiling. 
[2018.12.18-02.59.16:380][  0]LogMaterial: Display: Missing cached shader map for material padlock_main_09_-_Default_BaseColor_Mat, compiling. 
[2018.12.18-02.59.20:384][  0]LogShaderCompilers: Display: Shaders left to compile 264
[2018.12.18-02.59.21:455][  0]LogShaderCompilers: Display: Shaders left to compile 254
[2018.12.18-02.59.21:455][  0]LogShaderCompilers: Display: Shaders left to compile 244
[2018.12.18-02.59.21:593][  0]LogMaterial: Display: Missing cached shader map for material Bar_DefaultMaterial_BaseColor_Mat, compiling. 
[2018.12.18-02.59.21:727][  0]LogMaterial: Display: Missing cached shader map for material Base, compiling. 
[2018.12.18-02.59.22:391][  0]LogMaterial: Display: Missing cached shader map for material Wheel_DefaultMaterial_BaseColor_Mat, compiling. 
[2018.12.18-02.59.22:654][  0]LogMaterial: Display: Missing cached shader map for material mainsection_01_-_Default_BaseColor_Mat, compiling. 
[2018.12.18-02.59.22:834][  0]LogMaterial: Display: Missing cached shader map for material Square_DefaultMaterial_BaseColor_Mat, compiling. 
[2018.12.18-02.59.23:656][  0]LogMaterial: Display: Missing cached shader map for material MainTriangle_DefaultMaterial_BaseColor_Mat, compiling. 
[2018.12.18-02.59.23:690][  0]LogMaterial: Display: Missing cached shader map for material Roll_DefaultMaterial_BaseColor_Mat, compiling. 
[2018.12.18-02.59.23:728][  0]LogMaterial: Display: Missing cached shader map for material bolt_DefaultMaterial_BaseColor_Mat, compiling. 
[2018.12.18-02.59.23:764][  0]LogMaterial: Display: Missing cached shader map for material clip_01_-_Default_BaseColor_Mat, compiling. 
[2018.12.18-02.59.24:829][  0]LogAIModule: Creating AISystem for world Overview
[2018.12.18-02.59.24:882][  0]LogActorComponent: RegisterComponentWithWorld: (/Game/Padlock/Maps/Overview.Overview:PersistentLevel.WorldSettings_1.StaticMeshComponent0) Trying to register component with IsPendingKill() == true. Aborting.
[2018.12.18-02.59.25:022][  0]LogEditorServer: Finished looking for orphan Actors (0.000 secs)
[2018.12.18-02.59.25:432][  0]Cmd: MAP CHECKDEP NOCLEARLOG
[2018.12.18-02.59.25:432][  0]MapCheck: Map check complete: 0 Error(s), 0 Warning(s), took 0.219ms to complete.
[2018.12.18-02.59.25:432][  0]LogFileHelpers: Loading map 'Overview' took 23.974
[2018.12.18-02.59.25:695][  0]LogShaderCompilers: Display: Shaders left to compile 495
[2018.12.18-02.59.25:695][  0]LogSlate: Updating window title bar state: overlay mode, drag disabled, window buttons hidden, title bar hidden
[2018.12.18-02.59.25:707][  0]LogSlate: Updating window title bar state: overlay mode, drag disabled, window buttons hidden, title bar hidden
[2018.12.18-02.59.25:717][  0]LogSlate: Updating window title bar state: overlay mode, drag disabled, window buttons hidden, title bar hidden
[2018.12.18-02.59.25:727][  0]LogSlate: Updating window title bar state: overlay mode, drag disabled, window buttons hidden, title bar hidden
[2018.12.18-02.59.25:984][  0]LogShaderCompilers: Display: Shaders left to compile 485
[2018.12.18-02.59.25:984][  0]LogCollectionManager: Loaded 0 collections in 0.002392 seconds
[2018.12.18-02.59.26:005][  0]LogFileCache: Scanning file cache for directory 'C:/Users/Alex/Documents/Unreal Projects/BodyTech 4.21/Saved/Collections/' took 0.01s
[2018.12.18-02.59.26:005][  0]LogFileCache: Scanning file cache for directory 'C:/Users/Alex/Documents/Unreal Projects/BodyTech 4.21/Content/Developers/Alex/Collections/' took 0.00s
[2018.12.18-02.59.26:005][  0]LogFileCache: Scanning file cache for directory 'C:/Users/Alex/Documents/Unreal Projects/BodyTech 4.21/Content/Collections/' took 0.00s
[2018.12.18-02.59.26:005][  0]LogCollectionManager: Rebuilt the GUID cache for 0 collections in 0.000000 seconds
[2018.12.18-02.59.26:019][  0]LogContentBrowser: Native class hierarchy populated in 0.0131 seconds. Added 2665 classes and 626 folders.
[2018.12.18-02.59.26:028][  0]LogContentBrowser: Native class hierarchy updated for 'WidgetCarousel' in 0.0004 seconds. Added 0 classes and 0 folders.
[2018.12.18-02.59.26:094][  0]LogPakFile: Registered encryption key '00000000000000000000000000000000': 0 pak files mounted, 0 remain pending
[2018.12.18-02.59.26:156][  0]LogPakFile: Registered encryption key '00000000000000000000000000000000': 0 pak files mounted, 0 remain pending
[2018.12.18-02.59.26:213][  0]LogPakFile: Registered encryption key '00000000000000000000000000000000': 0 pak files mounted, 0 remain pending
[2018.12.18-02.59.26:262][  0]LogPakFile: Registered encryption key '00000000000000000000000000000000': 0 pak files mounted, 0 remain pending
[2018.12.18-02.59.26:321][  0]LogPakFile: Registered encryption key '00000000000000000000000000000000': 0 pak files mounted, 0 remain pending
[2018.12.18-02.59.26:356][  0]LogPakFile: Registered encryption key '00000000000000000000000000000000': 0 pak files mounted, 0 remain pending
[2018.12.18-02.59.26:394][  0]LogPakFile: Registered encryption key '00000000000000000000000000000000': 0 pak files mounted, 0 remain pending
[2018.12.18-02.59.26:444][  0]LogPakFile: Registered encryption key '00000000000000000000000000000000': 0 pak files mounted, 0 remain pending
[2018.12.18-02.59.26:475][  0]LogPakFile: Registered encryption key '00000000000000000000000000000000': 0 pak files mounted, 0 remain pending
[2018.12.18-02.59.26:533][  0]LogPakFile: Registered encryption key '00000000000000000000000000000000': 0 pak files mounted, 0 remain pending
[2018.12.18-02.59.26:569][  0]LogPakFile: Registered encryption key '00000000000000000000000000000000': 0 pak files mounted, 0 remain pending
[2018.12.18-02.59.26:590][  0]LogPakFile: Registered encryption key '00000000000000000000000000000000': 0 pak files mounted, 0 remain pending
[2018.12.18-02.59.26:657][  0]LogPakFile: Registered encryption key '00000000000000000000000000000000': 0 pak files mounted, 0 remain pending
[2018.12.18-02.59.26:714][  0]LogPakFile: Registered encryption key '00000000000000000000000000000000': 0 pak files mounted, 0 remain pending
[2018.12.18-02.59.26:766][  0]LogPakFile: Registered encryption key '00000000000000000000000000000000': 0 pak files mounted, 0 remain pending
[2018.12.18-02.59.26:817][  0]LogPakFile: Registered encryption key '00000000000000000000000000000000': 0 pak files mounted, 0 remain pending
[2018.12.18-02.59.26:920][  0]LogPakFile: Registered encryption key '00000000000000000000000000000000': 0 pak files mounted, 0 remain pending
[2018.12.18-02.59.26:954][  0]LogPakFile: Registered encryption key '00000000000000000000000000000000': 0 pak files mounted, 0 remain pending
[2018.12.18-02.59.26:994][  0]LogPakFile: Registered encryption key '00000000000000000000000000000000': 0 pak files mounted, 0 remain pending
[2018.12.18-02.59.27:039][  0]LogPakFile: Registered encryption key '00000000000000000000000000000000': 0 pak files mounted, 0 remain pending
[2018.12.18-02.59.27:155][  0]LogPakFile: Registered encryption key '00000000000000000000000000000000': 0 pak files mounted, 0 remain pending
[2018.12.18-02.59.27:189][  0]LogPakFile: Registered encryption key '00000000000000000000000000000000': 0 pak files mounted, 0 remain pending
[2018.12.18-02.59.27:226][  0]LogPakFile: Registered encryption key '00000000000000000000000000000000': 0 pak files mounted, 0 remain pending
[2018.12.18-02.59.27:287][  0]LogPakFile: Registered encryption key '00000000000000000000000000000000': 0 pak files mounted, 0 remain pending
[2018.12.18-02.59.27:320][  0]LogPakFile: Registered encryption key '00000000000000000000000000000000': 0 pak files mounted, 0 remain pending
[2018.12.18-02.59.27:361][  0]LogShaderCompilers: Display: Shaders left to compile 475
[2018.12.18-02.59.27:361][  0]LogPakFile: Registered encryption key '00000000000000000000000000000000': 0 pak files mounted, 0 remain pending
[2018.12.18-02.59.28:460][  0]LogContentBrowser: Native class hierarchy updated for 'AddContentDialog' in 0.0004 seconds. Added 0 classes and 0 folders.
[2018.12.18-02.59.28:526][  0]LogContentBrowser: Native class hierarchy updated for 'SceneOutliner' in 0.0004 seconds. Added 1 classes and 2 folders.
[2018.12.18-02.59.28:673][  0]LogContentBrowser: Native class hierarchy updated for 'WorldBrowser' in 0.0004 seconds. Added 2 classes and 3 folders.
[2018.12.18-02.59.28:885][  0]LogSlate: Took 0.030298 seconds to synchronously load lazily loaded font '../../../Engine/Content/Slate/Fonts/Roboto-Regular.ttf' (155K)
[2018.12.18-02.59.28:940][  0]LogSlate: Took 0.051924 seconds to synchronously load lazily loaded font '../../../Engine/Content/Slate/Fonts/Roboto-Bold.ttf' (160K)
[2018.12.18-02.59.28:996][  0]LogSlate: Took 0.046552 seconds to synchronously load lazily loaded font '../../../Engine/Content/Editor/Slate/Fonts/FontAwesome.ttf' (139K)
[2018.12.18-02.59.29:277][  0]LogMaterial: Display: Missing cached shader map for material LevelGridMaterial2, compiling. 
[2018.12.18-02.59.29:333][  0]LogRenderer: Reallocating scene render targets to support 1208x580 Format 10 NumSamples 1 (Frame:1).
[2018.12.18-02.59.29:733][  0]LogShaderCompilers: Display: Shaders left to compile 481
[2018.12.18-02.59.29:787][  0]LogContentBrowser: Native class hierarchy updated for 'HierarchicalLODOutliner' in 0.0004 seconds. Added 0 classes and 0 folders.
[2018.12.18-02.59.29:788][  0]LogLoad: (Engine Initialization) Total time: 160.23 seconds
[2018.12.18-02.59.29:788][  0]LogLoad: (Engine Initialization) Total Blueprint compile time: 0.00 seconds
[2018.12.18-02.59.29:891][  0]LogContentStreaming: Texture pool size now 1000 MB
[2018.12.18-02.59.29:996][  0]LogShaderCompilers: Display: Shaders left to compile 471
[2018.12.18-02.59.29:996][  0]LogSlate: Took 0.042175 seconds to synchronously load lazily loaded font '../../../Engine/Content/Slate/Fonts/Roboto-Light.ttf' (167K)
[2018.12.18-02.59.30:011][  1]LogSubstanceLiveLink: Warning: Unable to send data along socket, closing connection
[2018.12.18-02.59.30:956][  6]LogAssetRegistry: Asset discovery search completed in 101.9008 seconds
[2018.12.18-02.59.30:959][  6]LogCollectionManager: Rebuilt the object cache for 0 collections in 0.000001 seconds (found 0 objects)
[2018.12.18-02.59.30:959][  6]LogCollectionManager: Fixed up redirectors for 0 collections in 0.000134 seconds (updated 0 objects)
[2018.12.18-02.59.32:037][ 43]LogShaderCompilers: Display: Shaders left to compile 461
[2018.12.18-02.59.32:804][ 73]LogShaderCompilers: Display: Shaders left to compile 451
[2018.12.18-02.59.34:256][126]LogShaderCompilers: Display: Shaders left to compile 441
[2018.12.18-02.59.36:640][190]LogShaderCompilers: Display: Shaders left to compile 431
[2018.12.18-02.59.37:590][212]LogShaderCompilers: Display: Shaders left to compile 421
[2018.12.18-02.59.38:090][224]LogShaderCompilers: Display: Shaders left to compile 411
[2018.12.18-02.59.40:050][275]LogShaderCompilers: Display: Shaders left to compile 401
[2018.12.18-02.59.41:561][301]LogShaderCompilers: Display: Shaders left to compile 391
[2018.12.18-02.59.42:357][337]LogShaderCompilers: Display: Shaders left to compile 381
[2018.12.18-02.59.44:482][403]LogShaderCompilers: Display: Shaders left to compile 371
[2018.12.18-02.59.44:832][411]LogShaderCompilers: Display: Shaders left to compile 361
